2024-03-22 01:37:48 [http-nio-8888-exec-8] INFO  o.s.c.c.s.e.NativeEnvironmentRepository - Adding property source: Config resource 'file [/Users/philipheur/practice/gradle/HShop/config-repo/user-service.yml]' via location 'file:///Users/philipheur/practice/gradle/HShop/config-repo/'
2024-03-22 01:37:48 [http-nio-8888-exec-8] INFO  o.s.c.c.s.e.NativeEnvironmentRepository - Adding property source: Config resource 'file [/Users/philipheur/practice/gradle/HShop/config-repo/application.yml]' via location 'file:///Users/philipheur/practice/gradle/HShop/config-repo/'
2024-03-22 01:51:08 [SpringApplicationShutdownHook] INFO  o.s.a.r.l.SimpleMessageListenerContainer - Waiting for workers to finish.
2024-03-22 01:51:08 [SpringApplicationShutdownHook] INFO  o.s.a.r.l.SimpleMessageListenerContainer - Successfully waited for workers to finish.
2024-03-22 01:51:08 [SpringApplicationShutdownHook] INFO  o.s.i.a.i.AmqpInboundChannelAdapter - stopped bean 'inbound.springCloudBus.anonymous.jFPMMCbIRnC5LgZW8b7tzg'
2024-03-22 01:51:08 [SpringApplicationShutdownHook] INFO  o.s.c.s.binder.BinderErrorChannel - Channel 'configserver.rabbit-1228034255.springCloudBusInput.errors' has 1 subscriber(s).
2024-03-22 01:51:08 [SpringApplicationShutdownHook] INFO  o.s.i.endpoint.EventDrivenConsumer - Removing {logging-channel-adapter:_org.springframework.integration.errorLogger} as a subscriber to the 'errorChannel' channel
2024-03-22 01:51:08 [SpringApplicationShutdownHook] INFO  o.s.i.c.PublishSubscribeChannel - Channel 'configserver.errorChannel' has 0 subscriber(s).
2024-03-22 01:51:08 [SpringApplicationShutdownHook] INFO  o.s.i.endpoint.EventDrivenConsumer - stopped bean '_org.springframework.integration.errorLogger'
2024-03-22 23:16:10 [background-preinit] INFO  o.h.validator.internal.util.Version - HV000001: Hibernate Validator 8.0.1.Final
2024-03-22 23:16:10 [main] INFO  n.p.h.configserver.ConfigServerKt - Starting ConfigServerKt using Java 17.0.10 with PID 3983 (/Volumes/mac-mini-ext/practice/gradle/HShop/config-server/build/classes/kotlin/main started by philipheur in /Volumes/mac-mini-ext/practice/gradle/HShop)
2024-03-22 23:16:10 [main] INFO  n.p.h.configserver.ConfigServerKt - The following 1 profile is active: "native"
2024-03-22 23:16:11 [main] INFO  o.s.i.c.DefaultConfiguringBeanFactoryPostProcessor - No bean named 'errorChannel' has been explicitly defined. Therefore, a default PublishSubscribeChannel will be created.
2024-03-22 23:16:11 [main] INFO  o.s.i.c.DefaultConfiguringBeanFactoryPostProcessor - No bean named 'integrationHeaderChannelRegistry' has been explicitly defined. Therefore, a default DefaultHeaderChannelRegistry will be created.
2024-03-22 23:16:11 [main] INFO  o.s.cloud.context.scope.GenericScope - BeanFactory id=68d1ae5d-d69d-3db6-9bb2-3460219a38b0
2024-03-22 23:16:11 [main] INFO  o.s.b.w.e.tomcat.TomcatWebServer - Tomcat initialized with port 8888 (http)
2024-03-22 23:16:11 [main] INFO  o.a.coyote.http11.Http11NioProtocol - Initializing ProtocolHandler ["http-nio-8888"]
2024-03-22 23:16:11 [main] INFO  o.a.catalina.core.StandardService - Starting service [Tomcat]
2024-03-22 23:16:11 [main] INFO  o.a.catalina.core.StandardEngine - Starting Servlet engine: [Apache Tomcat/10.1.19]
2024-03-22 23:16:11 [main] INFO  o.a.c.c.C.[Tomcat].[localhost].[/] - Initializing Spring embedded WebApplicationContext
2024-03-22 23:16:11 [main] INFO  o.s.b.w.s.c.ServletWebServerApplicationContext - Root WebApplicationContext: initialization completed in 1374 ms
2024-03-22 23:16:12 [main] INFO  o.s.b.a.e.web.EndpointLinksResolver - Exposing 2 endpoint(s) beneath base path '/actuator'
2024-03-22 23:16:12 [main] INFO  o.s.s.web.DefaultSecurityFilterChain - Will secure any request with [org.springframework.security.web.session.DisableEncodeUrlFilter@26c6288d, org.springframework.security.web.context.request.async.WebAsyncManagerIntegrationFilter@57bd9c2b, org.springframework.security.web.context.SecurityContextHolderFilter@c87787d, org.springframework.security.web.header.HeaderWriterFilter@321c2a7, org.springframework.web.filter.CorsFilter@644b68ad, org.springframework.security.web.authentication.logout.LogoutFilter@4cd8db31, org.springframework.security.web.authentication.www.BasicAuthenticationFilter@35d88a54, org.springframework.security.web.savedrequest.RequestCacheAwareFilter@31433df9, org.springframework.security.web.servletapi.SecurityContextHolderAwareRequestFilter@2d4a0671, org.springframework.security.web.authentication.AnonymousAuthenticationFilter@1939a394, org.springframework.security.web.access.ExceptionTranslationFilter@5b5b8730, org.springframework.security.web.access.intercept.AuthorizationFilter@460e5ffe]
2024-03-22 23:16:12 [main] WARN  o.s.b.a.t.ThymeleafAutoConfiguration$DefaultTemplateResolverConfiguration - Cannot find template location: classpath:/templates/ (please add some templates, check your Thymeleaf configuration, or set spring.thymeleaf.check-template-location=false)
2024-03-22 23:16:12 [main] INFO  o.s.c.s.m.DirectWithAttributesChannel - Channel 'configserver.springCloudBusInput' has 1 subscriber(s).
2024-03-22 23:16:13 [main] INFO  o.s.i.endpoint.EventDrivenConsumer - Adding {logging-channel-adapter:_org.springframework.integration.errorLogger} as a subscriber to the 'errorChannel' channel
2024-03-22 23:16:13 [main] INFO  o.s.i.c.PublishSubscribeChannel - Channel 'configserver.errorChannel' has 1 subscriber(s).
2024-03-22 23:16:13 [main] INFO  o.s.i.endpoint.EventDrivenConsumer - started bean '_org.springframework.integration.errorLogger'
2024-03-22 23:16:13 [main] INFO  o.a.coyote.http11.Http11NioProtocol - Starting ProtocolHandler ["http-nio-8888"]
2024-03-22 23:16:13 [main] INFO  o.s.b.w.e.tomcat.TomcatWebServer - Tomcat started on port 8888 (http) with context path ''
2024-03-22 23:16:13 [main] INFO  o.s.c.s.binder.DefaultBinderFactory - Creating binder: rabbit
2024-03-22 23:16:13 [main] INFO  o.s.c.s.binder.DefaultBinderFactory - Constructing binder child context for rabbit
2024-03-22 23:16:13 [main] INFO  o.s.c.s.binder.DefaultBinderFactory - Caching the binder: rabbit
2024-03-22 23:16:13 [main] INFO  o.s.c.s.b.r.p.RabbitExchangeQueueProvisioner - declaring queue for inbound: springCloudBus.anonymous.mzIUsVAfTpeewqjOiKgO7w, bound to: springCloudBus
2024-03-22 23:16:13 [main] INFO  o.s.a.r.c.CachingConnectionFactory - Attempting to connect to: [192.168.50.141:5672]
2024-03-22 23:16:13 [main] INFO  o.s.a.r.c.CachingConnectionFactory - Created new connection: rabbitConnectionFactory#3ba1f56e:0/SimpleConnection@400d1c30 [delegate=amqp://guest@192.168.50.141:5672/, localPort=65404]
2024-03-22 23:16:13 [main] INFO  o.s.c.s.binder.BinderErrorChannel - Channel 'rabbit-993671826.springCloudBusInput.errors' has 1 subscriber(s).
2024-03-22 23:16:13 [main] INFO  o.s.c.s.binder.BinderErrorChannel - Channel 'rabbit-993671826.springCloudBusInput.errors' has 2 subscriber(s).
2024-03-22 23:16:13 [main] INFO  o.s.i.a.i.AmqpInboundChannelAdapter - started bean 'inbound.springCloudBus.anonymous.mzIUsVAfTpeewqjOiKgO7w'
2024-03-22 23:16:13 [main] INFO  n.p.h.configserver.ConfigServerKt - Started ConfigServerKt in 3.276 seconds (process running for 3.863)
2024-03-22 23:16:16 [SpringApplicationShutdownHook] INFO  o.s.a.r.l.SimpleMessageListenerContainer - Waiting for workers to finish.
2024-03-22 23:16:16 [SpringApplicationShutdownHook] INFO  o.s.a.r.l.SimpleMessageListenerContainer - Successfully waited for workers to finish.
2024-03-22 23:16:16 [SpringApplicationShutdownHook] INFO  o.s.i.a.i.AmqpInboundChannelAdapter - stopped bean 'inbound.springCloudBus.anonymous.mzIUsVAfTpeewqjOiKgO7w'
2024-03-22 23:16:16 [SpringApplicationShutdownHook] INFO  o.s.c.s.binder.BinderErrorChannel - Channel 'configserver.rabbit-993671826.springCloudBusInput.errors' has 1 subscriber(s).
2024-03-22 23:16:16 [SpringApplicationShutdownHook] INFO  o.s.i.endpoint.EventDrivenConsumer - Removing {logging-channel-adapter:_org.springframework.integration.errorLogger} as a subscriber to the 'errorChannel' channel
2024-03-22 23:16:16 [SpringApplicationShutdownHook] INFO  o.s.i.c.PublishSubscribeChannel - Channel 'configserver.errorChannel' has 0 subscriber(s).
2024-03-22 23:16:16 [SpringApplicationShutdownHook] INFO  o.s.i.endpoint.EventDrivenConsumer - stopped bean '_org.springframework.integration.errorLogger'
2024-03-22 23:33:47 [background-preinit] INFO  o.h.validator.internal.util.Version - HV000001: Hibernate Validator 8.0.1.Final
2024-03-22 23:33:47 [main] INFO  n.p.h.configserver.ConfigServerKt - Starting ConfigServerKt using Java 17.0.10 with PID 5660 (/Volumes/mac-mini-ext/practice/gradle/HShop/config-server/build/classes/kotlin/main started by philipheur in /Volumes/mac-mini-ext/practice/gradle/HShop)
2024-03-22 23:33:47 [main] INFO  n.p.h.configserver.ConfigServerKt - The following 1 profile is active: "native"
2024-03-22 23:33:48 [main] INFO  o.s.i.c.DefaultConfiguringBeanFactoryPostProcessor - No bean named 'errorChannel' has been explicitly defined. Therefore, a default PublishSubscribeChannel will be created.
2024-03-22 23:33:48 [main] INFO  o.s.i.c.DefaultConfiguringBeanFactoryPostProcessor - No bean named 'integrationHeaderChannelRegistry' has been explicitly defined. Therefore, a default DefaultHeaderChannelRegistry will be created.
2024-03-22 23:33:48 [main] INFO  o.s.cloud.context.scope.GenericScope - BeanFactory id=68d1ae5d-d69d-3db6-9bb2-3460219a38b0
2024-03-22 23:33:49 [main] INFO  o.s.b.w.e.tomcat.TomcatWebServer - Tomcat initialized with port 8888 (http)
2024-03-22 23:33:49 [main] INFO  o.a.coyote.http11.Http11NioProtocol - Initializing ProtocolHandler ["http-nio-8888"]
2024-03-22 23:33:49 [main] INFO  o.a.catalina.core.StandardService - Starting service [Tomcat]
2024-03-22 23:33:49 [main] INFO  o.a.catalina.core.StandardEngine - Starting Servlet engine: [Apache Tomcat/10.1.19]
2024-03-22 23:33:49 [main] INFO  o.a.c.c.C.[Tomcat].[localhost].[/] - Initializing Spring embedded WebApplicationContext
2024-03-22 23:33:49 [main] INFO  o.s.b.w.s.c.ServletWebServerApplicationContext - Root WebApplicationContext: initialization completed in 1355 ms
2024-03-22 23:33:49 [main] INFO  o.s.b.a.e.web.EndpointLinksResolver - Exposing 2 endpoint(s) beneath base path '/actuator'
2024-03-22 23:33:49 [main] INFO  o.s.s.web.DefaultSecurityFilterChain - Will secure any request with [org.springframework.security.web.session.DisableEncodeUrlFilter@3d4818e8, org.springframework.security.web.context.request.async.WebAsyncManagerIntegrationFilter@26c6288d, org.springframework.security.web.context.SecurityContextHolderFilter@13d1f898, org.springframework.security.web.header.HeaderWriterFilter@93fb44, org.springframework.web.filter.CorsFilter@57bd9c2b, org.springframework.security.web.authentication.logout.LogoutFilter@25ea068e, org.springframework.security.web.authentication.www.BasicAuthenticationFilter@2986427e, org.springframework.security.web.savedrequest.RequestCacheAwareFilter@1bea7b0, org.springframework.security.web.servletapi.SecurityContextHolderAwareRequestFilter@31433df9, org.springframework.security.web.authentication.AnonymousAuthenticationFilter@644b68ad, org.springframework.security.web.access.ExceptionTranslationFilter@683fe7b5, org.springframework.security.web.access.intercept.AuthorizationFilter@a240452]
2024-03-22 23:33:49 [main] WARN  o.s.b.a.t.ThymeleafAutoConfiguration$DefaultTemplateResolverConfiguration - Cannot find template location: classpath:/templates/ (please add some templates, check your Thymeleaf configuration, or set spring.thymeleaf.check-template-location=false)
2024-03-22 23:33:50 [main] INFO  o.s.c.s.m.DirectWithAttributesChannel - Channel 'configserver.springCloudBusInput' has 1 subscriber(s).
2024-03-22 23:33:50 [main] INFO  o.s.i.endpoint.EventDrivenConsumer - Adding {logging-channel-adapter:_org.springframework.integration.errorLogger} as a subscriber to the 'errorChannel' channel
2024-03-22 23:33:50 [main] INFO  o.s.i.c.PublishSubscribeChannel - Channel 'configserver.errorChannel' has 1 subscriber(s).
2024-03-22 23:33:50 [main] INFO  o.s.i.endpoint.EventDrivenConsumer - started bean '_org.springframework.integration.errorLogger'
2024-03-22 23:33:50 [main] INFO  o.a.coyote.http11.Http11NioProtocol - Starting ProtocolHandler ["http-nio-8888"]
2024-03-22 23:33:50 [main] INFO  o.s.b.w.e.tomcat.TomcatWebServer - Tomcat started on port 8888 (http) with context path ''
2024-03-22 23:33:50 [main] INFO  o.s.c.s.binder.DefaultBinderFactory - Creating binder: rabbit
2024-03-22 23:33:50 [main] INFO  o.s.c.s.binder.DefaultBinderFactory - Constructing binder child context for rabbit
2024-03-22 23:33:50 [main] INFO  o.s.c.s.binder.DefaultBinderFactory - Caching the binder: rabbit
2024-03-22 23:33:50 [main] INFO  o.s.c.s.b.r.p.RabbitExchangeQueueProvisioner - declaring queue for inbound: springCloudBus.anonymous.5SQhZ3kNTyuwx1Hc4bHXkQ, bound to: springCloudBus
2024-03-22 23:33:50 [main] INFO  o.s.a.r.c.CachingConnectionFactory - Attempting to connect to: [192.168.50.141:5672]
2024-03-22 23:33:50 [main] INFO  o.s.a.r.c.CachingConnectionFactory - Created new connection: rabbitConnectionFactory#5f4e389a:0/SimpleConnection@5bfdabf3 [delegate=amqp://guest@192.168.50.141:5672/, localPort=57611]
2024-03-22 23:33:50 [main] INFO  o.s.c.s.binder.BinderErrorChannel - Channel 'rabbit-1107909014.springCloudBusInput.errors' has 1 subscriber(s).
2024-03-22 23:33:50 [main] INFO  o.s.c.s.binder.BinderErrorChannel - Channel 'rabbit-1107909014.springCloudBusInput.errors' has 2 subscriber(s).
2024-03-22 23:33:50 [main] INFO  o.s.i.a.i.AmqpInboundChannelAdapter - started bean 'inbound.springCloudBus.anonymous.5SQhZ3kNTyuwx1Hc4bHXkQ'
2024-03-22 23:33:50 [main] INFO  n.p.h.configserver.ConfigServerKt - Started ConfigServerKt in 3.009 seconds (process running for 3.505)
2024-03-22 23:39:53 [SpringApplicationShutdownHook] INFO  o.s.a.r.l.SimpleMessageListenerContainer - Waiting for workers to finish.
2024-03-22 23:39:54 [SpringApplicationShutdownHook] INFO  o.s.a.r.l.SimpleMessageListenerContainer - Successfully waited for workers to finish.
2024-03-22 23:39:54 [SpringApplicationShutdownHook] INFO  o.s.i.a.i.AmqpInboundChannelAdapter - stopped bean 'inbound.springCloudBus.anonymous.5SQhZ3kNTyuwx1Hc4bHXkQ'
2024-03-22 23:39:54 [SpringApplicationShutdownHook] INFO  o.s.c.s.binder.BinderErrorChannel - Channel 'configserver.rabbit-1107909014.springCloudBusInput.errors' has 1 subscriber(s).
2024-03-22 23:39:54 [SpringApplicationShutdownHook] INFO  o.s.i.endpoint.EventDrivenConsumer - Removing {logging-channel-adapter:_org.springframework.integration.errorLogger} as a subscriber to the 'errorChannel' channel
2024-03-22 23:39:54 [SpringApplicationShutdownHook] INFO  o.s.i.c.PublishSubscribeChannel - Channel 'configserver.errorChannel' has 0 subscriber(s).
2024-03-22 23:39:54 [SpringApplicationShutdownHook] INFO  o.s.i.endpoint.EventDrivenConsumer - stopped bean '_org.springframework.integration.errorLogger'
