2024-03-13 00:29:16 [SpringApplicationShutdownHook] INFO  o.s.a.r.l.SimpleMessageListenerContainer - Waiting for workers to finish.
2024-03-13 00:29:17 [SpringApplicationShutdownHook] INFO  o.s.a.r.l.SimpleMessageListenerContainer - Successfully waited for workers to finish.
2024-03-13 00:29:17 [SpringApplicationShutdownHook] INFO  o.s.i.a.i.AmqpInboundChannelAdapter - stopped bean 'inbound.springCloudBus.anonymous.ycca2RkFQI-hBiRZ9KWpUg'
2024-03-13 00:29:17 [SpringApplicationShutdownHook] INFO  o.s.c.s.binder.BinderErrorChannel - Channel 'configserver.rabbit-111768855.springCloudBusInput.errors' has 1 subscriber(s).
2024-03-13 00:29:17 [SpringApplicationShutdownHook] INFO  o.s.i.endpoint.EventDrivenConsumer - Removing {logging-channel-adapter:_org.springframework.integration.errorLogger} as a subscriber to the 'errorChannel' channel
2024-03-13 00:29:17 [SpringApplicationShutdownHook] INFO  o.s.i.c.PublishSubscribeChannel - Channel 'configserver.errorChannel' has 0 subscriber(s).
2024-03-13 00:29:17 [SpringApplicationShutdownHook] INFO  o.s.i.endpoint.EventDrivenConsumer - stopped bean '_org.springframework.integration.errorLogger'
2024-03-13 11:40:20 [background-preinit] INFO  o.h.validator.internal.util.Version - HV000001: Hibernate Validator 8.0.1.Final
2024-03-13 11:40:20 [main] INFO  n.p.h.configserver.ConfigServerKt - Starting ConfigServerKt using Java 17.0.10 with PID 3872 (/Volumes/mac-mini-ext/practice/gradle/HShop/config-server/build/classes/kotlin/main started by philipheur in /Volumes/mac-mini-ext/practice/gradle/HShop)
2024-03-13 11:40:20 [main] INFO  n.p.h.configserver.ConfigServerKt - The following 1 profile is active: "native"
2024-03-13 11:40:21 [main] INFO  o.s.i.c.DefaultConfiguringBeanFactoryPostProcessor - No bean named 'errorChannel' has been explicitly defined. Therefore, a default PublishSubscribeChannel will be created.
2024-03-13 11:40:21 [main] INFO  o.s.i.c.DefaultConfiguringBeanFactoryPostProcessor - No bean named 'integrationHeaderChannelRegistry' has been explicitly defined. Therefore, a default DefaultHeaderChannelRegistry will be created.
2024-03-13 11:40:21 [main] INFO  o.s.cloud.context.scope.GenericScope - BeanFactory id=c6e2715d-728b-38fa-b0e5-14bdabfe9feb
2024-03-13 11:40:21 [main] INFO  o.s.b.w.e.tomcat.TomcatWebServer - Tomcat initialized with port 8888 (http)
2024-03-13 11:40:21 [main] INFO  o.a.coyote.http11.Http11NioProtocol - Initializing ProtocolHandler ["http-nio-8888"]
2024-03-13 11:40:21 [main] INFO  o.a.catalina.core.StandardService - Starting service [Tomcat]
2024-03-13 11:40:21 [main] INFO  o.a.catalina.core.StandardEngine - Starting Servlet engine: [Apache Tomcat/10.1.19]
2024-03-13 11:40:21 [main] INFO  o.a.c.c.C.[Tomcat].[localhost].[/] - Initializing Spring embedded WebApplicationContext
2024-03-13 11:40:21 [main] INFO  o.s.b.w.s.c.ServletWebServerApplicationContext - Root WebApplicationContext: initialization completed in 1074 ms
2024-03-13 11:40:22 [main] INFO  o.s.s.web.DefaultSecurityFilterChain - Will secure any request with [org.springframework.security.web.session.DisableEncodeUrlFilter@f9a5e3f, org.springframework.security.web.context.request.async.WebAsyncManagerIntegrationFilter@4aac81ca, org.springframework.security.web.context.SecurityContextHolderFilter@6076c66, org.springframework.security.web.header.HeaderWriterFilter@2f99d8c, org.springframework.web.filter.CorsFilter@393ae7a0, org.springframework.security.web.authentication.logout.LogoutFilter@214fba74, org.springframework.security.web.authentication.www.BasicAuthenticationFilter@365e65bb, org.springframework.security.web.savedrequest.RequestCacheAwareFilter@1224e1b6, org.springframework.security.web.servletapi.SecurityContextHolderAwareRequestFilter@72a3462f, org.springframework.security.web.authentication.AnonymousAuthenticationFilter@63326a3a, org.springframework.security.web.access.ExceptionTranslationFilter@5c1c9881, org.springframework.security.web.access.intercept.AuthorizationFilter@56266bda]
2024-03-13 11:40:22 [main] WARN  o.s.b.a.t.ThymeleafAutoConfiguration$DefaultTemplateResolverConfiguration - Cannot find template location: classpath:/templates/ (please add some templates, check your Thymeleaf configuration, or set spring.thymeleaf.check-template-location=false)
2024-03-13 11:40:22 [main] INFO  o.s.c.s.m.DirectWithAttributesChannel - Channel 'configserver.springCloudBusInput' has 1 subscriber(s).
2024-03-13 11:40:22 [main] INFO  o.s.i.endpoint.EventDrivenConsumer - Adding {logging-channel-adapter:_org.springframework.integration.errorLogger} as a subscriber to the 'errorChannel' channel
2024-03-13 11:40:22 [main] INFO  o.s.i.c.PublishSubscribeChannel - Channel 'configserver.errorChannel' has 1 subscriber(s).
2024-03-13 11:40:22 [main] INFO  o.s.i.endpoint.EventDrivenConsumer - started bean '_org.springframework.integration.errorLogger'
2024-03-13 11:40:22 [main] INFO  o.a.coyote.http11.Http11NioProtocol - Starting ProtocolHandler ["http-nio-8888"]
2024-03-13 11:40:22 [main] INFO  o.s.b.w.e.tomcat.TomcatWebServer - Tomcat started on port 8888 (http) with context path ''
2024-03-13 11:40:22 [main] INFO  o.s.c.s.binder.DefaultBinderFactory - Creating binder: rabbit
2024-03-13 11:40:22 [main] INFO  o.s.c.s.binder.DefaultBinderFactory - Constructing binder child context for rabbit
2024-03-13 11:40:22 [main] INFO  o.s.c.s.binder.DefaultBinderFactory - Caching the binder: rabbit
2024-03-13 11:40:22 [main] INFO  o.s.c.s.b.r.p.RabbitExchangeQueueProvisioner - declaring queue for inbound: springCloudBus.anonymous.whyE0MuIQqO2yDuGeMsmrw, bound to: springCloudBus
2024-03-13 11:40:22 [main] INFO  o.s.a.r.c.CachingConnectionFactory - Attempting to connect to: [192.168.50.141:5672]
2024-03-13 11:40:22 [main] INFO  o.s.a.r.c.CachingConnectionFactory - Created new connection: rabbitConnectionFactory#3be46d9c:0/SimpleConnection@1610c03c [delegate=amqp://guest@192.168.50.141:5672/, localPort=61594]
2024-03-13 11:40:22 [main] INFO  o.s.c.s.binder.BinderErrorChannel - Channel 'rabbit-68600240.springCloudBusInput.errors' has 1 subscriber(s).
2024-03-13 11:40:22 [main] INFO  o.s.c.s.binder.BinderErrorChannel - Channel 'rabbit-68600240.springCloudBusInput.errors' has 2 subscriber(s).
2024-03-13 11:40:22 [main] INFO  o.s.i.a.i.AmqpInboundChannelAdapter - started bean 'inbound.springCloudBus.anonymous.whyE0MuIQqO2yDuGeMsmrw'
2024-03-13 11:40:22 [main] INFO  n.p.h.configserver.ConfigServerKt - Started ConfigServerKt in 2.594 seconds (process running for 3.097)
2024-03-13 11:40:29 [http-nio-8888-exec-1] INFO  o.a.c.c.C.[Tomcat].[localhost].[/] - Initializing Spring DispatcherServlet 'dispatcherServlet'
2024-03-13 11:40:29 [http-nio-8888-exec-1] INFO  o.s.web.servlet.DispatcherServlet - Initializing Servlet 'dispatcherServlet'
2024-03-13 11:40:29 [http-nio-8888-exec-1] INFO  o.s.web.servlet.DispatcherServlet - Completed initialization in 1 ms
2024-03-13 11:40:29 [http-nio-8888-exec-1] INFO  o.s.c.c.s.e.NativeEnvironmentRepository - Adding property source: Config resource 'file [/Users/philipheur/practice/gradle/HShop/config-repo/gateway-service.yml]' via location 'file:///Users/philipheur/practice/gradle/HShop/config-repo/'
2024-03-13 11:40:29 [http-nio-8888-exec-1] INFO  o.s.c.c.s.e.NativeEnvironmentRepository - Adding property source: Config resource 'file [/Users/philipheur/practice/gradle/HShop/config-repo/application.yml]' via location 'file:///Users/philipheur/practice/gradle/HShop/config-repo/'
2024-03-13 11:40:50 [http-nio-8888-exec-2] INFO  o.s.c.c.s.e.NativeEnvironmentRepository - Adding property source: Config resource 'file [/Users/philipheur/practice/gradle/HShop/config-repo/user-service.yml]' via location 'file:///Users/philipheur/practice/gradle/HShop/config-repo/'
2024-03-13 11:40:50 [http-nio-8888-exec-2] INFO  o.s.c.c.s.e.NativeEnvironmentRepository - Adding property source: Config resource 'file [/Users/philipheur/practice/gradle/HShop/config-repo/application.yml]' via location 'file:///Users/philipheur/practice/gradle/HShop/config-repo/'
2024-03-13 11:41:03 [http-nio-8888-exec-3] INFO  o.s.c.c.s.e.NativeEnvironmentRepository - Adding property source: Config resource 'file [/Users/philipheur/practice/gradle/HShop/config-repo/catalog-service.yml]' via location 'file:///Users/philipheur/practice/gradle/HShop/config-repo/'
2024-03-13 11:41:03 [http-nio-8888-exec-3] INFO  o.s.c.c.s.e.NativeEnvironmentRepository - Adding property source: Config resource 'file [/Users/philipheur/practice/gradle/HShop/config-repo/application.yml]' via location 'file:///Users/philipheur/practice/gradle/HShop/config-repo/'
2024-03-13 14:20:20 [http-nio-8888-exec-7] INFO  o.s.c.c.s.e.NativeEnvironmentRepository - Adding property source: Config resource 'file [/Users/philipheur/practice/gradle/HShop/config-repo/gateway-service.yml]' via location 'file:///Users/philipheur/practice/gradle/HShop/config-repo/'
2024-03-13 14:20:20 [http-nio-8888-exec-7] INFO  o.s.c.c.s.e.NativeEnvironmentRepository - Adding property source: Config resource 'file [/Users/philipheur/practice/gradle/HShop/config-repo/application.yml]' via location 'file:///Users/philipheur/practice/gradle/HShop/config-repo/'
2024-03-13 14:20:26 [http-nio-8888-exec-8] INFO  o.s.c.c.s.e.NativeEnvironmentRepository - Adding property source: Config resource 'file [/Users/philipheur/practice/gradle/HShop/config-repo/gateway-service.yml]' via location 'file:///Users/philipheur/practice/gradle/HShop/config-repo/'
2024-03-13 14:20:26 [http-nio-8888-exec-8] INFO  o.s.c.c.s.e.NativeEnvironmentRepository - Adding property source: Config resource 'file [/Users/philipheur/practice/gradle/HShop/config-repo/application.yml]' via location 'file:///Users/philipheur/practice/gradle/HShop/config-repo/'
2024-03-13 14:20:58 [http-nio-8888-exec-9] INFO  o.s.c.c.s.e.NativeEnvironmentRepository - Adding property source: Config resource 'file [/Users/philipheur/practice/gradle/HShop/config-repo/gateway-service.yml]' via location 'file:///Users/philipheur/practice/gradle/HShop/config-repo/'
2024-03-13 14:20:58 [http-nio-8888-exec-9] INFO  o.s.c.c.s.e.NativeEnvironmentRepository - Adding property source: Config resource 'file [/Users/philipheur/practice/gradle/HShop/config-repo/application.yml]' via location 'file:///Users/philipheur/practice/gradle/HShop/config-repo/'
2024-03-13 14:24:28 [http-nio-8888-exec-1] INFO  o.s.c.c.s.e.NativeEnvironmentRepository - Adding property source: Config resource 'file [/Users/philipheur/practice/gradle/HShop/config-repo/user-service.yml]' via location 'file:///Users/philipheur/practice/gradle/HShop/config-repo/'
2024-03-13 14:24:28 [http-nio-8888-exec-1] INFO  o.s.c.c.s.e.NativeEnvironmentRepository - Adding property source: Config resource 'file [/Users/philipheur/practice/gradle/HShop/config-repo/application.yml]' via location 'file:///Users/philipheur/practice/gradle/HShop/config-repo/'
2024-03-13 14:24:59 [http-nio-8888-exec-2] INFO  o.s.c.c.s.e.NativeEnvironmentRepository - Adding property source: Config resource 'file [/Users/philipheur/practice/gradle/HShop/config-repo/catalog-service.yml]' via location 'file:///Users/philipheur/practice/gradle/HShop/config-repo/'
2024-03-13 14:24:59 [http-nio-8888-exec-2] INFO  o.s.c.c.s.e.NativeEnvironmentRepository - Adding property source: Config resource 'file [/Users/philipheur/practice/gradle/HShop/config-repo/application.yml]' via location 'file:///Users/philipheur/practice/gradle/HShop/config-repo/'
2024-03-13 14:25:14 [http-nio-8888-exec-4] INFO  o.s.c.c.s.e.NativeEnvironmentRepository - Adding property source: Config resource 'file [/Users/philipheur/practice/gradle/HShop/config-repo/gateway-service.yml]' via location 'file:///Users/philipheur/practice/gradle/HShop/config-repo/'
2024-03-13 14:25:14 [http-nio-8888-exec-4] INFO  o.s.c.c.s.e.NativeEnvironmentRepository - Adding property source: Config resource 'file [/Users/philipheur/practice/gradle/HShop/config-repo/application.yml]' via location 'file:///Users/philipheur/practice/gradle/HShop/config-repo/'
2024-03-13 14:25:22 [http-nio-8888-exec-5] INFO  o.s.c.c.s.e.NativeEnvironmentRepository - Adding property source: Config resource 'file [/Users/philipheur/practice/gradle/HShop/config-repo/user-service.yml]' via location 'file:///Users/philipheur/practice/gradle/HShop/config-repo/'
2024-03-13 14:25:22 [http-nio-8888-exec-5] INFO  o.s.c.c.s.e.NativeEnvironmentRepository - Adding property source: Config resource 'file [/Users/philipheur/practice/gradle/HShop/config-repo/application.yml]' via location 'file:///Users/philipheur/practice/gradle/HShop/config-repo/'
2024-03-13 14:25:31 [http-nio-8888-exec-7] INFO  o.s.c.c.s.e.NativeEnvironmentRepository - Adding property source: Config resource 'file [/Users/philipheur/practice/gradle/HShop/config-repo/catalog-service.yml]' via location 'file:///Users/philipheur/practice/gradle/HShop/config-repo/'
2024-03-13 14:25:31 [http-nio-8888-exec-7] INFO  o.s.c.c.s.e.NativeEnvironmentRepository - Adding property source: Config resource 'file [/Users/philipheur/practice/gradle/HShop/config-repo/application.yml]' via location 'file:///Users/philipheur/practice/gradle/HShop/config-repo/'
2024-03-13 14:28:13 [http-nio-8888-exec-1] INFO  o.s.c.c.s.e.NativeEnvironmentRepository - Adding property source: Config resource 'file [/Users/philipheur/practice/gradle/HShop/config-repo/gateway-service.yml]' via location 'file:///Users/philipheur/practice/gradle/HShop/config-repo/'
2024-03-13 14:28:13 [http-nio-8888-exec-1] INFO  o.s.c.c.s.e.NativeEnvironmentRepository - Adding property source: Config resource 'file [/Users/philipheur/practice/gradle/HShop/config-repo/application.yml]' via location 'file:///Users/philipheur/practice/gradle/HShop/config-repo/'
2024-03-13 14:29:29 [http-nio-8888-exec-3] INFO  o.s.c.c.s.e.NativeEnvironmentRepository - Adding property source: Config resource 'file [/Users/philipheur/practice/gradle/HShop/config-repo/gateway-service.yml]' via location 'file:///Users/philipheur/practice/gradle/HShop/config-repo/'
2024-03-13 14:29:29 [http-nio-8888-exec-3] INFO  o.s.c.c.s.e.NativeEnvironmentRepository - Adding property source: Config resource 'file [/Users/philipheur/practice/gradle/HShop/config-repo/application.yml]' via location 'file:///Users/philipheur/practice/gradle/HShop/config-repo/'
2024-03-13 14:32:45 [http-nio-8888-exec-5] INFO  o.s.c.c.s.e.NativeEnvironmentRepository - Adding property source: Config resource 'file [/Users/philipheur/practice/gradle/HShop/config-repo/gateway-service.yml]' via location 'file:///Users/philipheur/practice/gradle/HShop/config-repo/'
2024-03-13 14:32:45 [http-nio-8888-exec-5] INFO  o.s.c.c.s.e.NativeEnvironmentRepository - Adding property source: Config resource 'file [/Users/philipheur/practice/gradle/HShop/config-repo/application.yml]' via location 'file:///Users/philipheur/practice/gradle/HShop/config-repo/'
2024-03-13 14:33:34 [http-nio-8888-exec-7] INFO  o.s.c.c.s.e.NativeEnvironmentRepository - Adding property source: Config resource 'file [/Users/philipheur/practice/gradle/HShop/config-repo/gateway-service.yml]' via location 'file:///Users/philipheur/practice/gradle/HShop/config-repo/'
2024-03-13 14:33:34 [http-nio-8888-exec-7] INFO  o.s.c.c.s.e.NativeEnvironmentRepository - Adding property source: Config resource 'file [/Users/philipheur/practice/gradle/HShop/config-repo/application.yml]' via location 'file:///Users/philipheur/practice/gradle/HShop/config-repo/'
2024-03-13 14:38:02 [http-nio-8888-exec-9] INFO  o.s.c.c.s.e.NativeEnvironmentRepository - Adding property source: Config resource 'file [/Users/philipheur/practice/gradle/HShop/config-repo/gateway-service.yml]' via location 'file:///Users/philipheur/practice/gradle/HShop/config-repo/'
2024-03-13 14:38:02 [http-nio-8888-exec-9] INFO  o.s.c.c.s.e.NativeEnvironmentRepository - Adding property source: Config resource 'file [/Users/philipheur/practice/gradle/HShop/config-repo/application.yml]' via location 'file:///Users/philipheur/practice/gradle/HShop/config-repo/'
2024-03-13 14:40:29 [http-nio-8888-exec-1] INFO  o.s.c.c.s.e.NativeEnvironmentRepository - Adding property source: Config resource 'file [/Users/philipheur/practice/gradle/HShop/config-repo/gateway-service.yml]' via location 'file:///Users/philipheur/practice/gradle/HShop/config-repo/'
2024-03-13 14:40:29 [http-nio-8888-exec-1] INFO  o.s.c.c.s.e.NativeEnvironmentRepository - Adding property source: Config resource 'file [/Users/philipheur/practice/gradle/HShop/config-repo/application.yml]' via location 'file:///Users/philipheur/practice/gradle/HShop/config-repo/'
2024-03-13 15:17:03 [AMQP Connection 192.168.50.141:5672] WARN  c.r.c.impl.ForgivingExceptionHandler - An unexpected connection driver error occurred (Exception message: Connection reset)
2024-03-13 15:17:03 [springCloudBus.anonymous.whyE0MuIQqO2yDuGeMsmrw-1] INFO  o.s.a.r.l.SimpleMessageListenerContainer - Restarting Consumer@280c3dc0: tags=[[amq.ctag-NrdY7Zabpj4gVV1mE0gmFw]], channel=Cached Rabbit Channel: AMQChannel(amqp://guest@192.168.50.141:5672/,1), conn: Proxy@5cb76070 Shared Rabbit Connection: SimpleConnection@1610c03c [delegate=amqp://guest@192.168.50.141:5672/, localPort=61594], acknowledgeMode=AUTO local queue size=0
2024-03-13 15:17:03 [springCloudBus.anonymous.whyE0MuIQqO2yDuGeMsmrw-2] INFO  o.s.a.r.c.CachingConnectionFactory - Attempting to connect to: [192.168.50.141:5672]
2024-03-13 15:17:03 [springCloudBus.anonymous.whyE0MuIQqO2yDuGeMsmrw-2] INFO  o.s.a.r.c.CachingConnectionFactory - Created new connection: rabbitConnectionFactory#3be46d9c:1/SimpleConnection@33ede8e2 [delegate=amqp://guest@192.168.50.141:5672/, localPort=57298]
2024-03-13 15:17:03 [springCloudBus.anonymous.whyE0MuIQqO2yDuGeMsmrw-2] INFO  o.s.amqp.rabbit.core.RabbitAdmin - Auto-declaring a non-durable, auto-delete, or exclusive Queue (springCloudBus.anonymous.whyE0MuIQqO2yDuGeMsmrw) durable:false, auto-delete:true, exclusive:true. It will be redeclared if the broker stops and is restarted while the connection factory is alive, but all messages will be lost.
2024-03-13 16:03:01 [AMQP Connection 192.168.50.141:5672] WARN  c.r.c.impl.ForgivingExceptionHandler - An unexpected connection driver error occurred (Exception message: Connection reset)
2024-03-13 16:03:02 [springCloudBus.anonymous.whyE0MuIQqO2yDuGeMsmrw-2] INFO  o.s.a.r.l.SimpleMessageListenerContainer - Restarting Consumer@3e66cf6c: tags=[[amq.ctag-sCGj1KunwmqZ7sReJdGj4A]], channel=Cached Rabbit Channel: AMQChannel(amqp://guest@192.168.50.141:5672/,2), conn: Proxy@5cb76070 Shared Rabbit Connection: SimpleConnection@33ede8e2 [delegate=amqp://guest@192.168.50.141:5672/, localPort=57298], acknowledgeMode=AUTO local queue size=0
2024-03-13 16:03:02 [springCloudBus.anonymous.whyE0MuIQqO2yDuGeMsmrw-3] INFO  o.s.a.r.c.CachingConnectionFactory - Attempting to connect to: [192.168.50.141:5672]
2024-03-13 16:03:02 [springCloudBus.anonymous.whyE0MuIQqO2yDuGeMsmrw-3] INFO  o.s.a.r.c.CachingConnectionFactory - Created new connection: rabbitConnectionFactory#3be46d9c:2/SimpleConnection@54c4ec3d [delegate=amqp://guest@192.168.50.141:5672/, localPort=62439]
2024-03-13 16:03:02 [springCloudBus.anonymous.whyE0MuIQqO2yDuGeMsmrw-3] INFO  o.s.amqp.rabbit.core.RabbitAdmin - Auto-declaring a non-durable, auto-delete, or exclusive Queue (springCloudBus.anonymous.whyE0MuIQqO2yDuGeMsmrw) durable:false, auto-delete:true, exclusive:true. It will be redeclared if the broker stops and is restarted while the connection factory is alive, but all messages will be lost.
2024-03-13 16:09:59 [http-nio-8888-exec-3] INFO  o.s.c.c.s.e.NativeEnvironmentRepository - Adding property source: Config resource 'file [/Users/philipheur/practice/gradle/HShop/config-repo/catalog-service.yml]' via location 'file:///Users/philipheur/practice/gradle/HShop/config-repo/'
2024-03-13 16:09:59 [http-nio-8888-exec-3] INFO  o.s.c.c.s.e.NativeEnvironmentRepository - Adding property source: Config resource 'file [/Users/philipheur/practice/gradle/HShop/config-repo/application.yml]' via location 'file:///Users/philipheur/practice/gradle/HShop/config-repo/'
2024-03-13 16:27:27 [http-nio-8888-exec-5] INFO  o.s.c.c.s.e.NativeEnvironmentRepository - Adding property source: Config resource 'file [/Users/philipheur/practice/gradle/HShop/config-repo/catalog-service.yml]' via location 'file:///Users/philipheur/practice/gradle/HShop/config-repo/'
2024-03-13 16:27:27 [http-nio-8888-exec-5] INFO  o.s.c.c.s.e.NativeEnvironmentRepository - Adding property source: Config resource 'file [/Users/philipheur/practice/gradle/HShop/config-repo/application.yml]' via location 'file:///Users/philipheur/practice/gradle/HShop/config-repo/'
2024-03-13 17:09:29 [AMQP Connection 192.168.50.141:5672] WARN  c.r.c.impl.ForgivingExceptionHandler - An unexpected connection driver error occurred (Exception message: Connection reset)
2024-03-13 17:09:29 [springCloudBus.anonymous.whyE0MuIQqO2yDuGeMsmrw-3] INFO  o.s.a.r.l.SimpleMessageListenerContainer - Restarting Consumer@94391b6: tags=[[amq.ctag-Ar9ZhpNsF4sRQqv1PulTvA]], channel=Cached Rabbit Channel: AMQChannel(amqp://guest@192.168.50.141:5672/,2), conn: Proxy@5cb76070 Shared Rabbit Connection: SimpleConnection@54c4ec3d [delegate=amqp://guest@192.168.50.141:5672/, localPort=62439], acknowledgeMode=AUTO local queue size=0
2024-03-13 17:09:29 [springCloudBus.anonymous.whyE0MuIQqO2yDuGeMsmrw-4] INFO  o.s.a.r.c.CachingConnectionFactory - Attempting to connect to: [192.168.50.141:5672]
2024-03-13 17:09:29 [springCloudBus.anonymous.whyE0MuIQqO2yDuGeMsmrw-4] INFO  o.s.a.r.c.CachingConnectionFactory - Created new connection: rabbitConnectionFactory#3be46d9c:3/SimpleConnection@bc9b6c7 [delegate=amqp://guest@192.168.50.141:5672/, localPort=63245]
2024-03-13 17:09:29 [springCloudBus.anonymous.whyE0MuIQqO2yDuGeMsmrw-4] INFO  o.s.amqp.rabbit.core.RabbitAdmin - Auto-declaring a non-durable, auto-delete, or exclusive Queue (springCloudBus.anonymous.whyE0MuIQqO2yDuGeMsmrw) durable:false, auto-delete:true, exclusive:true. It will be redeclared if the broker stops and is restarted while the connection factory is alive, but all messages will be lost.
2024-03-13 18:08:41 [AMQP Connection 192.168.50.141:5672] WARN  c.r.c.impl.ForgivingExceptionHandler - An unexpected connection driver error occurred (Exception message: Connection reset)
2024-03-13 18:08:41 [springCloudBus.anonymous.whyE0MuIQqO2yDuGeMsmrw-4] INFO  o.s.a.r.l.SimpleMessageListenerContainer - Restarting Consumer@57704ec5: tags=[[amq.ctag-jj_A9YofIOruchWUxMQ4Ww]], channel=Cached Rabbit Channel: AMQChannel(amqp://guest@192.168.50.141:5672/,2), conn: Proxy@5cb76070 Shared Rabbit Connection: SimpleConnection@bc9b6c7 [delegate=amqp://guest@192.168.50.141:5672/, localPort=63245], acknowledgeMode=AUTO local queue size=0
2024-03-13 18:08:41 [springCloudBus.anonymous.whyE0MuIQqO2yDuGeMsmrw-5] INFO  o.s.a.r.c.CachingConnectionFactory - Attempting to connect to: [192.168.50.141:5672]
2024-03-13 18:08:41 [springCloudBus.anonymous.whyE0MuIQqO2yDuGeMsmrw-5] INFO  o.s.a.r.c.CachingConnectionFactory - Created new connection: rabbitConnectionFactory#3be46d9c:4/SimpleConnection@4f4b4451 [delegate=amqp://guest@192.168.50.141:5672/, localPort=55969]
2024-03-13 18:08:41 [springCloudBus.anonymous.whyE0MuIQqO2yDuGeMsmrw-5] INFO  o.s.amqp.rabbit.core.RabbitAdmin - Auto-declaring a non-durable, auto-delete, or exclusive Queue (springCloudBus.anonymous.whyE0MuIQqO2yDuGeMsmrw) durable:false, auto-delete:true, exclusive:true. It will be redeclared if the broker stops and is restarted while the connection factory is alive, but all messages will be lost.
2024-03-13 18:16:07 [http-nio-8888-exec-7] INFO  o.s.c.c.s.e.NativeEnvironmentRepository - Adding property source: Config resource 'file [/Users/philipheur/practice/gradle/HShop/config-repo/application.yml]' via location 'file:///Users/philipheur/practice/gradle/HShop/config-repo/'
2024-03-13 18:18:28 [http-nio-8888-exec-9] INFO  o.s.c.c.s.e.NativeEnvironmentRepository - Adding property source: Config resource 'file [/Users/philipheur/practice/gradle/HShop/config-repo/settings-service.yml]' via location 'file:///Users/philipheur/practice/gradle/HShop/config-repo/'
2024-03-13 18:18:28 [http-nio-8888-exec-9] INFO  o.s.c.c.s.e.NativeEnvironmentRepository - Adding property source: Config resource 'file [/Users/philipheur/practice/gradle/HShop/config-repo/application.yml]' via location 'file:///Users/philipheur/practice/gradle/HShop/config-repo/'
2024-03-13 18:30:26 [http-nio-8888-exec-1] INFO  o.s.c.c.s.e.NativeEnvironmentRepository - Adding property source: Config resource 'file [/Users/philipheur/practice/gradle/HShop/config-repo/catalog-service.yml]' via location 'file:///Users/philipheur/practice/gradle/HShop/config-repo/'
2024-03-13 18:30:26 [http-nio-8888-exec-1] INFO  o.s.c.c.s.e.NativeEnvironmentRepository - Adding property source: Config resource 'file [/Users/philipheur/practice/gradle/HShop/config-repo/application.yml]' via location 'file:///Users/philipheur/practice/gradle/HShop/config-repo/'
2024-03-13 18:33:16 [http-nio-8888-exec-3] INFO  o.s.c.c.s.e.NativeEnvironmentRepository - Adding property source: Config resource 'file [/Users/philipheur/practice/gradle/HShop/config-repo/settings-service.yml]' via location 'file:///Users/philipheur/practice/gradle/HShop/config-repo/'
2024-03-13 18:33:16 [http-nio-8888-exec-3] INFO  o.s.c.c.s.e.NativeEnvironmentRepository - Adding property source: Config resource 'file [/Users/philipheur/practice/gradle/HShop/config-repo/application.yml]' via location 'file:///Users/philipheur/practice/gradle/HShop/config-repo/'
2024-03-13 18:41:18 [http-nio-8888-exec-5] INFO  o.s.c.c.s.e.NativeEnvironmentRepository - Adding property source: Config resource 'file [/Users/philipheur/practice/gradle/HShop/config-repo/gateway-service.yml]' via location 'file:///Users/philipheur/practice/gradle/HShop/config-repo/'
2024-03-13 18:41:18 [http-nio-8888-exec-5] INFO  o.s.c.c.s.e.NativeEnvironmentRepository - Adding property source: Config resource 'file [/Users/philipheur/practice/gradle/HShop/config-repo/application.yml]' via location 'file:///Users/philipheur/practice/gradle/HShop/config-repo/'
2024-03-13 18:41:19 [springCloudBus.anonymous.whyE0MuIQqO2yDuGeMsmrw-5] INFO  o.s.cloud.bus.event.RefreshListener - Received remote refresh request.
2024-03-13 18:41:19 [http-nio-8888-exec-6] INFO  o.s.c.c.s.e.NativeEnvironmentRepository - Adding property source: Config resource 'file [/Users/philipheur/practice/gradle/HShop/config-repo/catalog-service.yml]' via location 'file:///Users/philipheur/practice/gradle/HShop/config-repo/'
2024-03-13 18:41:19 [http-nio-8888-exec-6] INFO  o.s.c.c.s.e.NativeEnvironmentRepository - Adding property source: Config resource 'file [/Users/philipheur/practice/gradle/HShop/config-repo/application.yml]' via location 'file:///Users/philipheur/practice/gradle/HShop/config-repo/'
2024-03-13 18:41:19 [http-nio-8888-exec-7] INFO  o.s.c.c.s.e.NativeEnvironmentRepository - Adding property source: Config resource 'file [/Users/philipheur/practice/gradle/HShop/config-repo/user-service.yml]' via location 'file:///Users/philipheur/practice/gradle/HShop/config-repo/'
2024-03-13 18:41:19 [http-nio-8888-exec-7] INFO  o.s.c.c.s.e.NativeEnvironmentRepository - Adding property source: Config resource 'file [/Users/philipheur/practice/gradle/HShop/config-repo/application.yml]' via location 'file:///Users/philipheur/practice/gradle/HShop/config-repo/'
2024-03-13 18:41:19 [springCloudBus.anonymous.whyE0MuIQqO2yDuGeMsmrw-5] INFO  o.s.cloud.bus.event.RefreshListener - Keys refreshed []
2024-03-13 18:41:19 [springCloudBus.anonymous.whyE0MuIQqO2yDuGeMsmrw-5] INFO  o.s.c.s.m.DirectWithAttributesChannel - Channel 'unknown.channel.name' has 1 subscriber(s).
2024-03-13 18:41:19 [springCloudBus.anonymous.whyE0MuIQqO2yDuGeMsmrw-5] INFO  o.s.a.r.c.CachingConnectionFactory - Attempting to connect to: [192.168.50.141:5672]
2024-03-13 18:41:19 [springCloudBus.anonymous.whyE0MuIQqO2yDuGeMsmrw-5] INFO  o.s.a.r.c.CachingConnectionFactory - Created new connection: rabbitConnectionFactory.publisher#4c588e4b:0/SimpleConnection@797abeaa [delegate=amqp://guest@192.168.50.141:5672/, localPort=59566]
2024-03-13 18:41:19 [springCloudBus.anonymous.whyE0MuIQqO2yDuGeMsmrw-5] INFO  o.s.amqp.rabbit.core.RabbitAdmin - Auto-declaring a non-durable, auto-delete, or exclusive Queue (springCloudBus.anonymous.whyE0MuIQqO2yDuGeMsmrw) durable:false, auto-delete:true, exclusive:true. It will be redeclared if the broker stops and is restarted while the connection factory is alive, but all messages will be lost.
2024-03-13 18:42:32 [http-nio-8888-exec-1] INFO  o.s.c.c.s.e.NativeEnvironmentRepository - Adding property source: Config resource 'file [/Users/philipheur/practice/gradle/HShop/config-repo/settings-service.yml]' via location 'file:///Users/philipheur/practice/gradle/HShop/config-repo/'
2024-03-13 18:42:32 [http-nio-8888-exec-1] INFO  o.s.c.c.s.e.NativeEnvironmentRepository - Adding property source: Config resource 'file [/Users/philipheur/practice/gradle/HShop/config-repo/application.yml]' via location 'file:///Users/philipheur/practice/gradle/HShop/config-repo/'
2024-03-13 18:45:40 [http-nio-8888-exec-3] INFO  o.s.c.c.s.e.NativeEnvironmentRepository - Adding property source: Config resource 'file [/Users/philipheur/practice/gradle/HShop/config-repo/settings-service.yml]' via location 'file:///Users/philipheur/practice/gradle/HShop/config-repo/'
2024-03-13 18:45:40 [http-nio-8888-exec-3] INFO  o.s.c.c.s.e.NativeEnvironmentRepository - Adding property source: Config resource 'file [/Users/philipheur/practice/gradle/HShop/config-repo/application.yml]' via location 'file:///Users/philipheur/practice/gradle/HShop/config-repo/'
2024-03-13 18:46:23 [http-nio-8888-exec-5] INFO  o.s.c.c.s.e.NativeEnvironmentRepository - Adding property source: Config resource 'file [/Users/philipheur/practice/gradle/HShop/config-repo/settings-service.yml]' via location 'file:///Users/philipheur/practice/gradle/HShop/config-repo/'
2024-03-13 18:46:23 [http-nio-8888-exec-5] INFO  o.s.c.c.s.e.NativeEnvironmentRepository - Adding property source: Config resource 'file [/Users/philipheur/practice/gradle/HShop/config-repo/application.yml]' via location 'file:///Users/philipheur/practice/gradle/HShop/config-repo/'
2024-03-13 18:49:27 [http-nio-8888-exec-7] INFO  o.s.c.c.s.e.NativeEnvironmentRepository - Adding property source: Config resource 'file [/Users/philipheur/practice/gradle/HShop/config-repo/settings-service.yml]' via location 'file:///Users/philipheur/practice/gradle/HShop/config-repo/'
2024-03-13 18:49:27 [http-nio-8888-exec-7] INFO  o.s.c.c.s.e.NativeEnvironmentRepository - Adding property source: Config resource 'file [/Users/philipheur/practice/gradle/HShop/config-repo/application.yml]' via location 'file:///Users/philipheur/practice/gradle/HShop/config-repo/'
2024-03-13 18:51:48 [springCloudBus.anonymous.whyE0MuIQqO2yDuGeMsmrw-5] INFO  o.s.cloud.bus.event.RefreshListener - Received remote refresh request.
2024-03-13 18:51:48 [springCloudBus.anonymous.whyE0MuIQqO2yDuGeMsmrw-5] INFO  o.s.cloud.bus.event.RefreshListener - Keys refreshed []
2024-03-13 18:51:48 [http-nio-8888-exec-9] INFO  o.s.c.c.s.e.NativeEnvironmentRepository - Adding property source: Config resource 'file [/Users/philipheur/practice/gradle/HShop/config-repo/gateway-service.yml]' via location 'file:///Users/philipheur/practice/gradle/HShop/config-repo/'
2024-03-13 18:51:48 [http-nio-8888-exec-9] INFO  o.s.c.c.s.e.NativeEnvironmentRepository - Adding property source: Config resource 'file [/Users/philipheur/practice/gradle/HShop/config-repo/application.yml]' via location 'file:///Users/philipheur/practice/gradle/HShop/config-repo/'
2024-03-13 18:51:48 [http-nio-8888-exec-10] INFO  o.s.c.c.s.e.NativeEnvironmentRepository - Adding property source: Config resource 'file [/Users/philipheur/practice/gradle/HShop/config-repo/catalog-service.yml]' via location 'file:///Users/philipheur/practice/gradle/HShop/config-repo/'
2024-03-13 18:51:48 [http-nio-8888-exec-10] INFO  o.s.c.c.s.e.NativeEnvironmentRepository - Adding property source: Config resource 'file [/Users/philipheur/practice/gradle/HShop/config-repo/application.yml]' via location 'file:///Users/philipheur/practice/gradle/HShop/config-repo/'
2024-03-13 18:51:48 [http-nio-8888-exec-1] INFO  o.s.c.c.s.e.NativeEnvironmentRepository - Adding property source: Config resource 'file [/Users/philipheur/practice/gradle/HShop/config-repo/user-service.yml]' via location 'file:///Users/philipheur/practice/gradle/HShop/config-repo/'
2024-03-13 18:51:48 [http-nio-8888-exec-1] INFO  o.s.c.c.s.e.NativeEnvironmentRepository - Adding property source: Config resource 'file [/Users/philipheur/practice/gradle/HShop/config-repo/application.yml]' via location 'file:///Users/philipheur/practice/gradle/HShop/config-repo/'
2024-03-13 18:51:48 [http-nio-8888-exec-2] INFO  o.s.c.c.s.e.NativeEnvironmentRepository - Adding property source: Config resource 'file [/Users/philipheur/practice/gradle/HShop/config-repo/settings-service.yml]' via location 'file:///Users/philipheur/practice/gradle/HShop/config-repo/'
2024-03-13 18:51:48 [http-nio-8888-exec-2] INFO  o.s.c.c.s.e.NativeEnvironmentRepository - Adding property source: Config resource 'file [/Users/philipheur/practice/gradle/HShop/config-repo/application.yml]' via location 'file:///Users/philipheur/practice/gradle/HShop/config-repo/'
2024-03-13 18:54:57 [http-nio-8888-exec-7] INFO  o.s.c.c.s.e.NativeEnvironmentRepository - Adding property source: Config resource 'file [/Users/philipheur/practice/gradle/HShop/config-repo/settings-service.yml]' via location 'file:///Users/philipheur/practice/gradle/HShop/config-repo/'
2024-03-13 18:54:57 [http-nio-8888-exec-7] INFO  o.s.c.c.s.e.NativeEnvironmentRepository - Adding property source: Config resource 'file [/Users/philipheur/practice/gradle/HShop/config-repo/application.yml]' via location 'file:///Users/philipheur/practice/gradle/HShop/config-repo/'
2024-03-13 18:55:15 [http-nio-8888-exec-8] INFO  o.s.c.c.s.e.NativeEnvironmentRepository - Adding property source: Config resource 'file [/Users/philipheur/practice/gradle/HShop/config-repo/settings-service.yml]' via location 'file:///Users/philipheur/practice/gradle/HShop/config-repo/'
2024-03-13 18:55:15 [http-nio-8888-exec-8] INFO  o.s.c.c.s.e.NativeEnvironmentRepository - Adding property source: Config resource 'file [/Users/philipheur/practice/gradle/HShop/config-repo/application.yml]' via location 'file:///Users/philipheur/practice/gradle/HShop/config-repo/'
2024-03-13 18:56:06 [http-nio-8888-exec-10] INFO  o.s.c.c.s.e.NativeEnvironmentRepository - Adding property source: Config resource 'file [/Users/philipheur/practice/gradle/HShop/config-repo/settings-service.yml]' via location 'file:///Users/philipheur/practice/gradle/HShop/config-repo/'
2024-03-13 18:56:06 [http-nio-8888-exec-10] INFO  o.s.c.c.s.e.NativeEnvironmentRepository - Adding property source: Config resource 'file [/Users/philipheur/practice/gradle/HShop/config-repo/application.yml]' via location 'file:///Users/philipheur/practice/gradle/HShop/config-repo/'
2024-03-13 19:02:10 [http-nio-8888-exec-2] INFO  o.s.c.c.s.e.NativeEnvironmentRepository - Adding property source: Config resource 'file [/Users/philipheur/practice/gradle/HShop/config-repo/settings-service.yml]' via location 'file:///Users/philipheur/practice/gradle/HShop/config-repo/'
2024-03-13 19:02:10 [http-nio-8888-exec-2] INFO  o.s.c.c.s.e.NativeEnvironmentRepository - Adding property source: Config resource 'file [/Users/philipheur/practice/gradle/HShop/config-repo/application.yml]' via location 'file:///Users/philipheur/practice/gradle/HShop/config-repo/'
2024-03-13 19:02:35 [http-nio-8888-exec-3] INFO  o.s.c.c.s.e.NativeEnvironmentRepository - Adding property source: Config resource 'file [/Users/philipheur/practice/gradle/HShop/config-repo/settings-service.yml]' via location 'file:///Users/philipheur/practice/gradle/HShop/config-repo/'
2024-03-13 19:02:35 [http-nio-8888-exec-3] INFO  o.s.c.c.s.e.NativeEnvironmentRepository - Adding property source: Config resource 'file [/Users/philipheur/practice/gradle/HShop/config-repo/application.yml]' via location 'file:///Users/philipheur/practice/gradle/HShop/config-repo/'
2024-03-13 19:06:30 [http-nio-8888-exec-5] INFO  o.s.c.c.s.e.NativeEnvironmentRepository - Adding property source: Config resource 'file [/Users/philipheur/practice/gradle/HShop/config-repo/settings-service.yml]' via location 'file:///Users/philipheur/practice/gradle/HShop/config-repo/'
2024-03-13 19:06:30 [http-nio-8888-exec-5] INFO  o.s.c.c.s.e.NativeEnvironmentRepository - Adding property source: Config resource 'file [/Users/philipheur/practice/gradle/HShop/config-repo/application.yml]' via location 'file:///Users/philipheur/practice/gradle/HShop/config-repo/'
2024-03-13 19:08:05 [http-nio-8888-exec-7] INFO  o.s.c.c.s.e.NativeEnvironmentRepository - Adding property source: Config resource 'file [/Users/philipheur/practice/gradle/HShop/config-repo/settings-service.yml]' via location 'file:///Users/philipheur/practice/gradle/HShop/config-repo/'
2024-03-13 19:08:05 [http-nio-8888-exec-7] INFO  o.s.c.c.s.e.NativeEnvironmentRepository - Adding property source: Config resource 'file [/Users/philipheur/practice/gradle/HShop/config-repo/application.yml]' via location 'file:///Users/philipheur/practice/gradle/HShop/config-repo/'
2024-03-13 19:10:45 [http-nio-8888-exec-9] INFO  o.s.c.c.s.e.NativeEnvironmentRepository - Adding property source: Config resource 'file [/Users/philipheur/practice/gradle/HShop/config-repo/settings-service.yml]' via location 'file:///Users/philipheur/practice/gradle/HShop/config-repo/'
2024-03-13 19:10:45 [http-nio-8888-exec-9] INFO  o.s.c.c.s.e.NativeEnvironmentRepository - Adding property source: Config resource 'file [/Users/philipheur/practice/gradle/HShop/config-repo/application.yml]' via location 'file:///Users/philipheur/practice/gradle/HShop/config-repo/'
2024-03-13 19:16:28 [http-nio-8888-exec-1] INFO  o.s.c.c.s.e.NativeEnvironmentRepository - Adding property source: Config resource 'file [/Users/philipheur/practice/gradle/HShop/config-repo/settings-service.yml]' via location 'file:///Users/philipheur/practice/gradle/HShop/config-repo/'
2024-03-13 19:16:28 [http-nio-8888-exec-1] INFO  o.s.c.c.s.e.NativeEnvironmentRepository - Adding property source: Config resource 'file [/Users/philipheur/practice/gradle/HShop/config-repo/application.yml]' via location 'file:///Users/philipheur/practice/gradle/HShop/config-repo/'
2024-03-13 19:17:54 [http-nio-8888-exec-3] INFO  o.s.c.c.s.e.NativeEnvironmentRepository - Adding property source: Config resource 'file [/Users/philipheur/practice/gradle/HShop/config-repo/settings-service.yml]' via location 'file:///Users/philipheur/practice/gradle/HShop/config-repo/'
2024-03-13 19:17:54 [http-nio-8888-exec-3] INFO  o.s.c.c.s.e.NativeEnvironmentRepository - Adding property source: Config resource 'file [/Users/philipheur/practice/gradle/HShop/config-repo/application.yml]' via location 'file:///Users/philipheur/practice/gradle/HShop/config-repo/'
2024-03-13 19:18:20 [http-nio-8888-exec-4] INFO  o.s.c.c.s.e.NativeEnvironmentRepository - Adding property source: Config resource 'file [/Users/philipheur/practice/gradle/HShop/config-repo/settings-service.yml]' via location 'file:///Users/philipheur/practice/gradle/HShop/config-repo/'
2024-03-13 19:18:20 [http-nio-8888-exec-4] INFO  o.s.c.c.s.e.NativeEnvironmentRepository - Adding property source: Config resource 'file [/Users/philipheur/practice/gradle/HShop/config-repo/application.yml]' via location 'file:///Users/philipheur/practice/gradle/HShop/config-repo/'
2024-03-13 19:40:37 [springCloudBus.anonymous.whyE0MuIQqO2yDuGeMsmrw-5] INFO  o.s.a.r.l.SimpleMessageListenerContainer - Restarting Consumer@3dcd134c: tags=[[amq.ctag-NEj5_9-ldKTMRz2zLJwJYw]], channel=Cached Rabbit Channel: AMQChannel(amqp://guest@192.168.50.141:5672/,2), conn: Proxy@5cb76070 Shared Rabbit Connection: SimpleConnection@4f4b4451 [delegate=amqp://guest@192.168.50.141:5672/, localPort=55969], acknowledgeMode=AUTO local queue size=0
2024-03-13 19:40:37 [springCloudBus.anonymous.whyE0MuIQqO2yDuGeMsmrw-6] INFO  o.s.a.r.c.CachingConnectionFactory - Attempting to connect to: [192.168.50.141:5672]
2024-03-13 19:40:37 [springCloudBus.anonymous.whyE0MuIQqO2yDuGeMsmrw-6] INFO  o.s.a.r.c.CachingConnectionFactory - Created new connection: rabbitConnectionFactory#3be46d9c:5/SimpleConnection@739c2dfe [delegate=amqp://guest@192.168.50.141:5672/, localPort=57647]
2024-03-13 19:40:37 [springCloudBus.anonymous.whyE0MuIQqO2yDuGeMsmrw-6] INFO  o.s.amqp.rabbit.core.RabbitAdmin - Auto-declaring a non-durable, auto-delete, or exclusive Queue (springCloudBus.anonymous.whyE0MuIQqO2yDuGeMsmrw) durable:false, auto-delete:true, exclusive:true. It will be redeclared if the broker stops and is restarted while the connection factory is alive, but all messages will be lost.
2024-03-13 19:41:13 [AMQP Connection 192.168.50.141:5672] WARN  c.r.c.impl.ForgivingExceptionHandler - An unexpected connection driver error occurred (Exception message: Connection reset)
2024-03-13 21:26:35 [AMQP Connection 192.168.50.141:5672] WARN  c.r.c.impl.ForgivingExceptionHandler - An unexpected connection driver error occurred (Exception message: Connection reset)
2024-03-13 21:26:36 [springCloudBus.anonymous.whyE0MuIQqO2yDuGeMsmrw-6] INFO  o.s.a.r.l.SimpleMessageListenerContainer - Restarting Consumer@c03f731: tags=[[amq.ctag-CrIbSTYxVUJYEcigGFdt4g]], channel=Cached Rabbit Channel: AMQChannel(amqp://guest@192.168.50.141:5672/,2), conn: Proxy@5cb76070 Shared Rabbit Connection: SimpleConnection@739c2dfe [delegate=amqp://guest@192.168.50.141:5672/, localPort=57647], acknowledgeMode=AUTO local queue size=0
2024-03-13 21:26:36 [springCloudBus.anonymous.whyE0MuIQqO2yDuGeMsmrw-7] INFO  o.s.a.r.c.CachingConnectionFactory - Attempting to connect to: [192.168.50.141:5672]
2024-03-13 21:26:36 [springCloudBus.anonymous.whyE0MuIQqO2yDuGeMsmrw-7] INFO  o.s.a.r.c.CachingConnectionFactory - Created new connection: rabbitConnectionFactory#3be46d9c:6/SimpleConnection@17a4070a [delegate=amqp://guest@192.168.50.141:5672/, localPort=51556]
2024-03-13 21:26:36 [springCloudBus.anonymous.whyE0MuIQqO2yDuGeMsmrw-7] INFO  o.s.amqp.rabbit.core.RabbitAdmin - Auto-declaring a non-durable, auto-delete, or exclusive Queue (springCloudBus.anonymous.whyE0MuIQqO2yDuGeMsmrw) durable:false, auto-delete:true, exclusive:true. It will be redeclared if the broker stops and is restarted while the connection factory is alive, but all messages will be lost.
2024-03-13 21:42:54 [AMQP Connection 192.168.50.141:5672] WARN  c.r.c.impl.ForgivingExceptionHandler - An unexpected connection driver error occurred (Exception message: Connection reset)
2024-03-13 21:42:55 [springCloudBus.anonymous.whyE0MuIQqO2yDuGeMsmrw-7] INFO  o.s.a.r.l.SimpleMessageListenerContainer - Restarting Consumer@11b87f40: tags=[[amq.ctag-BahpC1onJo2BhZOhDXohjw]], channel=Cached Rabbit Channel: AMQChannel(amqp://guest@192.168.50.141:5672/,2), conn: Proxy@5cb76070 Shared Rabbit Connection: SimpleConnection@17a4070a [delegate=amqp://guest@192.168.50.141:5672/, localPort=51556], acknowledgeMode=AUTO local queue size=0
2024-03-13 21:42:55 [springCloudBus.anonymous.whyE0MuIQqO2yDuGeMsmrw-8] INFO  o.s.a.r.c.CachingConnectionFactory - Attempting to connect to: [192.168.50.141:5672]
2024-03-13 21:42:55 [springCloudBus.anonymous.whyE0MuIQqO2yDuGeMsmrw-8] INFO  o.s.a.r.c.CachingConnectionFactory - Created new connection: rabbitConnectionFactory#3be46d9c:7/SimpleConnection@4c1de776 [delegate=amqp://guest@192.168.50.141:5672/, localPort=52038]
2024-03-13 21:42:55 [springCloudBus.anonymous.whyE0MuIQqO2yDuGeMsmrw-8] INFO  o.s.amqp.rabbit.core.RabbitAdmin - Auto-declaring a non-durable, auto-delete, or exclusive Queue (springCloudBus.anonymous.whyE0MuIQqO2yDuGeMsmrw) durable:false, auto-delete:true, exclusive:true. It will be redeclared if the broker stops and is restarted while the connection factory is alive, but all messages will be lost.
2024-03-13 22:01:15 [AMQP Connection 192.168.50.141:5672] WARN  c.r.c.impl.ForgivingExceptionHandler - An unexpected connection driver error occurred (Exception message: Connection reset)
2024-03-13 22:01:15 [springCloudBus.anonymous.whyE0MuIQqO2yDuGeMsmrw-8] INFO  o.s.a.r.l.SimpleMessageListenerContainer - Restarting Consumer@502eecfe: tags=[[amq.ctag-Xv_afY4eZTxmavMBFZmTRA]], channel=Cached Rabbit Channel: AMQChannel(amqp://guest@192.168.50.141:5672/,2), conn: Proxy@5cb76070 Shared Rabbit Connection: SimpleConnection@4c1de776 [delegate=amqp://guest@192.168.50.141:5672/, localPort=52038], acknowledgeMode=AUTO local queue size=0
2024-03-13 22:01:15 [springCloudBus.anonymous.whyE0MuIQqO2yDuGeMsmrw-9] INFO  o.s.a.r.c.CachingConnectionFactory - Attempting to connect to: [192.168.50.141:5672]
2024-03-13 22:01:15 [springCloudBus.anonymous.whyE0MuIQqO2yDuGeMsmrw-9] INFO  o.s.a.r.c.CachingConnectionFactory - Created new connection: rabbitConnectionFactory#3be46d9c:8/SimpleConnection@3091761b [delegate=amqp://guest@192.168.50.141:5672/, localPort=53365]
2024-03-13 22:01:15 [springCloudBus.anonymous.whyE0MuIQqO2yDuGeMsmrw-9] INFO  o.s.amqp.rabbit.core.RabbitAdmin - Auto-declaring a non-durable, auto-delete, or exclusive Queue (springCloudBus.anonymous.whyE0MuIQqO2yDuGeMsmrw) durable:false, auto-delete:true, exclusive:true. It will be redeclared if the broker stops and is restarted while the connection factory is alive, but all messages will be lost.
2024-03-13 23:38:58 [AMQP Connection 192.168.50.141:5672] WARN  c.r.c.impl.ForgivingExceptionHandler - An unexpected connection driver error occurred (Exception message: Connection reset)
2024-03-13 23:38:58 [springCloudBus.anonymous.whyE0MuIQqO2yDuGeMsmrw-9] INFO  o.s.a.r.l.SimpleMessageListenerContainer - Restarting Consumer@67cfc133: tags=[[amq.ctag-u1sSWK_ouazOBWtgXYFI4w]], channel=Cached Rabbit Channel: AMQChannel(amqp://guest@192.168.50.141:5672/,2), conn: Proxy@5cb76070 Shared Rabbit Connection: SimpleConnection@3091761b [delegate=amqp://guest@192.168.50.141:5672/, localPort=53365], acknowledgeMode=AUTO local queue size=0
2024-03-13 23:38:58 [springCloudBus.anonymous.whyE0MuIQqO2yDuGeMsmrw-10] INFO  o.s.a.r.c.CachingConnectionFactory - Attempting to connect to: [192.168.50.141:5672]
2024-03-13 23:38:58 [springCloudBus.anonymous.whyE0MuIQqO2yDuGeMsmrw-10] INFO  o.s.a.r.c.CachingConnectionFactory - Created new connection: rabbitConnectionFactory#3be46d9c:9/SimpleConnection@7efd1c54 [delegate=amqp://guest@192.168.50.141:5672/, localPort=59140]
2024-03-13 23:38:58 [springCloudBus.anonymous.whyE0MuIQqO2yDuGeMsmrw-10] INFO  o.s.amqp.rabbit.core.RabbitAdmin - Auto-declaring a non-durable, auto-delete, or exclusive Queue (springCloudBus.anonymous.whyE0MuIQqO2yDuGeMsmrw) durable:false, auto-delete:true, exclusive:true. It will be redeclared if the broker stops and is restarted while the connection factory is alive, but all messages will be lost.
2024-03-13 23:52:56 [springCloudBus.anonymous.whyE0MuIQqO2yDuGeMsmrw-10] INFO  o.s.a.r.l.SimpleMessageListenerContainer - Restarting Consumer@35ca258: tags=[[amq.ctag-Az5OOemMgjH2pJ6W2zrkLw]], channel=Cached Rabbit Channel: AMQChannel(amqp://guest@192.168.50.141:5672/,2), conn: Proxy@5cb76070 Shared Rabbit Connection: SimpleConnection@7efd1c54 [delegate=amqp://guest@192.168.50.141:5672/, localPort=59140], acknowledgeMode=AUTO local queue size=0
2024-03-13 23:52:56 [springCloudBus.anonymous.whyE0MuIQqO2yDuGeMsmrw-11] INFO  o.s.a.r.c.CachingConnectionFactory - Attempting to connect to: [192.168.50.141:5672]
2024-03-13 23:52:56 [springCloudBus.anonymous.whyE0MuIQqO2yDuGeMsmrw-11] INFO  o.s.a.r.c.CachingConnectionFactory - Created new connection: rabbitConnectionFactory#3be46d9c:10/SimpleConnection@2bb4a5cb [delegate=amqp://guest@192.168.50.141:5672/, localPort=59586]
2024-03-13 23:52:56 [springCloudBus.anonymous.whyE0MuIQqO2yDuGeMsmrw-11] INFO  o.s.amqp.rabbit.core.RabbitAdmin - Auto-declaring a non-durable, auto-delete, or exclusive Queue (springCloudBus.anonymous.whyE0MuIQqO2yDuGeMsmrw) durable:false, auto-delete:true, exclusive:true. It will be redeclared if the broker stops and is restarted while the connection factory is alive, but all messages will be lost.
2024-03-13 23:55:11 [http-nio-8888-exec-6] INFO  o.s.c.c.s.e.NativeEnvironmentRepository - Adding property source: Config resource 'file [/Users/philipheur/practice/gradle/HShop/config-repo/settings-service.yml]' via location 'file:///Users/philipheur/practice/gradle/HShop/config-repo/'
2024-03-13 23:55:11 [http-nio-8888-exec-6] INFO  o.s.c.c.s.e.NativeEnvironmentRepository - Adding property source: Config resource 'file [/Users/philipheur/practice/gradle/HShop/config-repo/application.yml]' via location 'file:///Users/philipheur/practice/gradle/HShop/config-repo/'
2024-03-13 23:55:54 [http-nio-8888-exec-8] INFO  o.s.c.c.s.e.NativeEnvironmentRepository - Adding property source: Config resource 'file [/Users/philipheur/practice/gradle/HShop/config-repo/settings-service.yml]' via location 'file:///Users/philipheur/practice/gradle/HShop/config-repo/'
2024-03-13 23:55:54 [http-nio-8888-exec-8] INFO  o.s.c.c.s.e.NativeEnvironmentRepository - Adding property source: Config resource 'file [/Users/philipheur/practice/gradle/HShop/config-repo/application.yml]' via location 'file:///Users/philipheur/practice/gradle/HShop/config-repo/'
