2024-03-12 00:09:12 [http-nio-8888-exec-6] INFO  o.s.c.c.s.e.NativeEnvironmentRepository - Adding property source: Config resource 'file [/Users/philipheur/practice/gradle/HShop/config-repo/user-service.yml]' via location 'file:///Users/philipheur/practice/gradle/HShop/config-repo/'
2024-03-12 00:09:12 [http-nio-8888-exec-6] INFO  o.s.c.c.s.e.NativeEnvironmentRepository - Adding property source: Config resource 'file [/Users/philipheur/practice/gradle/HShop/config-repo/application.yml]' via location 'file:///Users/philipheur/practice/gradle/HShop/config-repo/'
2024-03-12 00:09:19 [http-nio-8888-exec-7] INFO  o.s.c.c.s.e.NativeEnvironmentRepository - Adding property source: Config resource 'file [/Users/philipheur/practice/gradle/HShop/config-repo/user-service.yml]' via location 'file:///Users/philipheur/practice/gradle/HShop/config-repo/'
2024-03-12 00:09:19 [http-nio-8888-exec-7] INFO  o.s.c.c.s.e.NativeEnvironmentRepository - Adding property source: Config resource 'file [/Users/philipheur/practice/gradle/HShop/config-repo/application.yml]' via location 'file:///Users/philipheur/practice/gradle/HShop/config-repo/'
2024-03-12 00:42:22 [http-nio-8888-exec-9] INFO  o.s.c.c.s.e.NativeEnvironmentRepository - Adding property source: Config resource 'file [/Users/philipheur/practice/gradle/HShop/config-repo/user-service.yml]' via location 'file:///Users/philipheur/practice/gradle/HShop/config-repo/'
2024-03-12 00:42:22 [http-nio-8888-exec-9] INFO  o.s.c.c.s.e.NativeEnvironmentRepository - Adding property source: Config resource 'file [/Users/philipheur/practice/gradle/HShop/config-repo/application.yml]' via location 'file:///Users/philipheur/practice/gradle/HShop/config-repo/'
2024-03-12 00:44:26 [http-nio-8888-exec-1] INFO  o.s.c.c.s.e.NativeEnvironmentRepository - Adding property source: Config resource 'file [/Users/philipheur/practice/gradle/HShop/config-repo/user-service.yml]' via location 'file:///Users/philipheur/practice/gradle/HShop/config-repo/'
2024-03-12 00:44:26 [http-nio-8888-exec-1] INFO  o.s.c.c.s.e.NativeEnvironmentRepository - Adding property source: Config resource 'file [/Users/philipheur/practice/gradle/HShop/config-repo/application.yml]' via location 'file:///Users/philipheur/practice/gradle/HShop/config-repo/'
2024-03-12 00:47:35 [http-nio-8888-exec-3] INFO  o.s.c.c.s.e.NativeEnvironmentRepository - Adding property source: Config resource 'file [/Users/philipheur/practice/gradle/HShop/config-repo/user-service.yml]' via location 'file:///Users/philipheur/practice/gradle/HShop/config-repo/'
2024-03-12 00:47:35 [http-nio-8888-exec-3] INFO  o.s.c.c.s.e.NativeEnvironmentRepository - Adding property source: Config resource 'file [/Users/philipheur/practice/gradle/HShop/config-repo/application.yml]' via location 'file:///Users/philipheur/practice/gradle/HShop/config-repo/'
2024-03-12 00:47:37 [http-nio-8888-exec-4] INFO  o.s.c.c.s.e.NativeEnvironmentRepository - Adding property source: Config resource 'file [/Users/philipheur/practice/gradle/HShop/config-repo/gateway-service.yml]' via location 'file:///Users/philipheur/practice/gradle/HShop/config-repo/'
2024-03-12 00:47:37 [http-nio-8888-exec-4] INFO  o.s.c.c.s.e.NativeEnvironmentRepository - Adding property source: Config resource 'file [/Users/philipheur/practice/gradle/HShop/config-repo/application.yml]' via location 'file:///Users/philipheur/practice/gradle/HShop/config-repo/'
2024-03-12 00:47:44 [http-nio-8888-exec-5] INFO  o.s.c.c.s.e.NativeEnvironmentRepository - Adding property source: Config resource 'file [/Users/philipheur/practice/gradle/HShop/config-repo/gateway-service.yml]' via location 'file:///Users/philipheur/practice/gradle/HShop/config-repo/'
2024-03-12 00:47:44 [http-nio-8888-exec-5] INFO  o.s.c.c.s.e.NativeEnvironmentRepository - Adding property source: Config resource 'file [/Users/philipheur/practice/gradle/HShop/config-repo/application.yml]' via location 'file:///Users/philipheur/practice/gradle/HShop/config-repo/'
2024-03-12 00:48:02 [http-nio-8888-exec-7] INFO  o.s.c.c.s.e.NativeEnvironmentRepository - Adding property source: Config resource 'file [/Users/philipheur/practice/gradle/HShop/config-repo/gateway-service.yml]' via location 'file:///Users/philipheur/practice/gradle/HShop/config-repo/'
2024-03-12 00:48:02 [http-nio-8888-exec-7] INFO  o.s.c.c.s.e.NativeEnvironmentRepository - Adding property source: Config resource 'file [/Users/philipheur/practice/gradle/HShop/config-repo/application.yml]' via location 'file:///Users/philipheur/practice/gradle/HShop/config-repo/'
2024-03-12 01:47:40 [SpringApplicationShutdownHook] INFO  o.s.a.r.l.SimpleMessageListenerContainer - Waiting for workers to finish.
2024-03-12 01:47:41 [SpringApplicationShutdownHook] INFO  o.s.a.r.l.SimpleMessageListenerContainer - Successfully waited for workers to finish.
2024-03-12 01:47:41 [SpringApplicationShutdownHook] INFO  o.s.i.a.i.AmqpInboundChannelAdapter - stopped bean 'inbound.springCloudBus.anonymous.Y6SOt8JHTiGBhJeLY3UYXA'
2024-03-12 01:47:41 [SpringApplicationShutdownHook] INFO  o.s.c.s.binder.BinderErrorChannel - Channel 'configserver.rabbit-1734719138.springCloudBusInput.errors' has 1 subscriber(s).
2024-03-12 01:47:41 [SpringApplicationShutdownHook] INFO  o.s.i.endpoint.EventDrivenConsumer - Removing {logging-channel-adapter:_org.springframework.integration.errorLogger} as a subscriber to the 'errorChannel' channel
2024-03-12 01:47:41 [SpringApplicationShutdownHook] INFO  o.s.i.c.PublishSubscribeChannel - Channel 'configserver.errorChannel' has 0 subscriber(s).
2024-03-12 01:47:41 [SpringApplicationShutdownHook] INFO  o.s.i.endpoint.EventDrivenConsumer - stopped bean '_org.springframework.integration.errorLogger'
2024-03-12 12:15:45 [background-preinit] INFO  o.h.validator.internal.util.Version - HV000001: Hibernate Validator 8.0.1.Final
2024-03-12 12:15:45 [main] INFO  n.p.h.configserver.ConfigServerKt - Starting ConfigServerKt using Java 17.0.10 with PID 1651 (/Volumes/mac-mini-ext/practice/gradle/HShop/config-server/build/classes/kotlin/main started by philipheur in /Volumes/mac-mini-ext/practice/gradle/HShop)
2024-03-12 12:15:45 [main] INFO  n.p.h.configserver.ConfigServerKt - The following 1 profile is active: "native"
2024-03-12 12:15:45 [main] INFO  o.s.i.c.DefaultConfiguringBeanFactoryPostProcessor - No bean named 'errorChannel' has been explicitly defined. Therefore, a default PublishSubscribeChannel will be created.
2024-03-12 12:15:45 [main] INFO  o.s.i.c.DefaultConfiguringBeanFactoryPostProcessor - No bean named 'integrationHeaderChannelRegistry' has been explicitly defined. Therefore, a default DefaultHeaderChannelRegistry will be created.
2024-03-12 12:15:46 [main] INFO  o.s.cloud.context.scope.GenericScope - BeanFactory id=c6e2715d-728b-38fa-b0e5-14bdabfe9feb
2024-03-12 12:15:46 [main] INFO  o.s.b.w.e.tomcat.TomcatWebServer - Tomcat initialized with port 8888 (http)
2024-03-12 12:15:46 [main] INFO  o.a.coyote.http11.Http11NioProtocol - Initializing ProtocolHandler ["http-nio-8888"]
2024-03-12 12:15:46 [main] INFO  o.a.catalina.core.StandardService - Starting service [Tomcat]
2024-03-12 12:15:46 [main] INFO  o.a.catalina.core.StandardEngine - Starting Servlet engine: [Apache Tomcat/10.1.19]
2024-03-12 12:15:46 [main] INFO  o.a.c.c.C.[Tomcat].[localhost].[/] - Initializing Spring embedded WebApplicationContext
2024-03-12 12:15:46 [main] INFO  o.s.b.w.s.c.ServletWebServerApplicationContext - Root WebApplicationContext: initialization completed in 872 ms
2024-03-12 12:15:46 [main] INFO  o.s.s.web.DefaultSecurityFilterChain - Will secure any request with [org.springframework.security.web.session.DisableEncodeUrlFilter@139089a4, org.springframework.security.web.context.request.async.WebAsyncManagerIntegrationFilter@6a6e9289, org.springframework.security.web.context.SecurityContextHolderFilter@c94bd18, org.springframework.security.web.header.HeaderWriterFilter@17f8db6, org.springframework.web.filter.CorsFilter@ff4b223, org.springframework.security.web.authentication.logout.LogoutFilter@749d7c01, org.springframework.security.web.authentication.www.BasicAuthenticationFilter@51b51641, org.springframework.security.web.savedrequest.RequestCacheAwareFilter@7cdfa824, org.springframework.security.web.servletapi.SecurityContextHolderAwareRequestFilter@18db3b3c, org.springframework.security.web.authentication.AnonymousAuthenticationFilter@61554b6b, org.springframework.security.web.access.ExceptionTranslationFilter@1c2096c6, org.springframework.security.web.access.intercept.AuthorizationFilter@61c87f1b]
2024-03-12 12:15:46 [main] WARN  o.s.b.a.t.ThymeleafAutoConfiguration$DefaultTemplateResolverConfiguration - Cannot find template location: classpath:/templates/ (please add some templates, check your Thymeleaf configuration, or set spring.thymeleaf.check-template-location=false)
2024-03-12 12:15:47 [main] INFO  o.s.c.s.m.DirectWithAttributesChannel - Channel 'configserver.springCloudBusInput' has 1 subscriber(s).
2024-03-12 12:15:47 [main] INFO  o.s.i.endpoint.EventDrivenConsumer - Adding {logging-channel-adapter:_org.springframework.integration.errorLogger} as a subscriber to the 'errorChannel' channel
2024-03-12 12:15:47 [main] INFO  o.s.i.c.PublishSubscribeChannel - Channel 'configserver.errorChannel' has 1 subscriber(s).
2024-03-12 12:15:47 [main] INFO  o.s.i.endpoint.EventDrivenConsumer - started bean '_org.springframework.integration.errorLogger'
2024-03-12 12:15:47 [main] INFO  o.a.coyote.http11.Http11NioProtocol - Starting ProtocolHandler ["http-nio-8888"]
2024-03-12 12:15:47 [main] INFO  o.s.b.w.e.tomcat.TomcatWebServer - Tomcat started on port 8888 (http) with context path ''
2024-03-12 12:15:47 [main] INFO  o.s.c.s.binder.DefaultBinderFactory - Creating binder: rabbit
2024-03-12 12:15:47 [main] INFO  o.s.c.s.binder.DefaultBinderFactory - Constructing binder child context for rabbit
2024-03-12 12:15:47 [main] INFO  o.s.c.s.binder.DefaultBinderFactory - Caching the binder: rabbit
2024-03-12 12:15:47 [main] INFO  o.s.c.s.b.r.p.RabbitExchangeQueueProvisioner - declaring queue for inbound: springCloudBus.anonymous.uKVCas-gQqC_98XmX-CwcQ, bound to: springCloudBus
2024-03-12 12:15:47 [main] INFO  o.s.a.r.c.CachingConnectionFactory - Attempting to connect to: [192.168.50.141:5672]
2024-03-12 12:15:47 [main] INFO  o.s.a.r.c.CachingConnectionFactory - Created new connection: rabbitConnectionFactory#452ec287:0/SimpleConnection@52325940 [delegate=amqp://guest@192.168.50.141:5672/, localPort=60131]
2024-03-12 12:15:47 [main] INFO  o.s.c.s.binder.BinderErrorChannel - Channel 'rabbit-941194882.springCloudBusInput.errors' has 1 subscriber(s).
2024-03-12 12:15:47 [main] INFO  o.s.c.s.binder.BinderErrorChannel - Channel 'rabbit-941194882.springCloudBusInput.errors' has 2 subscriber(s).
2024-03-12 12:15:47 [main] INFO  o.s.i.a.i.AmqpInboundChannelAdapter - started bean 'inbound.springCloudBus.anonymous.uKVCas-gQqC_98XmX-CwcQ'
2024-03-12 12:15:47 [main] INFO  n.p.h.configserver.ConfigServerKt - Started ConfigServerKt in 2.271 seconds (process running for 2.688)
2024-03-12 12:16:01 [http-nio-8888-exec-1] INFO  o.a.c.c.C.[Tomcat].[localhost].[/] - Initializing Spring DispatcherServlet 'dispatcherServlet'
2024-03-12 12:16:01 [http-nio-8888-exec-1] INFO  o.s.web.servlet.DispatcherServlet - Initializing Servlet 'dispatcherServlet'
2024-03-12 12:16:01 [http-nio-8888-exec-1] INFO  o.s.web.servlet.DispatcherServlet - Completed initialization in 1 ms
2024-03-12 12:16:01 [http-nio-8888-exec-1] INFO  o.s.c.c.s.e.NativeEnvironmentRepository - Adding property source: Config resource 'file [/Users/philipheur/practice/gradle/HShop/config-repo/gateway-service.yml]' via location 'file:///Users/philipheur/practice/gradle/HShop/config-repo/'
2024-03-12 12:16:01 [http-nio-8888-exec-1] INFO  o.s.c.c.s.e.NativeEnvironmentRepository - Adding property source: Config resource 'file [/Users/philipheur/practice/gradle/HShop/config-repo/application.yml]' via location 'file:///Users/philipheur/practice/gradle/HShop/config-repo/'
2024-03-12 12:16:20 [http-nio-8888-exec-2] INFO  o.s.c.c.s.e.NativeEnvironmentRepository - Adding property source: Config resource 'file [/Users/philipheur/practice/gradle/HShop/config-repo/user-service.yml]' via location 'file:///Users/philipheur/practice/gradle/HShop/config-repo/'
2024-03-12 12:16:20 [http-nio-8888-exec-2] INFO  o.s.c.c.s.e.NativeEnvironmentRepository - Adding property source: Config resource 'file [/Users/philipheur/practice/gradle/HShop/config-repo/application.yml]' via location 'file:///Users/philipheur/practice/gradle/HShop/config-repo/'
2024-03-12 12:20:49 [http-nio-8888-exec-5] INFO  o.s.c.c.s.e.NativeEnvironmentRepository - Adding property source: Config resource 'file [/Users/philipheur/practice/gradle/HShop/config-repo/user-service.yml]' via location 'file:///Users/philipheur/practice/gradle/HShop/config-repo/'
2024-03-12 12:20:49 [http-nio-8888-exec-5] INFO  o.s.c.c.s.e.NativeEnvironmentRepository - Adding property source: Config resource 'file [/Users/philipheur/practice/gradle/HShop/config-repo/application.yml]' via location 'file:///Users/philipheur/practice/gradle/HShop/config-repo/'
2024-03-12 12:33:44 [http-nio-8888-exec-7] INFO  o.s.c.c.s.e.NativeEnvironmentRepository - Adding property source: Config resource 'file [/Users/philipheur/practice/gradle/HShop/config-repo/gateway-service.yml]' via location 'file:///Users/philipheur/practice/gradle/HShop/config-repo/'
2024-03-12 12:33:44 [http-nio-8888-exec-7] INFO  o.s.c.c.s.e.NativeEnvironmentRepository - Adding property source: Config resource 'file [/Users/philipheur/practice/gradle/HShop/config-repo/application.yml]' via location 'file:///Users/philipheur/practice/gradle/HShop/config-repo/'
2024-03-12 12:33:45 [http-nio-8888-exec-8] INFO  o.s.c.c.s.e.NativeEnvironmentRepository - Adding property source: Config resource 'file [/Users/philipheur/practice/gradle/HShop/config-repo/user-service.yml]' via location 'file:///Users/philipheur/practice/gradle/HShop/config-repo/'
2024-03-12 12:33:45 [http-nio-8888-exec-8] INFO  o.s.c.c.s.e.NativeEnvironmentRepository - Adding property source: Config resource 'file [/Users/philipheur/practice/gradle/HShop/config-repo/application.yml]' via location 'file:///Users/philipheur/practice/gradle/HShop/config-repo/'
2024-03-12 12:33:50 [http-nio-8888-exec-9] INFO  o.s.c.c.s.e.NativeEnvironmentRepository - Adding property source: Config resource 'file [/Users/philipheur/practice/gradle/HShop/config-repo/gateway-service.yml]' via location 'file:///Users/philipheur/practice/gradle/HShop/config-repo/'
2024-03-12 12:33:50 [http-nio-8888-exec-9] INFO  o.s.c.c.s.e.NativeEnvironmentRepository - Adding property source: Config resource 'file [/Users/philipheur/practice/gradle/HShop/config-repo/application.yml]' via location 'file:///Users/philipheur/practice/gradle/HShop/config-repo/'
2024-03-12 12:33:52 [http-nio-8888-exec-10] INFO  o.s.c.c.s.e.NativeEnvironmentRepository - Adding property source: Config resource 'file [/Users/philipheur/practice/gradle/HShop/config-repo/user-service.yml]' via location 'file:///Users/philipheur/practice/gradle/HShop/config-repo/'
2024-03-12 12:33:52 [http-nio-8888-exec-10] INFO  o.s.c.c.s.e.NativeEnvironmentRepository - Adding property source: Config resource 'file [/Users/philipheur/practice/gradle/HShop/config-repo/application.yml]' via location 'file:///Users/philipheur/practice/gradle/HShop/config-repo/'
2024-03-12 12:33:55 [http-nio-8888-exec-1] INFO  o.s.c.c.s.e.NativeEnvironmentRepository - Adding property source: Config resource 'file [/Users/philipheur/practice/gradle/HShop/config-repo/gateway-service.yml]' via location 'file:///Users/philipheur/practice/gradle/HShop/config-repo/'
2024-03-12 12:33:55 [http-nio-8888-exec-1] INFO  o.s.c.c.s.e.NativeEnvironmentRepository - Adding property source: Config resource 'file [/Users/philipheur/practice/gradle/HShop/config-repo/application.yml]' via location 'file:///Users/philipheur/practice/gradle/HShop/config-repo/'
2024-03-12 12:34:53 [http-nio-8888-exec-3] INFO  o.s.c.c.s.e.NativeEnvironmentRepository - Adding property source: Config resource 'file [/Users/philipheur/practice/gradle/HShop/config-repo/user-service.yml]' via location 'file:///Users/philipheur/practice/gradle/HShop/config-repo/'
2024-03-12 12:34:53 [http-nio-8888-exec-3] INFO  o.s.c.c.s.e.NativeEnvironmentRepository - Adding property source: Config resource 'file [/Users/philipheur/practice/gradle/HShop/config-repo/application.yml]' via location 'file:///Users/philipheur/practice/gradle/HShop/config-repo/'
2024-03-12 12:34:57 [http-nio-8888-exec-5] INFO  o.s.c.c.s.e.NativeEnvironmentRepository - Adding property source: Config resource 'file [/Users/philipheur/practice/gradle/HShop/config-repo/gateway-service.yml]' via location 'file:///Users/philipheur/practice/gradle/HShop/config-repo/'
2024-03-12 12:34:57 [http-nio-8888-exec-5] INFO  o.s.c.c.s.e.NativeEnvironmentRepository - Adding property source: Config resource 'file [/Users/philipheur/practice/gradle/HShop/config-repo/application.yml]' via location 'file:///Users/philipheur/practice/gradle/HShop/config-repo/'
2024-03-12 12:37:54 [http-nio-8888-exec-8] INFO  o.s.c.c.s.e.NativeEnvironmentRepository - Adding property source: Config resource 'file [/Users/philipheur/practice/gradle/HShop/config-repo/gateway-service.yml]' via location 'file:///Users/philipheur/practice/gradle/HShop/config-repo/'
2024-03-12 12:37:54 [http-nio-8888-exec-8] INFO  o.s.c.c.s.e.NativeEnvironmentRepository - Adding property source: Config resource 'file [/Users/philipheur/practice/gradle/HShop/config-repo/application.yml]' via location 'file:///Users/philipheur/practice/gradle/HShop/config-repo/'
2024-03-12 12:37:54 [http-nio-8888-exec-9] INFO  o.s.c.c.s.e.NativeEnvironmentRepository - Adding property source: Config resource 'file [/Users/philipheur/practice/gradle/HShop/config-repo/user-service.yml]' via location 'file:///Users/philipheur/practice/gradle/HShop/config-repo/'
2024-03-12 12:37:54 [http-nio-8888-exec-9] INFO  o.s.c.c.s.e.NativeEnvironmentRepository - Adding property source: Config resource 'file [/Users/philipheur/practice/gradle/HShop/config-repo/application.yml]' via location 'file:///Users/philipheur/practice/gradle/HShop/config-repo/'
2024-03-12 12:58:21 [AMQP Connection 192.168.50.141:5672] WARN  c.r.c.impl.ForgivingExceptionHandler - An unexpected connection driver error occurred (Exception message: Connection reset)
2024-03-12 12:58:21 [springCloudBus.anonymous.uKVCas-gQqC_98XmX-CwcQ-1] INFO  o.s.a.r.l.SimpleMessageListenerContainer - Restarting Consumer@44c2e8a8: tags=[[amq.ctag-QxZn18xgpoomR8hIszW_rg]], channel=Cached Rabbit Channel: AMQChannel(amqp://guest@192.168.50.141:5672/,1), conn: Proxy@1610c03c Shared Rabbit Connection: SimpleConnection@52325940 [delegate=amqp://guest@192.168.50.141:5672/, localPort=60131], acknowledgeMode=AUTO local queue size=0
2024-03-12 12:58:21 [springCloudBus.anonymous.uKVCas-gQqC_98XmX-CwcQ-2] INFO  o.s.a.r.c.CachingConnectionFactory - Attempting to connect to: [192.168.50.141:5672]
2024-03-12 12:58:21 [springCloudBus.anonymous.uKVCas-gQqC_98XmX-CwcQ-2] INFO  o.s.a.r.c.CachingConnectionFactory - Created new connection: rabbitConnectionFactory#452ec287:1/SimpleConnection@2a991e16 [delegate=amqp://guest@192.168.50.141:5672/, localPort=61835]
2024-03-12 12:58:21 [springCloudBus.anonymous.uKVCas-gQqC_98XmX-CwcQ-2] INFO  o.s.amqp.rabbit.core.RabbitAdmin - Auto-declaring a non-durable, auto-delete, or exclusive Queue (springCloudBus.anonymous.uKVCas-gQqC_98XmX-CwcQ) durable:false, auto-delete:true, exclusive:true. It will be redeclared if the broker stops and is restarted while the connection factory is alive, but all messages will be lost.
2024-03-12 12:59:58 [http-nio-8888-exec-2] INFO  o.s.c.c.s.e.NativeEnvironmentRepository - Adding property source: Config resource 'file [/Users/philipheur/practice/gradle/HShop/config-repo/gateway-service.yml]' via location 'file:///Users/philipheur/practice/gradle/HShop/config-repo/'
2024-03-12 12:59:58 [http-nio-8888-exec-2] INFO  o.s.c.c.s.e.NativeEnvironmentRepository - Adding property source: Config resource 'file [/Users/philipheur/practice/gradle/HShop/config-repo/application.yml]' via location 'file:///Users/philipheur/practice/gradle/HShop/config-repo/'
2024-03-12 12:59:58 [http-nio-8888-exec-3] INFO  o.s.c.c.s.e.NativeEnvironmentRepository - Adding property source: Config resource 'file [/Users/philipheur/practice/gradle/HShop/config-repo/user-service.yml]' via location 'file:///Users/philipheur/practice/gradle/HShop/config-repo/'
2024-03-12 12:59:58 [http-nio-8888-exec-3] INFO  o.s.c.c.s.e.NativeEnvironmentRepository - Adding property source: Config resource 'file [/Users/philipheur/practice/gradle/HShop/config-repo/application.yml]' via location 'file:///Users/philipheur/practice/gradle/HShop/config-repo/'
2024-03-12 13:01:07 [http-nio-8888-exec-6] INFO  o.s.c.c.s.e.NativeEnvironmentRepository - Adding property source: Config resource 'file [/Users/philipheur/practice/gradle/HShop/config-repo/gateway-service.yml]' via location 'file:///Users/philipheur/practice/gradle/HShop/config-repo/'
2024-03-12 13:01:07 [http-nio-8888-exec-6] INFO  o.s.c.c.s.e.NativeEnvironmentRepository - Adding property source: Config resource 'file [/Users/philipheur/practice/gradle/HShop/config-repo/application.yml]' via location 'file:///Users/philipheur/practice/gradle/HShop/config-repo/'
2024-03-12 13:01:08 [http-nio-8888-exec-7] INFO  o.s.c.c.s.e.NativeEnvironmentRepository - Adding property source: Config resource 'file [/Users/philipheur/practice/gradle/HShop/config-repo/user-service.yml]' via location 'file:///Users/philipheur/practice/gradle/HShop/config-repo/'
2024-03-12 13:01:08 [http-nio-8888-exec-7] INFO  o.s.c.c.s.e.NativeEnvironmentRepository - Adding property source: Config resource 'file [/Users/philipheur/practice/gradle/HShop/config-repo/application.yml]' via location 'file:///Users/philipheur/practice/gradle/HShop/config-repo/'
2024-03-12 13:16:09 [http-nio-8888-exec-10] INFO  o.s.c.c.s.e.NativeEnvironmentRepository - Adding property source: Config resource 'file [/Users/philipheur/practice/gradle/HShop/config-repo/user-service.yml]' via location 'file:///Users/philipheur/practice/gradle/HShop/config-repo/'
2024-03-12 13:16:09 [http-nio-8888-exec-10] INFO  o.s.c.c.s.e.NativeEnvironmentRepository - Adding property source: Config resource 'file [/Users/philipheur/practice/gradle/HShop/config-repo/application.yml]' via location 'file:///Users/philipheur/practice/gradle/HShop/config-repo/'
2024-03-12 13:16:09 [http-nio-8888-exec-1] INFO  o.s.c.c.s.e.NativeEnvironmentRepository - Adding property source: Config resource 'file [/Users/philipheur/practice/gradle/HShop/config-repo/gateway-service.yml]' via location 'file:///Users/philipheur/practice/gradle/HShop/config-repo/'
2024-03-12 13:16:09 [http-nio-8888-exec-1] INFO  o.s.c.c.s.e.NativeEnvironmentRepository - Adding property source: Config resource 'file [/Users/philipheur/practice/gradle/HShop/config-repo/application.yml]' via location 'file:///Users/philipheur/practice/gradle/HShop/config-repo/'
2024-03-12 13:16:12 [http-nio-8888-exec-2] INFO  o.s.c.c.s.e.NativeEnvironmentRepository - Adding property source: Config resource 'file [/Users/philipheur/practice/gradle/HShop/config-repo/catalog-service.yml]' via location 'file:///Users/philipheur/practice/gradle/HShop/config-repo/'
2024-03-12 13:16:12 [http-nio-8888-exec-2] INFO  o.s.c.c.s.e.NativeEnvironmentRepository - Adding property source: Config resource 'file [/Users/philipheur/practice/gradle/HShop/config-repo/application.yml]' via location 'file:///Users/philipheur/practice/gradle/HShop/config-repo/'
2024-03-12 13:19:28 [http-nio-8888-exec-6] WARN  o.s.w.s.m.s.DefaultHandlerExceptionResolver - Resolved [org.springframework.web.HttpRequestMethodNotSupportedException: Request method 'POST' is not supported]
2024-03-12 13:19:44 [http-nio-8888-exec-7] WARN  o.s.w.s.m.s.DefaultHandlerExceptionResolver - Resolved [org.springframework.web.HttpRequestMethodNotSupportedException: Request method 'POST' is not supported]
2024-03-12 13:21:22 [http-nio-8888-exec-8] WARN  o.s.w.s.m.s.DefaultHandlerExceptionResolver - Resolved [org.springframework.web.HttpRequestMethodNotSupportedException: Request method 'POST' is not supported]
2024-03-12 13:21:24 [http-nio-8888-exec-9] WARN  o.s.w.s.m.s.DefaultHandlerExceptionResolver - Resolved [org.springframework.web.HttpRequestMethodNotSupportedException: Request method 'POST' is not supported]
2024-03-12 13:21:32 [http-nio-8888-exec-10] INFO  o.s.c.c.s.e.NativeEnvironmentRepository - Adding property source: Config resource 'file [/Users/philipheur/practice/gradle/HShop/config-repo/application.yml]' via location 'file:///Users/philipheur/practice/gradle/HShop/config-repo/'
2024-03-12 13:21:36 [http-nio-8888-exec-1] INFO  o.s.c.c.s.e.NativeEnvironmentRepository - Adding property source: Config resource 'file [/Users/philipheur/practice/gradle/HShop/config-repo/application.yml]' via location 'file:///Users/philipheur/practice/gradle/HShop/config-repo/'
2024-03-12 13:22:41 [http-nio-8888-exec-2] WARN  o.s.w.s.m.s.DefaultHandlerExceptionResolver - Resolved [org.springframework.web.HttpRequestMethodNotSupportedException: Request method 'POST' is not supported]
2024-03-12 13:25:40 [SpringApplicationShutdownHook] INFO  o.s.a.r.l.SimpleMessageListenerContainer - Waiting for workers to finish.
2024-03-12 13:25:41 [SpringApplicationShutdownHook] INFO  o.s.a.r.l.SimpleMessageListenerContainer - Successfully waited for workers to finish.
2024-03-12 13:25:41 [SpringApplicationShutdownHook] INFO  o.s.i.a.i.AmqpInboundChannelAdapter - stopped bean 'inbound.springCloudBus.anonymous.uKVCas-gQqC_98XmX-CwcQ'
2024-03-12 13:25:41 [SpringApplicationShutdownHook] INFO  o.s.c.s.binder.BinderErrorChannel - Channel 'configserver.rabbit-941194882.springCloudBusInput.errors' has 1 subscriber(s).
2024-03-12 13:25:41 [SpringApplicationShutdownHook] INFO  o.s.i.endpoint.EventDrivenConsumer - Removing {logging-channel-adapter:_org.springframework.integration.errorLogger} as a subscriber to the 'errorChannel' channel
2024-03-12 13:25:41 [SpringApplicationShutdownHook] INFO  o.s.i.c.PublishSubscribeChannel - Channel 'configserver.errorChannel' has 0 subscriber(s).
2024-03-12 13:25:41 [SpringApplicationShutdownHook] INFO  o.s.i.endpoint.EventDrivenConsumer - stopped bean '_org.springframework.integration.errorLogger'
2024-03-12 13:25:45 [background-preinit] INFO  o.h.validator.internal.util.Version - HV000001: Hibernate Validator 8.0.1.Final
2024-03-12 13:25:45 [main] INFO  n.p.h.configserver.ConfigServerKt - Starting ConfigServerKt using Java 17.0.10 with PID 14603 (/Volumes/mac-mini-ext/practice/gradle/HShop/config-server/build/classes/kotlin/main started by philipheur in /Volumes/mac-mini-ext/practice/gradle/HShop)
2024-03-12 13:25:45 [main] INFO  n.p.h.configserver.ConfigServerKt - The following 1 profile is active: "native"
2024-03-12 13:25:46 [main] INFO  o.s.i.c.DefaultConfiguringBeanFactoryPostProcessor - No bean named 'errorChannel' has been explicitly defined. Therefore, a default PublishSubscribeChannel will be created.
2024-03-12 13:25:46 [main] INFO  o.s.i.c.DefaultConfiguringBeanFactoryPostProcessor - No bean named 'integrationHeaderChannelRegistry' has been explicitly defined. Therefore, a default DefaultHeaderChannelRegistry will be created.
2024-03-12 13:25:46 [main] INFO  o.s.cloud.context.scope.GenericScope - BeanFactory id=c6e2715d-728b-38fa-b0e5-14bdabfe9feb
2024-03-12 13:25:46 [main] INFO  o.s.b.w.e.tomcat.TomcatWebServer - Tomcat initialized with port 8888 (http)
2024-03-12 13:25:46 [main] INFO  o.a.coyote.http11.Http11NioProtocol - Initializing ProtocolHandler ["http-nio-8888"]
2024-03-12 13:25:46 [main] INFO  o.a.catalina.core.StandardService - Starting service [Tomcat]
2024-03-12 13:25:46 [main] INFO  o.a.catalina.core.StandardEngine - Starting Servlet engine: [Apache Tomcat/10.1.19]
2024-03-12 13:25:46 [main] INFO  o.a.c.c.C.[Tomcat].[localhost].[/] - Initializing Spring embedded WebApplicationContext
2024-03-12 13:25:46 [main] INFO  o.s.b.w.s.c.ServletWebServerApplicationContext - Root WebApplicationContext: initialization completed in 1111 ms
2024-03-12 13:25:46 [main] INFO  o.s.s.web.DefaultSecurityFilterChain - Will secure any request with [org.springframework.security.web.session.DisableEncodeUrlFilter@252c6cdb, org.springframework.security.web.context.request.async.WebAsyncManagerIntegrationFilter@61c87f1b, org.springframework.security.web.context.SecurityContextHolderFilter@3de56885, org.springframework.security.web.header.HeaderWriterFilter@685e6a68, org.springframework.web.filter.CorsFilter@1857fe6c, org.springframework.security.web.authentication.logout.LogoutFilter@3e4afd10, org.springframework.security.web.authentication.www.BasicAuthenticationFilter@359e27d2, org.springframework.security.web.savedrequest.RequestCacheAwareFilter@2d07aacc, org.springframework.security.web.servletapi.SecurityContextHolderAwareRequestFilter@ff5d4f1, org.springframework.security.web.authentication.AnonymousAuthenticationFilter@44976b08, org.springframework.security.web.access.ExceptionTranslationFilter@586737ff, org.springframework.security.web.access.intercept.AuthorizationFilter@dd20ebc]
2024-03-12 13:25:46 [main] WARN  o.s.b.a.t.ThymeleafAutoConfiguration$DefaultTemplateResolverConfiguration - Cannot find template location: classpath:/templates/ (please add some templates, check your Thymeleaf configuration, or set spring.thymeleaf.check-template-location=false)
2024-03-12 13:25:47 [main] INFO  o.s.c.s.m.DirectWithAttributesChannel - Channel 'configserver.springCloudBusInput' has 1 subscriber(s).
2024-03-12 13:25:47 [main] INFO  o.s.i.endpoint.EventDrivenConsumer - Adding {logging-channel-adapter:_org.springframework.integration.errorLogger} as a subscriber to the 'errorChannel' channel
2024-03-12 13:25:47 [main] INFO  o.s.i.c.PublishSubscribeChannel - Channel 'configserver.errorChannel' has 1 subscriber(s).
2024-03-12 13:25:47 [main] INFO  o.s.i.endpoint.EventDrivenConsumer - started bean '_org.springframework.integration.errorLogger'
2024-03-12 13:25:47 [main] INFO  o.a.coyote.http11.Http11NioProtocol - Starting ProtocolHandler ["http-nio-8888"]
2024-03-12 13:25:47 [main] INFO  o.s.b.w.e.tomcat.TomcatWebServer - Tomcat started on port 8888 (http) with context path ''
2024-03-12 13:25:47 [main] INFO  o.s.c.s.binder.DefaultBinderFactory - Creating binder: rabbit
2024-03-12 13:25:47 [main] INFO  o.s.c.s.binder.DefaultBinderFactory - Constructing binder child context for rabbit
2024-03-12 13:25:47 [main] INFO  o.s.c.s.binder.DefaultBinderFactory - Caching the binder: rabbit
2024-03-12 13:25:47 [main] INFO  o.s.c.s.b.r.p.RabbitExchangeQueueProvisioner - declaring queue for inbound: springCloudBus.anonymous.ycca2RkFQI-hBiRZ9KWpUg, bound to: springCloudBus
2024-03-12 13:25:47 [main] INFO  o.s.a.r.c.CachingConnectionFactory - Attempting to connect to: [192.168.50.141:5672]
2024-03-12 13:25:47 [main] INFO  o.s.a.r.c.CachingConnectionFactory - Created new connection: rabbitConnectionFactory#4c8abec7:0/SimpleConnection@66a93b25 [delegate=amqp://guest@192.168.50.141:5672/, localPort=65108]
2024-03-12 13:25:47 [main] INFO  o.s.c.s.binder.BinderErrorChannel - Channel 'rabbit-111768855.springCloudBusInput.errors' has 1 subscriber(s).
2024-03-12 13:25:47 [main] INFO  o.s.c.s.binder.BinderErrorChannel - Channel 'rabbit-111768855.springCloudBusInput.errors' has 2 subscriber(s).
2024-03-12 13:25:47 [main] INFO  o.s.i.a.i.AmqpInboundChannelAdapter - started bean 'inbound.springCloudBus.anonymous.ycca2RkFQI-hBiRZ9KWpUg'
2024-03-12 13:25:47 [main] INFO  n.p.h.configserver.ConfigServerKt - Started ConfigServerKt in 2.479 seconds (process running for 2.901)
2024-03-12 13:25:56 [http-nio-8888-exec-1] INFO  o.a.c.c.C.[Tomcat].[localhost].[/] - Initializing Spring DispatcherServlet 'dispatcherServlet'
2024-03-12 13:25:56 [http-nio-8888-exec-1] INFO  o.s.web.servlet.DispatcherServlet - Initializing Servlet 'dispatcherServlet'
2024-03-12 13:25:56 [http-nio-8888-exec-1] INFO  o.s.web.servlet.DispatcherServlet - Completed initialization in 1 ms
2024-03-12 13:25:56 [http-nio-8888-exec-1] WARN  o.s.w.s.m.s.DefaultHandlerExceptionResolver - Resolved [org.springframework.web.HttpRequestMethodNotSupportedException: Request method 'POST' is not supported]
2024-03-12 13:26:39 [http-nio-8888-exec-2] WARN  o.s.w.s.m.s.DefaultHandlerExceptionResolver - Resolved [org.springframework.web.HttpRequestMethodNotSupportedException: Request method 'POST' is not supported]
2024-03-12 13:26:44 [http-nio-8888-exec-3] INFO  o.s.c.c.s.e.NativeEnvironmentRepository - Adding property source: Config resource 'file [/Users/philipheur/practice/gradle/HShop/config-repo/application.yml]' via location 'file:///Users/philipheur/practice/gradle/HShop/config-repo/'
2024-03-12 13:27:29 [http-nio-8888-exec-4] INFO  o.s.c.c.s.e.NativeEnvironmentRepository - Adding property source: Config resource 'file [/Users/philipheur/practice/gradle/HShop/config-repo/catalog-service.yml]' via location 'file:///Users/philipheur/practice/gradle/HShop/config-repo/'
2024-03-12 13:27:29 [http-nio-8888-exec-4] INFO  o.s.c.c.s.e.NativeEnvironmentRepository - Adding property source: Config resource 'file [/Users/philipheur/practice/gradle/HShop/config-repo/application.yml]' via location 'file:///Users/philipheur/practice/gradle/HShop/config-repo/'
2024-03-12 13:28:40 [http-nio-8888-exec-7] INFO  o.s.c.c.s.e.NativeEnvironmentRepository - Adding property source: Config resource 'file [/Users/philipheur/practice/gradle/HShop/config-repo/catalog-service.yml]' via location 'file:///Users/philipheur/practice/gradle/HShop/config-repo/'
2024-03-12 13:28:40 [http-nio-8888-exec-7] INFO  o.s.c.c.s.e.NativeEnvironmentRepository - Adding property source: Config resource 'file [/Users/philipheur/practice/gradle/HShop/config-repo/application.yml]' via location 'file:///Users/philipheur/practice/gradle/HShop/config-repo/'
2024-03-12 13:31:00 [http-nio-8888-exec-10] INFO  o.s.c.c.s.e.NativeEnvironmentRepository - Adding property source: Config resource 'file [/Users/philipheur/practice/gradle/HShop/config-repo/catalog-service.yml]' via location 'file:///Users/philipheur/practice/gradle/HShop/config-repo/'
2024-03-12 13:31:00 [http-nio-8888-exec-10] INFO  o.s.c.c.s.e.NativeEnvironmentRepository - Adding property source: Config resource 'file [/Users/philipheur/practice/gradle/HShop/config-repo/application.yml]' via location 'file:///Users/philipheur/practice/gradle/HShop/config-repo/'
2024-03-12 13:31:25 [http-nio-8888-exec-2] INFO  o.s.c.c.s.e.NativeEnvironmentRepository - Adding property source: Config resource 'file [/Users/philipheur/practice/gradle/HShop/config-repo/application.yml]' via location 'file:///Users/philipheur/practice/gradle/HShop/config-repo/'
2024-03-12 13:31:26 [http-nio-8888-exec-3] INFO  o.s.c.c.s.e.NativeEnvironmentRepository - Adding property source: Config resource 'file [/Users/philipheur/practice/gradle/HShop/config-repo/application.yml]' via location 'file:///Users/philipheur/practice/gradle/HShop/config-repo/'
2024-03-12 13:31:40 [http-nio-8888-exec-4] INFO  o.s.c.c.s.e.NativeEnvironmentRepository - Adding property source: Config resource 'file [/Users/philipheur/practice/gradle/HShop/config-repo/catalog-service.yml]' via location 'file:///Users/philipheur/practice/gradle/HShop/config-repo/'
2024-03-12 13:31:40 [http-nio-8888-exec-4] INFO  o.s.c.c.s.e.NativeEnvironmentRepository - Adding property source: Config resource 'file [/Users/philipheur/practice/gradle/HShop/config-repo/application.yml]' via location 'file:///Users/philipheur/practice/gradle/HShop/config-repo/'
2024-03-12 13:33:57 [http-nio-8888-exec-6] INFO  o.s.c.c.s.e.NativeEnvironmentRepository - Adding property source: Config resource 'file [/Users/philipheur/practice/gradle/HShop/config-repo/catalog-service.yml]' via location 'file:///Users/philipheur/practice/gradle/HShop/config-repo/'
2024-03-12 13:33:57 [http-nio-8888-exec-6] INFO  o.s.c.c.s.e.NativeEnvironmentRepository - Adding property source: Config resource 'file [/Users/philipheur/practice/gradle/HShop/config-repo/application.yml]' via location 'file:///Users/philipheur/practice/gradle/HShop/config-repo/'
2024-03-12 13:34:25 [http-nio-8888-exec-8] INFO  o.s.c.c.s.e.NativeEnvironmentRepository - Adding property source: Config resource 'file [/Users/philipheur/practice/gradle/HShop/config-repo/user-service.yml]' via location 'file:///Users/philipheur/practice/gradle/HShop/config-repo/'
2024-03-12 13:34:25 [http-nio-8888-exec-8] INFO  o.s.c.c.s.e.NativeEnvironmentRepository - Adding property source: Config resource 'file [/Users/philipheur/practice/gradle/HShop/config-repo/application.yml]' via location 'file:///Users/philipheur/practice/gradle/HShop/config-repo/'
2024-03-12 13:34:37 [http-nio-8888-exec-9] INFO  o.s.c.c.s.e.NativeEnvironmentRepository - Adding property source: Config resource 'file [/Users/philipheur/practice/gradle/HShop/config-repo/catalog-service.yml]' via location 'file:///Users/philipheur/practice/gradle/HShop/config-repo/'
2024-03-12 13:34:37 [http-nio-8888-exec-9] INFO  o.s.c.c.s.e.NativeEnvironmentRepository - Adding property source: Config resource 'file [/Users/philipheur/practice/gradle/HShop/config-repo/application.yml]' via location 'file:///Users/philipheur/practice/gradle/HShop/config-repo/'
2024-03-12 13:46:01 [http-nio-8888-exec-2] INFO  o.s.c.c.s.e.NativeEnvironmentRepository - Adding property source: Config resource 'file [/Users/philipheur/practice/gradle/HShop/config-repo/catalog-service.yml]' via location 'file:///Users/philipheur/practice/gradle/HShop/config-repo/'
2024-03-12 13:46:01 [http-nio-8888-exec-2] INFO  o.s.c.c.s.e.NativeEnvironmentRepository - Adding property source: Config resource 'file [/Users/philipheur/practice/gradle/HShop/config-repo/application.yml]' via location 'file:///Users/philipheur/practice/gradle/HShop/config-repo/'
2024-03-12 13:46:34 [http-nio-8888-exec-4] INFO  o.s.c.c.s.e.NativeEnvironmentRepository - Adding property source: Config resource 'file [/Users/philipheur/practice/gradle/HShop/config-repo/application.yml]' via location 'file:///Users/philipheur/practice/gradle/HShop/config-repo/'
2024-03-12 13:46:44 [http-nio-8888-exec-5] INFO  o.s.c.c.s.e.NativeEnvironmentRepository - Adding property source: Config resource 'file [/Users/philipheur/practice/gradle/HShop/config-repo/catalog-service.yml]' via location 'file:///Users/philipheur/practice/gradle/HShop/config-repo/'
2024-03-12 13:46:44 [http-nio-8888-exec-5] INFO  o.s.c.c.s.e.NativeEnvironmentRepository - Adding property source: Config resource 'file [/Users/philipheur/practice/gradle/HShop/config-repo/application.yml]' via location 'file:///Users/philipheur/practice/gradle/HShop/config-repo/'
2024-03-12 13:48:51 [http-nio-8888-exec-7] INFO  o.s.c.c.s.e.NativeEnvironmentRepository - Adding property source: Config resource 'file [/Users/philipheur/practice/gradle/HShop/config-repo/application.yml]' via location 'file:///Users/philipheur/practice/gradle/HShop/config-repo/'
2024-03-12 13:48:53 [http-nio-8888-exec-8] INFO  o.s.c.c.s.e.NativeEnvironmentRepository - Adding property source: Config resource 'file [/Users/philipheur/practice/gradle/HShop/config-repo/application.yml]' via location 'file:///Users/philipheur/practice/gradle/HShop/config-repo/'
2024-03-12 13:49:05 [http-nio-8888-exec-9] INFO  o.s.c.c.s.e.NativeEnvironmentRepository - Adding property source: Config resource 'file [/Users/philipheur/practice/gradle/HShop/config-repo/catalog-service.yml]' via location 'file:///Users/philipheur/practice/gradle/HShop/config-repo/'
2024-03-12 13:49:05 [http-nio-8888-exec-9] INFO  o.s.c.c.s.e.NativeEnvironmentRepository - Adding property source: Config resource 'file [/Users/philipheur/practice/gradle/HShop/config-repo/application.yml]' via location 'file:///Users/philipheur/practice/gradle/HShop/config-repo/'
2024-03-12 13:53:09 [http-nio-8888-exec-1] INFO  o.s.c.c.s.e.NativeEnvironmentRepository - Adding property source: Config resource 'file [/Users/philipheur/practice/gradle/HShop/config-repo/application.yml]' via location 'file:///Users/philipheur/practice/gradle/HShop/config-repo/'
2024-03-12 13:55:37 [http-nio-8888-exec-2] INFO  o.s.c.c.s.e.NativeEnvironmentRepository - Adding property source: Config resource 'file [/Users/philipheur/practice/gradle/HShop/config-repo/application.yml]' via location 'file:///Users/philipheur/practice/gradle/HShop/config-repo/'
2024-03-12 13:57:45 [http-nio-8888-exec-3] INFO  o.s.c.c.s.e.NativeEnvironmentRepository - Adding property source: Config resource 'file [/Users/philipheur/practice/gradle/HShop/config-repo/user-service.yml]' via location 'file:///Users/philipheur/practice/gradle/HShop/config-repo/'
2024-03-12 13:57:45 [http-nio-8888-exec-3] INFO  o.s.c.c.s.e.NativeEnvironmentRepository - Adding property source: Config resource 'file [/Users/philipheur/practice/gradle/HShop/config-repo/application.yml]' via location 'file:///Users/philipheur/practice/gradle/HShop/config-repo/'
2024-03-12 13:57:51 [http-nio-8888-exec-5] INFO  o.s.c.c.s.e.NativeEnvironmentRepository - Adding property source: Config resource 'file [/Users/philipheur/practice/gradle/HShop/config-repo/gateway-service.yml]' via location 'file:///Users/philipheur/practice/gradle/HShop/config-repo/'
2024-03-12 13:57:51 [http-nio-8888-exec-5] INFO  o.s.c.c.s.e.NativeEnvironmentRepository - Adding property source: Config resource 'file [/Users/philipheur/practice/gradle/HShop/config-repo/application.yml]' via location 'file:///Users/philipheur/practice/gradle/HShop/config-repo/'
2024-03-12 13:57:51 [http-nio-8888-exec-6] INFO  o.s.c.c.s.e.NativeEnvironmentRepository - Adding property source: Config resource 'file [/Users/philipheur/practice/gradle/HShop/config-repo/catalog-service.yml]' via location 'file:///Users/philipheur/practice/gradle/HShop/config-repo/'
2024-03-12 13:57:51 [http-nio-8888-exec-6] INFO  o.s.c.c.s.e.NativeEnvironmentRepository - Adding property source: Config resource 'file [/Users/philipheur/practice/gradle/HShop/config-repo/application.yml]' via location 'file:///Users/philipheur/practice/gradle/HShop/config-repo/'
2024-03-12 13:57:56 [http-nio-8888-exec-7] INFO  o.s.c.c.s.e.NativeEnvironmentRepository - Adding property source: Config resource 'file [/Users/philipheur/practice/gradle/HShop/config-repo/gateway-service.yml]' via location 'file:///Users/philipheur/practice/gradle/HShop/config-repo/'
2024-03-12 13:57:56 [http-nio-8888-exec-7] INFO  o.s.c.c.s.e.NativeEnvironmentRepository - Adding property source: Config resource 'file [/Users/philipheur/practice/gradle/HShop/config-repo/application.yml]' via location 'file:///Users/philipheur/practice/gradle/HShop/config-repo/'
2024-03-12 13:57:59 [http-nio-8888-exec-8] INFO  o.s.c.c.s.e.NativeEnvironmentRepository - Adding property source: Config resource 'file [/Users/philipheur/practice/gradle/HShop/config-repo/catalog-service.yml]' via location 'file:///Users/philipheur/practice/gradle/HShop/config-repo/'
2024-03-12 13:57:59 [http-nio-8888-exec-8] INFO  o.s.c.c.s.e.NativeEnvironmentRepository - Adding property source: Config resource 'file [/Users/philipheur/practice/gradle/HShop/config-repo/application.yml]' via location 'file:///Users/philipheur/practice/gradle/HShop/config-repo/'
2024-03-12 13:58:01 [http-nio-8888-exec-9] INFO  o.s.c.c.s.e.NativeEnvironmentRepository - Adding property source: Config resource 'file [/Users/philipheur/practice/gradle/HShop/config-repo/catalog-service.yml]' via location 'file:///Users/philipheur/practice/gradle/HShop/config-repo/'
2024-03-12 13:58:01 [http-nio-8888-exec-9] INFO  o.s.c.c.s.e.NativeEnvironmentRepository - Adding property source: Config resource 'file [/Users/philipheur/practice/gradle/HShop/config-repo/application.yml]' via location 'file:///Users/philipheur/practice/gradle/HShop/config-repo/'
2024-03-12 13:58:26 [http-nio-8888-exec-10] INFO  o.s.c.c.s.e.NativeEnvironmentRepository - Adding property source: Config resource 'file [/Users/philipheur/practice/gradle/HShop/config-repo/user-service.yml]' via location 'file:///Users/philipheur/practice/gradle/HShop/config-repo/'
2024-03-12 13:58:26 [http-nio-8888-exec-10] INFO  o.s.c.c.s.e.NativeEnvironmentRepository - Adding property source: Config resource 'file [/Users/philipheur/practice/gradle/HShop/config-repo/application.yml]' via location 'file:///Users/philipheur/practice/gradle/HShop/config-repo/'
2024-03-12 13:59:07 [http-nio-8888-exec-3] INFO  o.s.c.c.s.e.NativeEnvironmentRepository - Adding property source: Config resource 'file [/Users/philipheur/practice/gradle/HShop/config-repo/gateway-service.yml]' via location 'file:///Users/philipheur/practice/gradle/HShop/config-repo/'
2024-03-12 13:59:07 [http-nio-8888-exec-3] INFO  o.s.c.c.s.e.NativeEnvironmentRepository - Adding property source: Config resource 'file [/Users/philipheur/practice/gradle/HShop/config-repo/application.yml]' via location 'file:///Users/philipheur/practice/gradle/HShop/config-repo/'
2024-03-12 14:01:15 [http-nio-8888-exec-6] INFO  o.s.c.c.s.e.NativeEnvironmentRepository - Adding property source: Config resource 'file [/Users/philipheur/practice/gradle/HShop/config-repo/application.yml]' via location 'file:///Users/philipheur/practice/gradle/HShop/config-repo/'
2024-03-12 14:01:16 [http-nio-8888-exec-7] INFO  o.s.c.c.s.e.NativeEnvironmentRepository - Adding property source: Config resource 'file [/Users/philipheur/practice/gradle/HShop/config-repo/application.yml]' via location 'file:///Users/philipheur/practice/gradle/HShop/config-repo/'
2024-03-12 14:03:28 [http-nio-8888-exec-8] INFO  o.s.c.c.s.e.NativeEnvironmentRepository - Adding property source: Config resource 'file [/Users/philipheur/practice/gradle/HShop/config-repo/user-service.yml]' via location 'file:///Users/philipheur/practice/gradle/HShop/config-repo/'
2024-03-12 14:03:28 [http-nio-8888-exec-8] INFO  o.s.c.c.s.e.NativeEnvironmentRepository - Adding property source: Config resource 'file [/Users/philipheur/practice/gradle/HShop/config-repo/application.yml]' via location 'file:///Users/philipheur/practice/gradle/HShop/config-repo/'
2024-03-12 14:05:38 [http-nio-8888-exec-10] INFO  o.s.c.c.s.e.NativeEnvironmentRepository - Adding property source: Config resource 'file [/Users/philipheur/practice/gradle/HShop/config-repo/catalog-service.yml]' via location 'file:///Users/philipheur/practice/gradle/HShop/config-repo/'
2024-03-12 14:05:38 [http-nio-8888-exec-10] INFO  o.s.c.c.s.e.NativeEnvironmentRepository - Adding property source: Config resource 'file [/Users/philipheur/practice/gradle/HShop/config-repo/application.yml]' via location 'file:///Users/philipheur/practice/gradle/HShop/config-repo/'
2024-03-12 14:07:39 [http-nio-8888-exec-2] INFO  o.s.c.c.s.e.NativeEnvironmentRepository - Adding property source: Config resource 'file [/Users/philipheur/practice/gradle/HShop/config-repo/catalog-service.yml]' via location 'file:///Users/philipheur/practice/gradle/HShop/config-repo/'
2024-03-12 14:07:39 [http-nio-8888-exec-2] INFO  o.s.c.c.s.e.NativeEnvironmentRepository - Adding property source: Config resource 'file [/Users/philipheur/practice/gradle/HShop/config-repo/application.yml]' via location 'file:///Users/philipheur/practice/gradle/HShop/config-repo/'
2024-03-12 14:10:29 [http-nio-8888-exec-4] INFO  o.s.c.c.s.e.NativeEnvironmentRepository - Adding property source: Config resource 'file [/Users/philipheur/practice/gradle/HShop/config-repo/application.yml]' via location 'file:///Users/philipheur/practice/gradle/HShop/config-repo/'
2024-03-12 14:14:22 [http-nio-8888-exec-5] INFO  o.s.c.c.s.e.NativeEnvironmentRepository - Adding property source: Config resource 'file [/Users/philipheur/practice/gradle/HShop/config-repo/application.yml]' via location 'file:///Users/philipheur/practice/gradle/HShop/config-repo/'
2024-03-12 14:21:23 [http-nio-8888-exec-6] INFO  o.s.c.c.s.e.NativeEnvironmentRepository - Adding property source: Config resource 'file [/Users/philipheur/practice/gradle/HShop/config-repo/user-service.yml]' via location 'file:///Users/philipheur/practice/gradle/HShop/config-repo/'
2024-03-12 14:21:23 [http-nio-8888-exec-6] INFO  o.s.c.c.s.e.NativeEnvironmentRepository - Adding property source: Config resource 'file [/Users/philipheur/practice/gradle/HShop/config-repo/application.yml]' via location 'file:///Users/philipheur/practice/gradle/HShop/config-repo/'
2024-03-12 14:26:54 [http-nio-8888-exec-8] INFO  o.s.c.c.s.e.NativeEnvironmentRepository - Adding property source: Config resource 'file [/Users/philipheur/practice/gradle/HShop/config-repo/user-service.yml]' via location 'file:///Users/philipheur/practice/gradle/HShop/config-repo/'
2024-03-12 14:26:54 [http-nio-8888-exec-8] INFO  o.s.c.c.s.e.NativeEnvironmentRepository - Adding property source: Config resource 'file [/Users/philipheur/practice/gradle/HShop/config-repo/application.yml]' via location 'file:///Users/philipheur/practice/gradle/HShop/config-repo/'
2024-03-12 14:27:05 [http-nio-8888-exec-10] INFO  o.s.c.c.s.e.NativeEnvironmentRepository - Adding property source: Config resource 'file [/Users/philipheur/practice/gradle/HShop/config-repo/user-service.yml]' via location 'file:///Users/philipheur/practice/gradle/HShop/config-repo/'
2024-03-12 14:27:05 [http-nio-8888-exec-10] INFO  o.s.c.c.s.e.NativeEnvironmentRepository - Adding property source: Config resource 'file [/Users/philipheur/practice/gradle/HShop/config-repo/application.yml]' via location 'file:///Users/philipheur/practice/gradle/HShop/config-repo/'
2024-03-12 14:29:42 [http-nio-8888-exec-2] INFO  o.s.c.c.s.e.NativeEnvironmentRepository - Adding property source: Config resource 'file [/Users/philipheur/practice/gradle/HShop/config-repo/user-service.yml]' via location 'file:///Users/philipheur/practice/gradle/HShop/config-repo/'
2024-03-12 14:29:42 [http-nio-8888-exec-2] INFO  o.s.c.c.s.e.NativeEnvironmentRepository - Adding property source: Config resource 'file [/Users/philipheur/practice/gradle/HShop/config-repo/application.yml]' via location 'file:///Users/philipheur/practice/gradle/HShop/config-repo/'
2024-03-12 14:30:17 [http-nio-8888-exec-3] INFO  o.s.c.c.s.e.NativeEnvironmentRepository - Adding property source: Config resource 'file [/Users/philipheur/practice/gradle/HShop/config-repo/catalog-service.yml]' via location 'file:///Users/philipheur/practice/gradle/HShop/config-repo/'
2024-03-12 14:30:17 [http-nio-8888-exec-3] INFO  o.s.c.c.s.e.NativeEnvironmentRepository - Adding property source: Config resource 'file [/Users/philipheur/practice/gradle/HShop/config-repo/application.yml]' via location 'file:///Users/philipheur/practice/gradle/HShop/config-repo/'
2024-03-12 14:35:11 [http-nio-8888-exec-6] INFO  o.s.c.c.s.e.NativeEnvironmentRepository - Adding property source: Config resource 'file [/Users/philipheur/practice/gradle/HShop/config-repo/catalog-service.yml]' via location 'file:///Users/philipheur/practice/gradle/HShop/config-repo/'
2024-03-12 14:35:11 [http-nio-8888-exec-6] INFO  o.s.c.c.s.e.NativeEnvironmentRepository - Adding property source: Config resource 'file [/Users/philipheur/practice/gradle/HShop/config-repo/application.yml]' via location 'file:///Users/philipheur/practice/gradle/HShop/config-repo/'
2024-03-12 14:53:56 [http-nio-8888-exec-8] INFO  o.s.c.c.s.e.NativeEnvironmentRepository - Adding property source: Config resource 'file [/Users/philipheur/practice/gradle/HShop/config-repo/catalog-service.yml]' via location 'file:///Users/philipheur/practice/gradle/HShop/config-repo/'
2024-03-12 14:53:56 [http-nio-8888-exec-8] INFO  o.s.c.c.s.e.NativeEnvironmentRepository - Adding property source: Config resource 'file [/Users/philipheur/practice/gradle/HShop/config-repo/application.yml]' via location 'file:///Users/philipheur/practice/gradle/HShop/config-repo/'
2024-03-12 14:54:57 [http-nio-8888-exec-10] INFO  o.s.c.c.s.e.NativeEnvironmentRepository - Adding property source: Config resource 'file [/Users/philipheur/practice/gradle/HShop/config-repo/application.yml]' via location 'file:///Users/philipheur/practice/gradle/HShop/config-repo/'
2024-03-12 15:00:15 [http-nio-8888-exec-1] INFO  o.s.c.c.s.e.NativeEnvironmentRepository - Adding property source: Config resource 'file [/Users/philipheur/practice/gradle/HShop/config-repo/catalog-service.yml]' via location 'file:///Users/philipheur/practice/gradle/HShop/config-repo/'
2024-03-12 15:00:15 [http-nio-8888-exec-1] INFO  o.s.c.c.s.e.NativeEnvironmentRepository - Adding property source: Config resource 'file [/Users/philipheur/practice/gradle/HShop/config-repo/application.yml]' via location 'file:///Users/philipheur/practice/gradle/HShop/config-repo/'
2024-03-12 15:06:51 [http-nio-8888-exec-3] INFO  o.s.c.c.s.e.NativeEnvironmentRepository - Adding property source: Config resource 'file [/Users/philipheur/practice/gradle/HShop/config-repo/application.yml]' via location 'file:///Users/philipheur/practice/gradle/HShop/config-repo/'
2024-03-12 15:11:46 [http-nio-8888-exec-4] INFO  o.s.c.c.s.e.NativeEnvironmentRepository - Adding property source: Config resource 'file [/Users/philipheur/practice/gradle/HShop/config-repo/gateway-service.yml]' via location 'file:///Users/philipheur/practice/gradle/HShop/config-repo/'
2024-03-12 15:11:46 [http-nio-8888-exec-4] INFO  o.s.c.c.s.e.NativeEnvironmentRepository - Adding property source: Config resource 'file [/Users/philipheur/practice/gradle/HShop/config-repo/application.yml]' via location 'file:///Users/philipheur/practice/gradle/HShop/config-repo/'
2024-03-12 15:18:37 [http-nio-8888-exec-6] INFO  o.s.c.c.s.e.NativeEnvironmentRepository - Adding property source: Config resource 'file [/Users/philipheur/practice/gradle/HShop/config-repo/application.yml]' via location 'file:///Users/philipheur/practice/gradle/HShop/config-repo/'
2024-03-12 15:20:50 [http-nio-8888-exec-7] INFO  o.s.c.c.s.e.NativeEnvironmentRepository - Adding property source: Config resource 'file [/Users/philipheur/practice/gradle/HShop/config-repo/gateway-service.yml]' via location 'file:///Users/philipheur/practice/gradle/HShop/config-repo/'
2024-03-12 15:20:50 [http-nio-8888-exec-7] INFO  o.s.c.c.s.e.NativeEnvironmentRepository - Adding property source: Config resource 'file [/Users/philipheur/practice/gradle/HShop/config-repo/application.yml]' via location 'file:///Users/philipheur/practice/gradle/HShop/config-repo/'
2024-03-12 15:22:58 [http-nio-8888-exec-9] INFO  o.s.c.c.s.e.NativeEnvironmentRepository - Adding property source: Config resource 'file [/Users/philipheur/practice/gradle/HShop/config-repo/application.yml]' via location 'file:///Users/philipheur/practice/gradle/HShop/config-repo/'
2024-03-12 15:56:08 [http-nio-8888-exec-3] INFO  o.s.c.c.s.e.NativeEnvironmentRepository - Adding property source: Config resource 'file [/Users/philipheur/practice/gradle/HShop/config-repo/application.yml]' via location 'file:///Users/philipheur/practice/gradle/HShop/config-repo/'
2024-03-12 15:56:09 [http-nio-8888-exec-4] INFO  o.s.c.c.s.e.NativeEnvironmentRepository - Adding property source: Config resource 'file [/Users/philipheur/practice/gradle/HShop/config-repo/application.yml]' via location 'file:///Users/philipheur/practice/gradle/HShop/config-repo/'
2024-03-12 15:56:48 [http-nio-8888-exec-8] INFO  o.s.c.c.s.e.NativeEnvironmentRepository - Adding property source: Config resource 'file [/Users/philipheur/practice/gradle/HShop/config-repo/application.yml]' via location 'file:///Users/philipheur/practice/gradle/HShop/config-repo/'
2024-03-12 15:56:53 [http-nio-8888-exec-9] INFO  o.s.c.c.s.e.NativeEnvironmentRepository - Adding property source: Config resource 'file [/Users/philipheur/practice/gradle/HShop/config-repo/application.yml]' via location 'file:///Users/philipheur/practice/gradle/HShop/config-repo/'
2024-03-12 15:57:23 [http-nio-8888-exec-10] INFO  o.s.c.c.s.e.NativeEnvironmentRepository - Adding property source: Config resource 'file [/Users/philipheur/practice/gradle/HShop/config-repo/application.yml]' via location 'file:///Users/philipheur/practice/gradle/HShop/config-repo/'
2024-03-12 15:57:36 [http-nio-8888-exec-1] INFO  o.s.c.c.s.e.NativeEnvironmentRepository - Adding property source: Config resource 'file [/Users/philipheur/practice/gradle/HShop/config-repo/application.yml]' via location 'file:///Users/philipheur/practice/gradle/HShop/config-repo/'
2024-03-12 16:08:37 [http-nio-8888-exec-2] INFO  o.s.c.c.s.e.NativeEnvironmentRepository - Adding property source: Config resource 'file [/Users/philipheur/practice/gradle/HShop/config-repo/application.yml]' via location 'file:///Users/philipheur/practice/gradle/HShop/config-repo/'
2024-03-12 16:08:37 [http-nio-8888-exec-3] INFO  o.s.c.c.s.e.NativeEnvironmentRepository - Adding property source: Config resource 'file [/Users/philipheur/practice/gradle/HShop/config-repo/application.yml]' via location 'file:///Users/philipheur/practice/gradle/HShop/config-repo/'
2024-03-12 16:08:38 [http-nio-8888-exec-4] INFO  o.s.c.c.s.e.NativeEnvironmentRepository - Adding property source: Config resource 'file [/Users/philipheur/practice/gradle/HShop/config-repo/application.yml]' via location 'file:///Users/philipheur/practice/gradle/HShop/config-repo/'
2024-03-12 16:08:40 [http-nio-8888-exec-5] INFO  o.s.c.c.s.e.NativeEnvironmentRepository - Adding property source: Config resource 'file [/Users/philipheur/practice/gradle/HShop/config-repo/application.yml]' via location 'file:///Users/philipheur/practice/gradle/HShop/config-repo/'
2024-03-12 16:08:40 [http-nio-8888-exec-6] INFO  o.s.c.c.s.e.NativeEnvironmentRepository - Adding property source: Config resource 'file [/Users/philipheur/practice/gradle/HShop/config-repo/application.yml]' via location 'file:///Users/philipheur/practice/gradle/HShop/config-repo/'
2024-03-12 16:09:08 [http-nio-8888-exec-7] INFO  o.s.c.c.s.e.NativeEnvironmentRepository - Adding property source: Config resource 'file [/Users/philipheur/practice/gradle/HShop/config-repo/application.yml]' via location 'file:///Users/philipheur/practice/gradle/HShop/config-repo/'
2024-03-12 16:11:03 [http-nio-8888-exec-8] INFO  o.s.c.c.s.e.NativeEnvironmentRepository - Adding property source: Config resource 'file [/Users/philipheur/practice/gradle/HShop/config-repo/application.yml]' via location 'file:///Users/philipheur/practice/gradle/HShop/config-repo/'
2024-03-12 16:11:06 [http-nio-8888-exec-9] INFO  o.s.c.c.s.e.NativeEnvironmentRepository - Adding property source: Config resource 'file [/Users/philipheur/practice/gradle/HShop/config-repo/application.yml]' via location 'file:///Users/philipheur/practice/gradle/HShop/config-repo/'
2024-03-12 16:12:51 [http-nio-8888-exec-10] INFO  o.s.c.c.s.e.NativeEnvironmentRepository - Adding property source: Config resource 'file [/Users/philipheur/practice/gradle/HShop/config-repo/user-service.yml]' via location 'file:///Users/philipheur/practice/gradle/HShop/config-repo/'
2024-03-12 16:12:51 [http-nio-8888-exec-10] INFO  o.s.c.c.s.e.NativeEnvironmentRepository - Adding property source: Config resource 'file [/Users/philipheur/practice/gradle/HShop/config-repo/application.yml]' via location 'file:///Users/philipheur/practice/gradle/HShop/config-repo/'
2024-03-12 16:13:32 [http-nio-8888-exec-1] INFO  o.s.c.c.s.e.NativeEnvironmentRepository - Adding property source: Config resource 'file [/Users/philipheur/practice/gradle/HShop/config-repo/catalog-service.yml]' via location 'file:///Users/philipheur/practice/gradle/HShop/config-repo/'
2024-03-12 16:13:32 [http-nio-8888-exec-1] INFO  o.s.c.c.s.e.NativeEnvironmentRepository - Adding property source: Config resource 'file [/Users/philipheur/practice/gradle/HShop/config-repo/application.yml]' via location 'file:///Users/philipheur/practice/gradle/HShop/config-repo/'
2024-03-12 16:14:45 [http-nio-8888-exec-4] INFO  o.s.c.c.s.e.NativeEnvironmentRepository - Adding property source: Config resource 'file [/Users/philipheur/practice/gradle/HShop/config-repo/user-service.yml]' via location 'file:///Users/philipheur/practice/gradle/HShop/config-repo/'
2024-03-12 16:14:45 [http-nio-8888-exec-4] INFO  o.s.c.c.s.e.NativeEnvironmentRepository - Adding property source: Config resource 'file [/Users/philipheur/practice/gradle/HShop/config-repo/application.yml]' via location 'file:///Users/philipheur/practice/gradle/HShop/config-repo/'
2024-03-12 16:15:43 [http-nio-8888-exec-5] INFO  o.s.c.c.s.e.NativeEnvironmentRepository - Adding property source: Config resource 'file [/Users/philipheur/practice/gradle/HShop/config-repo/catalog-service.yml]' via location 'file:///Users/philipheur/practice/gradle/HShop/config-repo/'
2024-03-12 16:15:43 [http-nio-8888-exec-5] INFO  o.s.c.c.s.e.NativeEnvironmentRepository - Adding property source: Config resource 'file [/Users/philipheur/practice/gradle/HShop/config-repo/application.yml]' via location 'file:///Users/philipheur/practice/gradle/HShop/config-repo/'
2024-03-12 16:17:12 [http-nio-8888-exec-9] INFO  o.s.c.c.s.e.NativeEnvironmentRepository - Adding property source: Config resource 'file [/Users/philipheur/practice/gradle/HShop/config-repo/user-service.yml]' via location 'file:///Users/philipheur/practice/gradle/HShop/config-repo/'
2024-03-12 16:17:12 [http-nio-8888-exec-9] INFO  o.s.c.c.s.e.NativeEnvironmentRepository - Adding property source: Config resource 'file [/Users/philipheur/practice/gradle/HShop/config-repo/application.yml]' via location 'file:///Users/philipheur/practice/gradle/HShop/config-repo/'
2024-03-12 16:18:49 [http-nio-8888-exec-1] INFO  o.s.c.c.s.e.NativeEnvironmentRepository - Adding property source: Config resource 'file [/Users/philipheur/practice/gradle/HShop/config-repo/application.yml]' via location 'file:///Users/philipheur/practice/gradle/HShop/config-repo/'
2024-03-12 16:22:04 [http-nio-8888-exec-2] INFO  o.s.c.c.s.e.NativeEnvironmentRepository - Adding property source: Config resource 'file [/Users/philipheur/practice/gradle/HShop/config-repo/application.yml]' via location 'file:///Users/philipheur/practice/gradle/HShop/config-repo/'
2024-03-12 16:22:05 [http-nio-8888-exec-3] INFO  o.s.c.c.s.e.NativeEnvironmentRepository - Adding property source: Config resource 'file [/Users/philipheur/practice/gradle/HShop/config-repo/application.yml]' via location 'file:///Users/philipheur/practice/gradle/HShop/config-repo/'
2024-03-12 16:22:06 [http-nio-8888-exec-4] INFO  o.s.c.c.s.e.NativeEnvironmentRepository - Adding property source: Config resource 'file [/Users/philipheur/practice/gradle/HShop/config-repo/application.yml]' via location 'file:///Users/philipheur/practice/gradle/HShop/config-repo/'
2024-03-12 16:22:55 [http-nio-8888-exec-5] INFO  o.s.c.c.s.e.NativeEnvironmentRepository - Adding property source: Config resource 'file [/Users/philipheur/practice/gradle/HShop/config-repo/application.yml]' via location 'file:///Users/philipheur/practice/gradle/HShop/config-repo/'
2024-03-12 16:24:55 [http-nio-8888-exec-6] INFO  o.s.c.c.s.e.NativeEnvironmentRepository - Adding property source: Config resource 'file [/Users/philipheur/practice/gradle/HShop/config-repo/gateway-service.yml]' via location 'file:///Users/philipheur/practice/gradle/HShop/config-repo/'
2024-03-12 16:24:55 [http-nio-8888-exec-6] INFO  o.s.c.c.s.e.NativeEnvironmentRepository - Adding property source: Config resource 'file [/Users/philipheur/practice/gradle/HShop/config-repo/application.yml]' via location 'file:///Users/philipheur/practice/gradle/HShop/config-repo/'
2024-03-12 16:25:23 [http-nio-8888-exec-8] INFO  o.s.c.c.s.e.NativeEnvironmentRepository - Adding property source: Config resource 'file [/Users/philipheur/practice/gradle/HShop/config-repo/gateway-service.yml]' via location 'file:///Users/philipheur/practice/gradle/HShop/config-repo/'
2024-03-12 16:25:23 [http-nio-8888-exec-8] INFO  o.s.c.c.s.e.NativeEnvironmentRepository - Adding property source: Config resource 'file [/Users/philipheur/practice/gradle/HShop/config-repo/application.yml]' via location 'file:///Users/philipheur/practice/gradle/HShop/config-repo/'
2024-03-12 16:27:55 [http-nio-8888-exec-10] INFO  o.s.c.c.s.e.NativeEnvironmentRepository - Adding property source: Config resource 'file [/Users/philipheur/practice/gradle/HShop/config-repo/user-service.yml]' via location 'file:///Users/philipheur/practice/gradle/HShop/config-repo/'
2024-03-12 16:27:55 [http-nio-8888-exec-10] INFO  o.s.c.c.s.e.NativeEnvironmentRepository - Adding property source: Config resource 'file [/Users/philipheur/practice/gradle/HShop/config-repo/application.yml]' via location 'file:///Users/philipheur/practice/gradle/HShop/config-repo/'
2024-03-12 16:28:06 [http-nio-8888-exec-1] INFO  o.s.c.c.s.e.NativeEnvironmentRepository - Adding property source: Config resource 'file [/Users/philipheur/practice/gradle/HShop/config-repo/application.yml]' via location 'file:///Users/philipheur/practice/gradle/HShop/config-repo/'
2024-03-12 16:28:49 [springCloudBus.anonymous.ycca2RkFQI-hBiRZ9KWpUg-1] INFO  o.s.cloud.bus.event.RefreshListener - Received remote refresh request.
2024-03-12 16:28:49 [http-nio-8888-exec-2] INFO  o.s.c.c.s.e.NativeEnvironmentRepository - Adding property source: Config resource 'file [/Users/philipheur/practice/gradle/HShop/config-repo/user-service.yml]' via location 'file:///Users/philipheur/practice/gradle/HShop/config-repo/'
2024-03-12 16:28:49 [http-nio-8888-exec-2] INFO  o.s.c.c.s.e.NativeEnvironmentRepository - Adding property source: Config resource 'file [/Users/philipheur/practice/gradle/HShop/config-repo/application.yml]' via location 'file:///Users/philipheur/practice/gradle/HShop/config-repo/'
2024-03-12 16:28:49 [http-nio-8888-exec-3] INFO  o.s.c.c.s.e.NativeEnvironmentRepository - Adding property source: Config resource 'file [/Users/philipheur/practice/gradle/HShop/config-repo/gateway-service.yml]' via location 'file:///Users/philipheur/practice/gradle/HShop/config-repo/'
2024-03-12 16:28:49 [http-nio-8888-exec-3] INFO  o.s.c.c.s.e.NativeEnvironmentRepository - Adding property source: Config resource 'file [/Users/philipheur/practice/gradle/HShop/config-repo/application.yml]' via location 'file:///Users/philipheur/practice/gradle/HShop/config-repo/'
2024-03-12 16:28:49 [http-nio-8888-exec-4] INFO  o.s.c.c.s.e.NativeEnvironmentRepository - Adding property source: Config resource 'file [/Users/philipheur/practice/gradle/HShop/config-repo/catalog-service.yml]' via location 'file:///Users/philipheur/practice/gradle/HShop/config-repo/'
2024-03-12 16:28:49 [http-nio-8888-exec-4] INFO  o.s.c.c.s.e.NativeEnvironmentRepository - Adding property source: Config resource 'file [/Users/philipheur/practice/gradle/HShop/config-repo/application.yml]' via location 'file:///Users/philipheur/practice/gradle/HShop/config-repo/'
2024-03-12 16:28:49 [springCloudBus.anonymous.ycca2RkFQI-hBiRZ9KWpUg-1] INFO  o.s.cloud.bus.event.RefreshListener - Keys refreshed []
2024-03-12 16:28:49 [springCloudBus.anonymous.ycca2RkFQI-hBiRZ9KWpUg-1] INFO  o.s.c.s.m.DirectWithAttributesChannel - Channel 'unknown.channel.name' has 1 subscriber(s).
2024-03-12 16:28:49 [springCloudBus.anonymous.ycca2RkFQI-hBiRZ9KWpUg-1] INFO  o.s.a.r.c.CachingConnectionFactory - Attempting to connect to: [192.168.50.141:5672]
2024-03-12 16:28:49 [springCloudBus.anonymous.ycca2RkFQI-hBiRZ9KWpUg-1] INFO  o.s.a.r.c.CachingConnectionFactory - Created new connection: rabbitConnectionFactory.publisher#149c9634:0/SimpleConnection@2b937105 [delegate=amqp://guest@192.168.50.141:5672/, localPort=50460]
2024-03-12 16:28:49 [springCloudBus.anonymous.ycca2RkFQI-hBiRZ9KWpUg-1] INFO  o.s.amqp.rabbit.core.RabbitAdmin - Auto-declaring a non-durable, auto-delete, or exclusive Queue (springCloudBus.anonymous.ycca2RkFQI-hBiRZ9KWpUg) durable:false, auto-delete:true, exclusive:true. It will be redeclared if the broker stops and is restarted while the connection factory is alive, but all messages will be lost.
2024-03-12 16:31:43 [http-nio-8888-exec-8] INFO  o.s.c.c.s.e.NativeEnvironmentRepository - Adding property source: Config resource 'file [/Users/philipheur/practice/gradle/HShop/config-repo/gateway-service.yml]' via location 'file:///Users/philipheur/practice/gradle/HShop/config-repo/'
2024-03-12 16:31:43 [http-nio-8888-exec-8] INFO  o.s.c.c.s.e.NativeEnvironmentRepository - Adding property source: Config resource 'file [/Users/philipheur/practice/gradle/HShop/config-repo/application.yml]' via location 'file:///Users/philipheur/practice/gradle/HShop/config-repo/'
2024-03-12 16:32:13 [http-nio-8888-exec-10] INFO  o.s.c.c.s.e.NativeEnvironmentRepository - Adding property source: Config resource 'file [/Users/philipheur/practice/gradle/HShop/config-repo/gateway-service.yml]' via location 'file:///Users/philipheur/practice/gradle/HShop/config-repo/'
2024-03-12 16:32:13 [http-nio-8888-exec-10] INFO  o.s.c.c.s.e.NativeEnvironmentRepository - Adding property source: Config resource 'file [/Users/philipheur/practice/gradle/HShop/config-repo/application.yml]' via location 'file:///Users/philipheur/practice/gradle/HShop/config-repo/'
2024-03-12 16:33:11 [http-nio-8888-exec-2] INFO  o.s.c.c.s.e.NativeEnvironmentRepository - Adding property source: Config resource 'file [/Users/philipheur/practice/gradle/HShop/config-repo/gateway-service.yml]' via location 'file:///Users/philipheur/practice/gradle/HShop/config-repo/'
2024-03-12 16:33:11 [http-nio-8888-exec-2] INFO  o.s.c.c.s.e.NativeEnvironmentRepository - Adding property source: Config resource 'file [/Users/philipheur/practice/gradle/HShop/config-repo/application.yml]' via location 'file:///Users/philipheur/practice/gradle/HShop/config-repo/'
2024-03-12 16:34:19 [http-nio-8888-exec-4] WARN  o.s.w.s.m.s.DefaultHandlerExceptionResolver - Resolved [org.springframework.web.HttpRequestMethodNotSupportedException: Request method 'POST' is not supported]
2024-03-12 16:35:11 [http-nio-8888-exec-5] WARN  o.s.w.s.m.s.DefaultHandlerExceptionResolver - Resolved [org.springframework.web.HttpRequestMethodNotSupportedException: Request method 'POST' is not supported]
2024-03-12 16:35:13 [http-nio-8888-exec-6] WARN  o.s.w.s.m.s.DefaultHandlerExceptionResolver - Resolved [org.springframework.web.HttpRequestMethodNotSupportedException: Request method 'POST' is not supported]
2024-03-12 16:35:17 [http-nio-8888-exec-7] WARN  o.s.w.s.m.s.DefaultHandlerExceptionResolver - Resolved [org.springframework.web.HttpRequestMethodNotSupportedException: Request method 'POST' is not supported]
2024-03-12 16:35:18 [http-nio-8888-exec-8] WARN  o.s.w.s.m.s.DefaultHandlerExceptionResolver - Resolved [org.springframework.web.HttpRequestMethodNotSupportedException: Request method 'POST' is not supported]
2024-03-12 16:35:18 [http-nio-8888-exec-9] WARN  o.s.w.s.m.s.DefaultHandlerExceptionResolver - Resolved [org.springframework.web.HttpRequestMethodNotSupportedException: Request method 'POST' is not supported]
2024-03-12 16:35:18 [http-nio-8888-exec-10] WARN  o.s.w.s.m.s.DefaultHandlerExceptionResolver - Resolved [org.springframework.web.HttpRequestMethodNotSupportedException: Request method 'POST' is not supported]
2024-03-12 16:35:19 [http-nio-8888-exec-1] WARN  o.s.w.s.m.s.DefaultHandlerExceptionResolver - Resolved [org.springframework.web.HttpRequestMethodNotSupportedException: Request method 'POST' is not supported]
2024-03-12 16:35:23 [http-nio-8888-exec-2] WARN  o.s.w.s.m.s.DefaultHandlerExceptionResolver - Resolved [org.springframework.web.HttpRequestMethodNotSupportedException: Request method 'POST' is not supported]
2024-03-12 16:35:24 [http-nio-8888-exec-3] WARN  o.s.w.s.m.s.DefaultHandlerExceptionResolver - Resolved [org.springframework.web.HttpRequestMethodNotSupportedException: Request method 'POST' is not supported]
2024-03-12 16:35:25 [http-nio-8888-exec-4] WARN  o.s.w.s.m.s.DefaultHandlerExceptionResolver - Resolved [org.springframework.web.HttpRequestMethodNotSupportedException: Request method 'POST' is not supported]
2024-03-12 16:35:25 [http-nio-8888-exec-5] WARN  o.s.w.s.m.s.DefaultHandlerExceptionResolver - Resolved [org.springframework.web.HttpRequestMethodNotSupportedException: Request method 'POST' is not supported]
2024-03-12 16:35:28 [http-nio-8888-exec-6] INFO  o.s.c.c.s.e.NativeEnvironmentRepository - Adding property source: Config resource 'file [/Users/philipheur/practice/gradle/HShop/config-repo/application.yml]' via location 'file:///Users/philipheur/practice/gradle/HShop/config-repo/'
2024-03-12 17:01:28 [AMQP Connection 192.168.50.141:5672] WARN  c.r.c.impl.ForgivingExceptionHandler - An unexpected connection driver error occurred (Exception message: Connection reset)
2024-03-12 17:01:28 [springCloudBus.anonymous.ycca2RkFQI-hBiRZ9KWpUg-1] INFO  o.s.a.r.l.SimpleMessageListenerContainer - Restarting Consumer@1f013047: tags=[[amq.ctag-OxfIpliVgqg0cni3g_dCdA]], channel=Cached Rabbit Channel: AMQChannel(amqp://guest@192.168.50.141:5672/,1), conn: Proxy@5bb3dee7 Shared Rabbit Connection: SimpleConnection@66a93b25 [delegate=amqp://guest@192.168.50.141:5672/, localPort=65108], acknowledgeMode=AUTO local queue size=0
2024-03-12 17:01:28 [springCloudBus.anonymous.ycca2RkFQI-hBiRZ9KWpUg-2] INFO  o.s.a.r.c.CachingConnectionFactory - Attempting to connect to: [192.168.50.141:5672]
2024-03-12 17:01:28 [springCloudBus.anonymous.ycca2RkFQI-hBiRZ9KWpUg-2] INFO  o.s.a.r.c.CachingConnectionFactory - Created new connection: rabbitConnectionFactory#4c8abec7:1/SimpleConnection@77b4f95a [delegate=amqp://guest@192.168.50.141:5672/, localPort=55121]
2024-03-12 17:01:28 [springCloudBus.anonymous.ycca2RkFQI-hBiRZ9KWpUg-2] INFO  o.s.amqp.rabbit.core.RabbitAdmin - Auto-declaring a non-durable, auto-delete, or exclusive Queue (springCloudBus.anonymous.ycca2RkFQI-hBiRZ9KWpUg) durable:false, auto-delete:true, exclusive:true. It will be redeclared if the broker stops and is restarted while the connection factory is alive, but all messages will be lost.
2024-03-12 17:01:30 [AMQP Connection 192.168.50.141:5672] WARN  c.r.c.impl.ForgivingExceptionHandler - An unexpected connection driver error occurred (Exception message: Connection reset)
2024-03-12 17:03:13 [http-nio-8888-exec-7] INFO  o.s.c.c.s.e.NativeEnvironmentRepository - Adding property source: Config resource 'file [/Users/philipheur/practice/gradle/HShop/config-repo/catalog-service.yml]' via location 'file:///Users/philipheur/practice/gradle/HShop/config-repo/'
2024-03-12 17:03:13 [http-nio-8888-exec-7] INFO  o.s.c.c.s.e.NativeEnvironmentRepository - Adding property source: Config resource 'file [/Users/philipheur/practice/gradle/HShop/config-repo/application.yml]' via location 'file:///Users/philipheur/practice/gradle/HShop/config-repo/'
2024-03-12 17:18:29 [springCloudBus.anonymous.ycca2RkFQI-hBiRZ9KWpUg-2] INFO  o.s.a.r.l.SimpleMessageListenerContainer - Restarting Consumer@3bdde66f: tags=[[amq.ctag-sev_hVAK-2XmZQk9UvZO7g]], channel=Cached Rabbit Channel: AMQChannel(amqp://guest@192.168.50.141:5672/,2), conn: Proxy@5bb3dee7 Shared Rabbit Connection: SimpleConnection@77b4f95a [delegate=amqp://guest@192.168.50.141:5672/, localPort=55121], acknowledgeMode=AUTO local queue size=0
2024-03-12 17:18:29 [springCloudBus.anonymous.ycca2RkFQI-hBiRZ9KWpUg-3] INFO  o.s.a.r.c.CachingConnectionFactory - Attempting to connect to: [192.168.50.141:5672]
2024-03-12 17:18:29 [springCloudBus.anonymous.ycca2RkFQI-hBiRZ9KWpUg-3] INFO  o.s.a.r.c.CachingConnectionFactory - Created new connection: rabbitConnectionFactory#4c8abec7:2/SimpleConnection@45cf67c3 [delegate=amqp://guest@192.168.50.141:5672/, localPort=59097]
2024-03-12 17:18:29 [springCloudBus.anonymous.ycca2RkFQI-hBiRZ9KWpUg-3] INFO  o.s.amqp.rabbit.core.RabbitAdmin - Auto-declaring a non-durable, auto-delete, or exclusive Queue (springCloudBus.anonymous.ycca2RkFQI-hBiRZ9KWpUg) durable:false, auto-delete:true, exclusive:true. It will be redeclared if the broker stops and is restarted while the connection factory is alive, but all messages will be lost.
2024-03-12 17:19:09 [http-nio-8888-exec-9] INFO  o.s.c.c.s.e.NativeEnvironmentRepository - Adding property source: Config resource 'file [/Users/philipheur/practice/gradle/HShop/config-repo/catalog-service.yml]' via location 'file:///Users/philipheur/practice/gradle/HShop/config-repo/'
2024-03-12 17:19:09 [http-nio-8888-exec-9] INFO  o.s.c.c.s.e.NativeEnvironmentRepository - Adding property source: Config resource 'file [/Users/philipheur/practice/gradle/HShop/config-repo/application.yml]' via location 'file:///Users/philipheur/practice/gradle/HShop/config-repo/'
2024-03-12 17:20:01 [http-nio-8888-exec-10] INFO  o.s.c.c.s.e.NativeEnvironmentRepository - Adding property source: Config resource 'file [/Users/philipheur/practice/gradle/HShop/config-repo/catalog-service.yml]' via location 'file:///Users/philipheur/practice/gradle/HShop/config-repo/'
2024-03-12 17:20:01 [http-nio-8888-exec-10] INFO  o.s.c.c.s.e.NativeEnvironmentRepository - Adding property source: Config resource 'file [/Users/philipheur/practice/gradle/HShop/config-repo/application.yml]' via location 'file:///Users/philipheur/practice/gradle/HShop/config-repo/'
2024-03-12 17:22:27 [springCloudBus.anonymous.ycca2RkFQI-hBiRZ9KWpUg-3] INFO  o.s.cloud.bus.event.RefreshListener - Received remote refresh request.
2024-03-12 17:22:27 [springCloudBus.anonymous.ycca2RkFQI-hBiRZ9KWpUg-3] INFO  o.s.cloud.bus.event.RefreshListener - Keys refreshed []
2024-03-12 17:22:27 [springCloudBus.anonymous.ycca2RkFQI-hBiRZ9KWpUg-3] INFO  o.s.a.r.c.CachingConnectionFactory - Attempting to connect to: [192.168.50.141:5672]
2024-03-12 17:22:27 [springCloudBus.anonymous.ycca2RkFQI-hBiRZ9KWpUg-3] INFO  o.s.a.r.c.CachingConnectionFactory - Created new connection: rabbitConnectionFactory.publisher#149c9634:1/SimpleConnection@3a29907c [delegate=amqp://guest@192.168.50.141:5672/, localPort=60318]
2024-03-12 17:22:27 [springCloudBus.anonymous.ycca2RkFQI-hBiRZ9KWpUg-3] INFO  o.s.amqp.rabbit.core.RabbitAdmin - Auto-declaring a non-durable, auto-delete, or exclusive Queue (springCloudBus.anonymous.ycca2RkFQI-hBiRZ9KWpUg) durable:false, auto-delete:true, exclusive:true. It will be redeclared if the broker stops and is restarted while the connection factory is alive, but all messages will be lost.
2024-03-12 17:22:27 [http-nio-8888-exec-9] INFO  o.s.c.c.s.e.NativeEnvironmentRepository - Adding property source: Config resource 'file [/Users/philipheur/practice/gradle/HShop/config-repo/user-service.yml]' via location 'file:///Users/philipheur/practice/gradle/HShop/config-repo/'
2024-03-12 17:22:27 [http-nio-8888-exec-9] INFO  o.s.c.c.s.e.NativeEnvironmentRepository - Adding property source: Config resource 'file [/Users/philipheur/practice/gradle/HShop/config-repo/application.yml]' via location 'file:///Users/philipheur/practice/gradle/HShop/config-repo/'
2024-03-12 17:22:27 [http-nio-8888-exec-10] INFO  o.s.c.c.s.e.NativeEnvironmentRepository - Adding property source: Config resource 'file [/Users/philipheur/practice/gradle/HShop/config-repo/gateway-service.yml]' via location 'file:///Users/philipheur/practice/gradle/HShop/config-repo/'
2024-03-12 17:22:27 [http-nio-8888-exec-10] INFO  o.s.c.c.s.e.NativeEnvironmentRepository - Adding property source: Config resource 'file [/Users/philipheur/practice/gradle/HShop/config-repo/application.yml]' via location 'file:///Users/philipheur/practice/gradle/HShop/config-repo/'
2024-03-12 17:22:27 [http-nio-8888-exec-1] INFO  o.s.c.c.s.e.NativeEnvironmentRepository - Adding property source: Config resource 'file [/Users/philipheur/practice/gradle/HShop/config-repo/catalog-service.yml]' via location 'file:///Users/philipheur/practice/gradle/HShop/config-repo/'
2024-03-12 17:22:27 [http-nio-8888-exec-1] INFO  o.s.c.c.s.e.NativeEnvironmentRepository - Adding property source: Config resource 'file [/Users/philipheur/practice/gradle/HShop/config-repo/application.yml]' via location 'file:///Users/philipheur/practice/gradle/HShop/config-repo/'
2024-03-12 17:32:47 [http-nio-8888-exec-5] INFO  o.s.c.c.s.e.NativeEnvironmentRepository - Adding property source: Config resource 'file [/Users/philipheur/practice/gradle/HShop/config-repo/catalog-service.yml]' via location 'file:///Users/philipheur/practice/gradle/HShop/config-repo/'
2024-03-12 17:32:47 [http-nio-8888-exec-5] INFO  o.s.c.c.s.e.NativeEnvironmentRepository - Adding property source: Config resource 'file [/Users/philipheur/practice/gradle/HShop/config-repo/application.yml]' via location 'file:///Users/philipheur/practice/gradle/HShop/config-repo/'
2024-03-12 17:33:25 [http-nio-8888-exec-6] INFO  o.s.c.c.s.e.NativeEnvironmentRepository - Adding property source: Config resource 'file [/Users/philipheur/practice/gradle/HShop/config-repo/catalog-service.yml]' via location 'file:///Users/philipheur/practice/gradle/HShop/config-repo/'
2024-03-12 17:33:25 [http-nio-8888-exec-6] INFO  o.s.c.c.s.e.NativeEnvironmentRepository - Adding property source: Config resource 'file [/Users/philipheur/practice/gradle/HShop/config-repo/application.yml]' via location 'file:///Users/philipheur/practice/gradle/HShop/config-repo/'
2024-03-12 17:33:37 [springCloudBus.anonymous.ycca2RkFQI-hBiRZ9KWpUg-3] INFO  o.s.cloud.bus.event.RefreshListener - Received remote refresh request.
2024-03-12 17:33:37 [springCloudBus.anonymous.ycca2RkFQI-hBiRZ9KWpUg-3] INFO  o.s.cloud.bus.event.RefreshListener - Keys refreshed []
2024-03-12 17:33:37 [http-nio-8888-exec-7] INFO  o.s.c.c.s.e.NativeEnvironmentRepository - Adding property source: Config resource 'file [/Users/philipheur/practice/gradle/HShop/config-repo/catalog-service.yml]' via location 'file:///Users/philipheur/practice/gradle/HShop/config-repo/'
2024-03-12 17:33:37 [http-nio-8888-exec-7] INFO  o.s.c.c.s.e.NativeEnvironmentRepository - Adding property source: Config resource 'file [/Users/philipheur/practice/gradle/HShop/config-repo/application.yml]' via location 'file:///Users/philipheur/practice/gradle/HShop/config-repo/'
2024-03-12 17:33:37 [http-nio-8888-exec-8] INFO  o.s.c.c.s.e.NativeEnvironmentRepository - Adding property source: Config resource 'file [/Users/philipheur/practice/gradle/HShop/config-repo/gateway-service.yml]' via location 'file:///Users/philipheur/practice/gradle/HShop/config-repo/'
2024-03-12 17:33:37 [http-nio-8888-exec-8] INFO  o.s.c.c.s.e.NativeEnvironmentRepository - Adding property source: Config resource 'file [/Users/philipheur/practice/gradle/HShop/config-repo/application.yml]' via location 'file:///Users/philipheur/practice/gradle/HShop/config-repo/'
2024-03-12 17:33:37 [http-nio-8888-exec-9] INFO  o.s.c.c.s.e.NativeEnvironmentRepository - Adding property source: Config resource 'file [/Users/philipheur/practice/gradle/HShop/config-repo/user-service.yml]' via location 'file:///Users/philipheur/practice/gradle/HShop/config-repo/'
2024-03-12 17:33:37 [http-nio-8888-exec-9] INFO  o.s.c.c.s.e.NativeEnvironmentRepository - Adding property source: Config resource 'file [/Users/philipheur/practice/gradle/HShop/config-repo/application.yml]' via location 'file:///Users/philipheur/practice/gradle/HShop/config-repo/'
2024-03-12 17:35:34 [springCloudBus.anonymous.ycca2RkFQI-hBiRZ9KWpUg-3] INFO  o.s.cloud.bus.event.RefreshListener - Received remote refresh request.
2024-03-12 17:35:34 [springCloudBus.anonymous.ycca2RkFQI-hBiRZ9KWpUg-3] INFO  o.s.cloud.bus.event.RefreshListener - Keys refreshed []
2024-03-12 17:35:34 [http-nio-8888-exec-5] INFO  o.s.c.c.s.e.NativeEnvironmentRepository - Adding property source: Config resource 'file [/Users/philipheur/practice/gradle/HShop/config-repo/user-service.yml]' via location 'file:///Users/philipheur/practice/gradle/HShop/config-repo/'
2024-03-12 17:35:34 [http-nio-8888-exec-5] INFO  o.s.c.c.s.e.NativeEnvironmentRepository - Adding property source: Config resource 'file [/Users/philipheur/practice/gradle/HShop/config-repo/application.yml]' via location 'file:///Users/philipheur/practice/gradle/HShop/config-repo/'
2024-03-12 17:35:34 [http-nio-8888-exec-4] INFO  o.s.c.c.s.e.NativeEnvironmentRepository - Adding property source: Config resource 'file [/Users/philipheur/practice/gradle/HShop/config-repo/catalog-service.yml]' via location 'file:///Users/philipheur/practice/gradle/HShop/config-repo/'
2024-03-12 17:35:34 [http-nio-8888-exec-4] INFO  o.s.c.c.s.e.NativeEnvironmentRepository - Adding property source: Config resource 'file [/Users/philipheur/practice/gradle/HShop/config-repo/application.yml]' via location 'file:///Users/philipheur/practice/gradle/HShop/config-repo/'
2024-03-12 17:35:34 [http-nio-8888-exec-3] INFO  o.s.c.c.s.e.NativeEnvironmentRepository - Adding property source: Config resource 'file [/Users/philipheur/practice/gradle/HShop/config-repo/gateway-service.yml]' via location 'file:///Users/philipheur/practice/gradle/HShop/config-repo/'
2024-03-12 17:35:34 [http-nio-8888-exec-3] INFO  o.s.c.c.s.e.NativeEnvironmentRepository - Adding property source: Config resource 'file [/Users/philipheur/practice/gradle/HShop/config-repo/application.yml]' via location 'file:///Users/philipheur/practice/gradle/HShop/config-repo/'
2024-03-12 18:42:27 [springCloudBus.anonymous.ycca2RkFQI-hBiRZ9KWpUg-3] INFO  o.s.a.r.l.SimpleMessageListenerContainer - Restarting Consumer@3ce8a10: tags=[[amq.ctag-cJUY3LzyexUG2kayVNhrSg]], channel=Cached Rabbit Channel: AMQChannel(amqp://guest@192.168.50.141:5672/,2), conn: Proxy@5bb3dee7 Shared Rabbit Connection: SimpleConnection@45cf67c3 [delegate=amqp://guest@192.168.50.141:5672/, localPort=59097], acknowledgeMode=AUTO local queue size=0
2024-03-12 18:42:27 [springCloudBus.anonymous.ycca2RkFQI-hBiRZ9KWpUg-4] INFO  o.s.a.r.c.CachingConnectionFactory - Attempting to connect to: [192.168.50.141:5672]
2024-03-12 18:42:27 [springCloudBus.anonymous.ycca2RkFQI-hBiRZ9KWpUg-4] INFO  o.s.a.r.c.CachingConnectionFactory - Created new connection: rabbitConnectionFactory#4c8abec7:3/SimpleConnection@13c07ec4 [delegate=amqp://guest@192.168.50.141:5672/, localPort=61860]
2024-03-12 18:42:27 [springCloudBus.anonymous.ycca2RkFQI-hBiRZ9KWpUg-4] INFO  o.s.amqp.rabbit.core.RabbitAdmin - Auto-declaring a non-durable, auto-delete, or exclusive Queue (springCloudBus.anonymous.ycca2RkFQI-hBiRZ9KWpUg) durable:false, auto-delete:true, exclusive:true. It will be redeclared if the broker stops and is restarted while the connection factory is alive, but all messages will be lost.
2024-03-12 20:49:08 [AMQP Connection 192.168.50.141:5672] WARN  c.r.c.impl.ForgivingExceptionHandler - An unexpected connection driver error occurred (Exception message: Connection reset)
2024-03-12 20:49:09 [springCloudBus.anonymous.ycca2RkFQI-hBiRZ9KWpUg-4] INFO  o.s.a.r.l.SimpleMessageListenerContainer - Restarting Consumer@1dd6786: tags=[[amq.ctag-ZDrSj68W47z0py8vGaNMVQ]], channel=Cached Rabbit Channel: AMQChannel(amqp://guest@192.168.50.141:5672/,2), conn: Proxy@5bb3dee7 Shared Rabbit Connection: SimpleConnection@13c07ec4 [delegate=amqp://guest@192.168.50.141:5672/, localPort=61860], acknowledgeMode=AUTO local queue size=0
2024-03-12 20:49:09 [springCloudBus.anonymous.ycca2RkFQI-hBiRZ9KWpUg-5] INFO  o.s.a.r.c.CachingConnectionFactory - Attempting to connect to: [192.168.50.141:5672]
2024-03-12 20:49:09 [springCloudBus.anonymous.ycca2RkFQI-hBiRZ9KWpUg-5] INFO  o.s.a.r.c.CachingConnectionFactory - Created new connection: rabbitConnectionFactory#4c8abec7:4/SimpleConnection@4ce48756 [delegate=amqp://guest@192.168.50.141:5672/, localPort=58474]
2024-03-12 20:49:09 [springCloudBus.anonymous.ycca2RkFQI-hBiRZ9KWpUg-5] INFO  o.s.amqp.rabbit.core.RabbitAdmin - Auto-declaring a non-durable, auto-delete, or exclusive Queue (springCloudBus.anonymous.ycca2RkFQI-hBiRZ9KWpUg) durable:false, auto-delete:true, exclusive:true. It will be redeclared if the broker stops and is restarted while the connection factory is alive, but all messages will be lost.
2024-03-12 22:22:15 [AMQP Connection 192.168.50.141:5672] WARN  c.r.c.impl.ForgivingExceptionHandler - An unexpected connection driver error occurred (Exception message: Connection reset)
2024-03-12 22:22:15 [springCloudBus.anonymous.ycca2RkFQI-hBiRZ9KWpUg-5] INFO  o.s.a.r.l.SimpleMessageListenerContainer - Restarting Consumer@73c35297: tags=[[amq.ctag-JeZcTuxI-UYPcXMu2DFctg]], channel=Cached Rabbit Channel: AMQChannel(amqp://guest@192.168.50.141:5672/,2), conn: Proxy@5bb3dee7 Shared Rabbit Connection: SimpleConnection@4ce48756 [delegate=amqp://guest@192.168.50.141:5672/, localPort=58474], acknowledgeMode=AUTO local queue size=0
2024-03-12 22:22:15 [springCloudBus.anonymous.ycca2RkFQI-hBiRZ9KWpUg-6] INFO  o.s.a.r.c.CachingConnectionFactory - Attempting to connect to: [192.168.50.141:5672]
2024-03-12 22:22:15 [springCloudBus.anonymous.ycca2RkFQI-hBiRZ9KWpUg-6] INFO  o.s.a.r.c.CachingConnectionFactory - Created new connection: rabbitConnectionFactory#4c8abec7:5/SimpleConnection@4dbae28 [delegate=amqp://guest@192.168.50.141:5672/, localPort=60789]
2024-03-12 22:22:15 [springCloudBus.anonymous.ycca2RkFQI-hBiRZ9KWpUg-6] INFO  o.s.amqp.rabbit.core.RabbitAdmin - Auto-declaring a non-durable, auto-delete, or exclusive Queue (springCloudBus.anonymous.ycca2RkFQI-hBiRZ9KWpUg) durable:false, auto-delete:true, exclusive:true. It will be redeclared if the broker stops and is restarted while the connection factory is alive, but all messages will be lost.
2024-03-12 22:52:54 [AMQP Connection 192.168.50.141:5672] WARN  c.r.c.impl.ForgivingExceptionHandler - An unexpected connection driver error occurred (Exception message: Connection reset)
2024-03-12 22:52:55 [springCloudBus.anonymous.ycca2RkFQI-hBiRZ9KWpUg-6] INFO  o.s.a.r.l.SimpleMessageListenerContainer - Restarting Consumer@5428d5c5: tags=[[amq.ctag-Q2lCovz9aK2nDILYfm6x1w]], channel=Cached Rabbit Channel: AMQChannel(amqp://guest@192.168.50.141:5672/,2), conn: Proxy@5bb3dee7 Shared Rabbit Connection: SimpleConnection@4dbae28 [delegate=amqp://guest@192.168.50.141:5672/, localPort=60789], acknowledgeMode=AUTO local queue size=0
2024-03-12 22:52:55 [springCloudBus.anonymous.ycca2RkFQI-hBiRZ9KWpUg-7] INFO  o.s.a.r.c.CachingConnectionFactory - Attempting to connect to: [192.168.50.141:5672]
2024-03-12 22:52:55 [springCloudBus.anonymous.ycca2RkFQI-hBiRZ9KWpUg-7] INFO  o.s.a.r.c.CachingConnectionFactory - Created new connection: rabbitConnectionFactory#4c8abec7:6/SimpleConnection@22847a4a [delegate=amqp://guest@192.168.50.141:5672/, localPort=61222]
2024-03-12 22:52:55 [springCloudBus.anonymous.ycca2RkFQI-hBiRZ9KWpUg-7] INFO  o.s.amqp.rabbit.core.RabbitAdmin - Auto-declaring a non-durable, auto-delete, or exclusive Queue (springCloudBus.anonymous.ycca2RkFQI-hBiRZ9KWpUg) durable:false, auto-delete:true, exclusive:true. It will be redeclared if the broker stops and is restarted while the connection factory is alive, but all messages will be lost.
2024-03-12 23:46:23 [springCloudBus.anonymous.ycca2RkFQI-hBiRZ9KWpUg-7] INFO  o.s.a.r.l.SimpleMessageListenerContainer - Restarting Consumer@557fbbdc: tags=[[amq.ctag-HzZdLjZKx0BrDicn2dEATg]], channel=Cached Rabbit Channel: AMQChannel(amqp://guest@192.168.50.141:5672/,2), conn: Proxy@5bb3dee7 Shared Rabbit Connection: SimpleConnection@22847a4a [delegate=amqp://guest@192.168.50.141:5672/, localPort=61222], acknowledgeMode=AUTO local queue size=0
2024-03-12 23:46:23 [springCloudBus.anonymous.ycca2RkFQI-hBiRZ9KWpUg-8] INFO  o.s.a.r.c.CachingConnectionFactory - Attempting to connect to: [192.168.50.141:5672]
2024-03-12 23:46:23 [springCloudBus.anonymous.ycca2RkFQI-hBiRZ9KWpUg-8] INFO  o.s.a.r.c.CachingConnectionFactory - Created new connection: rabbitConnectionFactory#4c8abec7:7/SimpleConnection@6aeac683 [delegate=amqp://guest@192.168.50.141:5672/, localPort=55949]
2024-03-12 23:46:23 [springCloudBus.anonymous.ycca2RkFQI-hBiRZ9KWpUg-8] INFO  o.s.amqp.rabbit.core.RabbitAdmin - Auto-declaring a non-durable, auto-delete, or exclusive Queue (springCloudBus.anonymous.ycca2RkFQI-hBiRZ9KWpUg) durable:false, auto-delete:true, exclusive:true. It will be redeclared if the broker stops and is restarted while the connection factory is alive, but all messages will be lost.
2024-03-12 23:58:38 [http-nio-8888-exec-9] INFO  o.s.c.c.s.e.NativeEnvironmentRepository - Adding property source: Config resource 'file [/Users/philipheur/practice/gradle/HShop/config-repo/catalog-service.yml]' via location 'file:///Users/philipheur/practice/gradle/HShop/config-repo/'
2024-03-12 23:58:38 [http-nio-8888-exec-9] INFO  o.s.c.c.s.e.NativeEnvironmentRepository - Adding property source: Config resource 'file [/Users/philipheur/practice/gradle/HShop/config-repo/application.yml]' via location 'file:///Users/philipheur/practice/gradle/HShop/config-repo/'
2024-03-12 23:59:53 [http-nio-8888-exec-1] INFO  o.s.c.c.s.e.NativeEnvironmentRepository - Adding property source: Config resource 'file [/Users/philipheur/practice/gradle/HShop/config-repo/catalog-service.yml]' via location 'file:///Users/philipheur/practice/gradle/HShop/config-repo/'
2024-03-12 23:59:53 [http-nio-8888-exec-1] INFO  o.s.c.c.s.e.NativeEnvironmentRepository - Adding property source: Config resource 'file [/Users/philipheur/practice/gradle/HShop/config-repo/application.yml]' via location 'file:///Users/philipheur/practice/gradle/HShop/config-repo/'
