2024-03-19 00:01:11 [http-nio-8888-exec-10] INFO  o.s.c.c.s.e.NativeEnvironmentRepository - Adding property source: Config resource 'file [/Users/philipheur/practice/gradle/HShop/config-repo/catalog-service.yml]' via location 'file:///Users/philipheur/practice/gradle/HShop/config-repo/'
2024-03-19 00:01:11 [http-nio-8888-exec-10] INFO  o.s.c.c.s.e.NativeEnvironmentRepository - Adding property source: Config resource 'file [/Users/philipheur/practice/gradle/HShop/config-repo/application.yml]' via location 'file:///Users/philipheur/practice/gradle/HShop/config-repo/'
2024-03-19 00:01:54 [http-nio-8888-exec-1] INFO  o.s.c.c.s.e.NativeEnvironmentRepository - Adding property source: Config resource 'file [/Users/philipheur/practice/gradle/HShop/config-repo/catalog-service.yml]' via location 'file:///Users/philipheur/practice/gradle/HShop/config-repo/'
2024-03-19 00:01:54 [http-nio-8888-exec-1] INFO  o.s.c.c.s.e.NativeEnvironmentRepository - Adding property source: Config resource 'file [/Users/philipheur/practice/gradle/HShop/config-repo/application.yml]' via location 'file:///Users/philipheur/practice/gradle/HShop/config-repo/'
2024-03-19 00:03:56 [http-nio-8888-exec-5] INFO  o.s.c.c.s.e.NativeEnvironmentRepository - Adding property source: Config resource 'file [/Users/philipheur/practice/gradle/HShop/config-repo/catalog-service.yml]' via location 'file:///Users/philipheur/practice/gradle/HShop/config-repo/'
2024-03-19 00:03:56 [http-nio-8888-exec-5] INFO  o.s.c.c.s.e.NativeEnvironmentRepository - Adding property source: Config resource 'file [/Users/philipheur/practice/gradle/HShop/config-repo/application.yml]' via location 'file:///Users/philipheur/practice/gradle/HShop/config-repo/'
2024-03-19 00:08:49 [http-nio-8888-exec-3] INFO  o.s.c.c.s.e.NativeEnvironmentRepository - Adding property source: Config resource 'file [/Users/philipheur/practice/gradle/HShop/config-repo/catalog-service.yml]' via location 'file:///Users/philipheur/practice/gradle/HShop/config-repo/'
2024-03-19 00:08:49 [http-nio-8888-exec-3] INFO  o.s.c.c.s.e.NativeEnvironmentRepository - Adding property source: Config resource 'file [/Users/philipheur/practice/gradle/HShop/config-repo/application.yml]' via location 'file:///Users/philipheur/practice/gradle/HShop/config-repo/'
2024-03-19 00:18:22 [http-nio-8888-exec-7] INFO  o.s.c.c.s.e.NativeEnvironmentRepository - Adding property source: Config resource 'file [/Users/philipheur/practice/gradle/HShop/config-repo/catalog-service.yml]' via location 'file:///Users/philipheur/practice/gradle/HShop/config-repo/'
2024-03-19 00:18:22 [http-nio-8888-exec-7] INFO  o.s.c.c.s.e.NativeEnvironmentRepository - Adding property source: Config resource 'file [/Users/philipheur/practice/gradle/HShop/config-repo/application.yml]' via location 'file:///Users/philipheur/practice/gradle/HShop/config-repo/'
2024-03-19 00:20:23 [http-nio-8888-exec-9] INFO  o.s.c.c.s.e.NativeEnvironmentRepository - Adding property source: Config resource 'file [/Users/philipheur/practice/gradle/HShop/config-repo/catalog-service.yml]' via location 'file:///Users/philipheur/practice/gradle/HShop/config-repo/'
2024-03-19 00:20:23 [http-nio-8888-exec-9] INFO  o.s.c.c.s.e.NativeEnvironmentRepository - Adding property source: Config resource 'file [/Users/philipheur/practice/gradle/HShop/config-repo/application.yml]' via location 'file:///Users/philipheur/practice/gradle/HShop/config-repo/'
2024-03-19 00:20:49 [http-nio-8888-exec-10] INFO  o.s.c.c.s.e.NativeEnvironmentRepository - Adding property source: Config resource 'file [/Users/philipheur/practice/gradle/HShop/config-repo/catalog-service.yml]' via location 'file:///Users/philipheur/practice/gradle/HShop/config-repo/'
2024-03-19 00:20:49 [http-nio-8888-exec-10] INFO  o.s.c.c.s.e.NativeEnvironmentRepository - Adding property source: Config resource 'file [/Users/philipheur/practice/gradle/HShop/config-repo/application.yml]' via location 'file:///Users/philipheur/practice/gradle/HShop/config-repo/'
2024-03-19 00:21:10 [http-nio-8888-exec-5] INFO  o.s.c.c.s.e.NativeEnvironmentRepository - Adding property source: Config resource 'file [/Users/philipheur/practice/gradle/HShop/config-repo/gateway-service.yml]' via location 'file:///Users/philipheur/practice/gradle/HShop/config-repo/'
2024-03-19 00:21:10 [http-nio-8888-exec-2] INFO  o.s.c.c.s.e.NativeEnvironmentRepository - Adding property source: Config resource 'file [/Users/philipheur/practice/gradle/HShop/config-repo/customer-service.yml]' via location 'file:///Users/philipheur/practice/gradle/HShop/config-repo/'
2024-03-19 00:21:10 [http-nio-8888-exec-5] INFO  o.s.c.c.s.e.NativeEnvironmentRepository - Adding property source: Config resource 'file [/Users/philipheur/practice/gradle/HShop/config-repo/application.yml]' via location 'file:///Users/philipheur/practice/gradle/HShop/config-repo/'
2024-03-19 00:21:10 [http-nio-8888-exec-2] INFO  o.s.c.c.s.e.NativeEnvironmentRepository - Adding property source: Config resource 'file [/Users/philipheur/practice/gradle/HShop/config-repo/application.yml]' via location 'file:///Users/philipheur/practice/gradle/HShop/config-repo/'
2024-03-19 00:21:10 [http-nio-8888-exec-4] INFO  o.s.c.c.s.e.NativeEnvironmentRepository - Adding property source: Config resource 'file [/Users/philipheur/practice/gradle/HShop/config-repo/settings-service.yml]' via location 'file:///Users/philipheur/practice/gradle/HShop/config-repo/'
2024-03-19 00:21:10 [http-nio-8888-exec-4] INFO  o.s.c.c.s.e.NativeEnvironmentRepository - Adding property source: Config resource 'file [/Users/philipheur/practice/gradle/HShop/config-repo/application.yml]' via location 'file:///Users/philipheur/practice/gradle/HShop/config-repo/'
2024-03-19 00:21:10 [http-nio-8888-exec-3] INFO  o.s.c.c.s.e.NativeEnvironmentRepository - Adding property source: Config resource 'file [/Users/philipheur/practice/gradle/HShop/config-repo/customer-service.yml]' via location 'file:///Users/philipheur/practice/gradle/HShop/config-repo/'
2024-03-19 00:21:10 [http-nio-8888-exec-3] INFO  o.s.c.c.s.e.NativeEnvironmentRepository - Adding property source: Config resource 'file [/Users/philipheur/practice/gradle/HShop/config-repo/application.yml]' via location 'file:///Users/philipheur/practice/gradle/HShop/config-repo/'
2024-03-19 00:21:11 [http-nio-8888-exec-6] INFO  o.s.c.c.s.e.NativeEnvironmentRepository - Adding property source: Config resource 'file [/Users/philipheur/practice/gradle/HShop/config-repo/user-service.yml]' via location 'file:///Users/philipheur/practice/gradle/HShop/config-repo/'
2024-03-19 00:21:11 [http-nio-8888-exec-6] INFO  o.s.c.c.s.e.NativeEnvironmentRepository - Adding property source: Config resource 'file [/Users/philipheur/practice/gradle/HShop/config-repo/application.yml]' via location 'file:///Users/philipheur/practice/gradle/HShop/config-repo/'
2024-03-19 00:21:12 [http-nio-8888-exec-7] INFO  o.s.c.c.s.e.NativeEnvironmentRepository - Adding property source: Config resource 'file [/Users/philipheur/practice/gradle/HShop/config-repo/catalog-service.yml]' via location 'file:///Users/philipheur/practice/gradle/HShop/config-repo/'
2024-03-19 00:21:12 [http-nio-8888-exec-7] INFO  o.s.c.c.s.e.NativeEnvironmentRepository - Adding property source: Config resource 'file [/Users/philipheur/practice/gradle/HShop/config-repo/application.yml]' via location 'file:///Users/philipheur/practice/gradle/HShop/config-repo/'
2024-03-19 00:21:20 [http-nio-8888-exec-8] INFO  o.s.c.c.s.e.NativeEnvironmentRepository - Adding property source: Config resource 'file [/Users/philipheur/practice/gradle/HShop/config-repo/customer-service.yml]' via location 'file:///Users/philipheur/practice/gradle/HShop/config-repo/'
2024-03-19 00:21:20 [http-nio-8888-exec-8] INFO  o.s.c.c.s.e.NativeEnvironmentRepository - Adding property source: Config resource 'file [/Users/philipheur/practice/gradle/HShop/config-repo/application.yml]' via location 'file:///Users/philipheur/practice/gradle/HShop/config-repo/'
2024-03-19 00:21:20 [http-nio-8888-exec-9] INFO  o.s.c.c.s.e.NativeEnvironmentRepository - Adding property source: Config resource 'file [/Users/philipheur/practice/gradle/HShop/config-repo/customer-service.yml]' via location 'file:///Users/philipheur/practice/gradle/HShop/config-repo/'
2024-03-19 00:21:20 [http-nio-8888-exec-9] INFO  o.s.c.c.s.e.NativeEnvironmentRepository - Adding property source: Config resource 'file [/Users/philipheur/practice/gradle/HShop/config-repo/application.yml]' via location 'file:///Users/philipheur/practice/gradle/HShop/config-repo/'
2024-03-19 00:35:51 [http-nio-8888-exec-3] INFO  o.s.c.c.s.e.NativeEnvironmentRepository - Adding property source: Config resource 'file [/Users/philipheur/practice/gradle/HShop/config-repo/catalog-service.yml]' via location 'file:///Users/philipheur/practice/gradle/HShop/config-repo/'
2024-03-19 00:35:51 [http-nio-8888-exec-3] INFO  o.s.c.c.s.e.NativeEnvironmentRepository - Adding property source: Config resource 'file [/Users/philipheur/practice/gradle/HShop/config-repo/application.yml]' via location 'file:///Users/philipheur/practice/gradle/HShop/config-repo/'
2024-03-19 00:44:28 [http-nio-8888-exec-7] INFO  o.s.c.c.s.e.NativeEnvironmentRepository - Adding property source: Config resource 'file [/Users/philipheur/practice/gradle/HShop/config-repo/catalog-service.yml]' via location 'file:///Users/philipheur/practice/gradle/HShop/config-repo/'
2024-03-19 00:44:28 [http-nio-8888-exec-7] INFO  o.s.c.c.s.e.NativeEnvironmentRepository - Adding property source: Config resource 'file [/Users/philipheur/practice/gradle/HShop/config-repo/application.yml]' via location 'file:///Users/philipheur/practice/gradle/HShop/config-repo/'
2024-03-19 00:45:14 [http-nio-8888-exec-8] INFO  o.s.c.c.s.e.NativeEnvironmentRepository - Adding property source: Config resource 'file [/Users/philipheur/practice/gradle/HShop/config-repo/catalog-service.yml]' via location 'file:///Users/philipheur/practice/gradle/HShop/config-repo/'
2024-03-19 00:45:14 [http-nio-8888-exec-8] INFO  o.s.c.c.s.e.NativeEnvironmentRepository - Adding property source: Config resource 'file [/Users/philipheur/practice/gradle/HShop/config-repo/application.yml]' via location 'file:///Users/philipheur/practice/gradle/HShop/config-repo/'
2024-03-19 01:05:07 [http-nio-8888-exec-10] INFO  o.s.c.c.s.e.NativeEnvironmentRepository - Adding property source: Config resource 'file [/Users/philipheur/practice/gradle/HShop/config-repo/catalog-service.yml]' via location 'file:///Users/philipheur/practice/gradle/HShop/config-repo/'
2024-03-19 01:05:07 [http-nio-8888-exec-10] INFO  o.s.c.c.s.e.NativeEnvironmentRepository - Adding property source: Config resource 'file [/Users/philipheur/practice/gradle/HShop/config-repo/application.yml]' via location 'file:///Users/philipheur/practice/gradle/HShop/config-repo/'
2024-03-19 01:06:14 [http-nio-8888-exec-5] INFO  o.s.c.c.s.e.NativeEnvironmentRepository - Adding property source: Config resource 'file [/Users/philipheur/practice/gradle/HShop/config-repo/catalog-service.yml]' via location 'file:///Users/philipheur/practice/gradle/HShop/config-repo/'
2024-03-19 01:06:14 [http-nio-8888-exec-5] INFO  o.s.c.c.s.e.NativeEnvironmentRepository - Adding property source: Config resource 'file [/Users/philipheur/practice/gradle/HShop/config-repo/application.yml]' via location 'file:///Users/philipheur/practice/gradle/HShop/config-repo/'
2024-03-19 01:06:58 [http-nio-8888-exec-2] INFO  o.s.c.c.s.e.NativeEnvironmentRepository - Adding property source: Config resource 'file [/Users/philipheur/practice/gradle/HShop/config-repo/catalog-service.yml]' via location 'file:///Users/philipheur/practice/gradle/HShop/config-repo/'
2024-03-19 01:06:58 [http-nio-8888-exec-2] INFO  o.s.c.c.s.e.NativeEnvironmentRepository - Adding property source: Config resource 'file [/Users/philipheur/practice/gradle/HShop/config-repo/application.yml]' via location 'file:///Users/philipheur/practice/gradle/HShop/config-repo/'
2024-03-19 01:08:32 [http-nio-8888-exec-3] INFO  o.s.c.c.s.e.NativeEnvironmentRepository - Adding property source: Config resource 'file [/Users/philipheur/practice/gradle/HShop/config-repo/catalog-service.yml]' via location 'file:///Users/philipheur/practice/gradle/HShop/config-repo/'
2024-03-19 01:08:32 [http-nio-8888-exec-3] INFO  o.s.c.c.s.e.NativeEnvironmentRepository - Adding property source: Config resource 'file [/Users/philipheur/practice/gradle/HShop/config-repo/application.yml]' via location 'file:///Users/philipheur/practice/gradle/HShop/config-repo/'
2024-03-19 01:12:12 [http-nio-8888-exec-7] INFO  o.s.c.c.s.e.NativeEnvironmentRepository - Adding property source: Config resource 'file [/Users/philipheur/practice/gradle/HShop/config-repo/catalog-service.yml]' via location 'file:///Users/philipheur/practice/gradle/HShop/config-repo/'
2024-03-19 01:12:12 [http-nio-8888-exec-7] INFO  o.s.c.c.s.e.NativeEnvironmentRepository - Adding property source: Config resource 'file [/Users/philipheur/practice/gradle/HShop/config-repo/application.yml]' via location 'file:///Users/philipheur/practice/gradle/HShop/config-repo/'
2024-03-19 01:14:44 [http-nio-8888-exec-9] INFO  o.s.c.c.s.e.NativeEnvironmentRepository - Adding property source: Config resource 'file [/Users/philipheur/practice/gradle/HShop/config-repo/catalog-service.yml]' via location 'file:///Users/philipheur/practice/gradle/HShop/config-repo/'
2024-03-19 01:14:44 [http-nio-8888-exec-9] INFO  o.s.c.c.s.e.NativeEnvironmentRepository - Adding property source: Config resource 'file [/Users/philipheur/practice/gradle/HShop/config-repo/application.yml]' via location 'file:///Users/philipheur/practice/gradle/HShop/config-repo/'
2024-03-19 01:23:53 [http-nio-8888-exec-1] INFO  o.s.c.c.s.e.NativeEnvironmentRepository - Adding property source: Config resource 'file [/Users/philipheur/practice/gradle/HShop/config-repo/catalog-service.yml]' via location 'file:///Users/philipheur/practice/gradle/HShop/config-repo/'
2024-03-19 01:23:53 [http-nio-8888-exec-1] INFO  o.s.c.c.s.e.NativeEnvironmentRepository - Adding property source: Config resource 'file [/Users/philipheur/practice/gradle/HShop/config-repo/application.yml]' via location 'file:///Users/philipheur/practice/gradle/HShop/config-repo/'
2024-03-19 01:33:18 [http-nio-8888-exec-2] INFO  o.s.c.c.s.e.NativeEnvironmentRepository - Adding property source: Config resource 'file [/Users/philipheur/practice/gradle/HShop/config-repo/catalog-service.yml]' via location 'file:///Users/philipheur/practice/gradle/HShop/config-repo/'
2024-03-19 01:33:18 [http-nio-8888-exec-2] INFO  o.s.c.c.s.e.NativeEnvironmentRepository - Adding property source: Config resource 'file [/Users/philipheur/practice/gradle/HShop/config-repo/application.yml]' via location 'file:///Users/philipheur/practice/gradle/HShop/config-repo/'
2024-03-19 01:33:51 [http-nio-8888-exec-4] INFO  o.s.c.c.s.e.NativeEnvironmentRepository - Adding property source: Config resource 'file [/Users/philipheur/practice/gradle/HShop/config-repo/catalog-service.yml]' via location 'file:///Users/philipheur/practice/gradle/HShop/config-repo/'
2024-03-19 01:33:51 [http-nio-8888-exec-4] INFO  o.s.c.c.s.e.NativeEnvironmentRepository - Adding property source: Config resource 'file [/Users/philipheur/practice/gradle/HShop/config-repo/application.yml]' via location 'file:///Users/philipheur/practice/gradle/HShop/config-repo/'
2024-03-19 02:12:53 [SpringApplicationShutdownHook] INFO  o.s.a.r.l.SimpleMessageListenerContainer - Waiting for workers to finish.
2024-03-19 02:12:54 [SpringApplicationShutdownHook] INFO  o.s.a.r.l.SimpleMessageListenerContainer - Successfully waited for workers to finish.
2024-03-19 02:12:54 [SpringApplicationShutdownHook] INFO  o.s.i.a.i.AmqpInboundChannelAdapter - stopped bean 'inbound.springCloudBus.anonymous.Xdx3thThR1SlNrweDtbkDA'
2024-03-19 02:12:54 [SpringApplicationShutdownHook] INFO  o.s.c.s.binder.BinderErrorChannel - Channel 'configserver.rabbit-1821576830.springCloudBusInput.errors' has 1 subscriber(s).
2024-03-19 02:12:54 [SpringApplicationShutdownHook] INFO  o.s.i.endpoint.EventDrivenConsumer - Removing {logging-channel-adapter:_org.springframework.integration.errorLogger} as a subscriber to the 'errorChannel' channel
2024-03-19 02:12:54 [SpringApplicationShutdownHook] INFO  o.s.i.c.PublishSubscribeChannel - Channel 'configserver.errorChannel' has 0 subscriber(s).
2024-03-19 02:12:54 [SpringApplicationShutdownHook] INFO  o.s.i.endpoint.EventDrivenConsumer - stopped bean '_org.springframework.integration.errorLogger'
2024-03-19 11:06:21 [background-preinit] INFO  o.h.validator.internal.util.Version - HV000001: Hibernate Validator 8.0.1.Final
2024-03-19 11:06:21 [main] INFO  n.p.h.configserver.ConfigServerKt - Starting ConfigServerKt using Java 17.0.10 with PID 1364 (/Volumes/mac-mini-ext/practice/gradle/HShop/config-server/build/classes/kotlin/main started by philipheur in /Volumes/mac-mini-ext/practice/gradle/HShop)
2024-03-19 11:06:21 [main] INFO  n.p.h.configserver.ConfigServerKt - The following 1 profile is active: "native"
2024-03-19 11:06:23 [main] INFO  o.s.i.c.DefaultConfiguringBeanFactoryPostProcessor - No bean named 'errorChannel' has been explicitly defined. Therefore, a default PublishSubscribeChannel will be created.
2024-03-19 11:06:23 [main] INFO  o.s.i.c.DefaultConfiguringBeanFactoryPostProcessor - No bean named 'integrationHeaderChannelRegistry' has been explicitly defined. Therefore, a default DefaultHeaderChannelRegistry will be created.
2024-03-19 11:06:23 [main] INFO  o.s.cloud.context.scope.GenericScope - BeanFactory id=68d1ae5d-d69d-3db6-9bb2-3460219a38b0
2024-03-19 11:06:23 [main] INFO  o.s.b.w.e.tomcat.TomcatWebServer - Tomcat initialized with port 8888 (http)
2024-03-19 11:06:23 [main] INFO  o.a.coyote.http11.Http11NioProtocol - Initializing ProtocolHandler ["http-nio-8888"]
2024-03-19 11:06:23 [main] INFO  o.a.catalina.core.StandardService - Starting service [Tomcat]
2024-03-19 11:06:23 [main] INFO  o.a.catalina.core.StandardEngine - Starting Servlet engine: [Apache Tomcat/10.1.19]
2024-03-19 11:06:23 [main] INFO  o.a.c.c.C.[Tomcat].[localhost].[/] - Initializing Spring embedded WebApplicationContext
2024-03-19 11:06:23 [main] INFO  o.s.b.w.s.c.ServletWebServerApplicationContext - Root WebApplicationContext: initialization completed in 1658 ms
2024-03-19 11:06:24 [main] INFO  o.s.b.a.e.web.EndpointLinksResolver - Exposing 2 endpoint(s) beneath base path '/actuator'
2024-03-19 11:06:24 [main] INFO  o.s.s.web.DefaultSecurityFilterChain - Will secure any request with [org.springframework.security.web.session.DisableEncodeUrlFilter@56402642, org.springframework.security.web.context.request.async.WebAsyncManagerIntegrationFilter@620572db, org.springframework.security.web.context.SecurityContextHolderFilter@31443680, org.springframework.security.web.header.HeaderWriterFilter@651cedfb, org.springframework.web.filter.CorsFilter@1d5048d1, org.springframework.security.web.authentication.logout.LogoutFilter@31183ee2, org.springframework.security.web.authentication.www.BasicAuthenticationFilter@460e5ffe, org.springframework.security.web.savedrequest.RequestCacheAwareFilter@3a988299, org.springframework.security.web.servletapi.SecurityContextHolderAwareRequestFilter@878feb2, org.springframework.security.web.authentication.AnonymousAuthenticationFilter@47d9c01, org.springframework.security.web.access.ExceptionTranslationFilter@3aca2579, org.springframework.security.web.access.intercept.AuthorizationFilter@735988cf]
2024-03-19 11:06:24 [main] WARN  o.s.b.a.t.ThymeleafAutoConfiguration$DefaultTemplateResolverConfiguration - Cannot find template location: classpath:/templates/ (please add some templates, check your Thymeleaf configuration, or set spring.thymeleaf.check-template-location=false)
2024-03-19 11:06:24 [main] INFO  o.s.c.s.m.DirectWithAttributesChannel - Channel 'configserver.springCloudBusInput' has 1 subscriber(s).
2024-03-19 11:06:25 [main] INFO  o.s.i.endpoint.EventDrivenConsumer - Adding {logging-channel-adapter:_org.springframework.integration.errorLogger} as a subscriber to the 'errorChannel' channel
2024-03-19 11:06:25 [main] INFO  o.s.i.c.PublishSubscribeChannel - Channel 'configserver.errorChannel' has 1 subscriber(s).
2024-03-19 11:06:25 [main] INFO  o.s.i.endpoint.EventDrivenConsumer - started bean '_org.springframework.integration.errorLogger'
2024-03-19 11:06:25 [main] INFO  o.a.coyote.http11.Http11NioProtocol - Starting ProtocolHandler ["http-nio-8888"]
2024-03-19 11:06:25 [main] INFO  o.s.b.w.e.tomcat.TomcatWebServer - Tomcat started on port 8888 (http) with context path ''
2024-03-19 11:06:25 [main] INFO  o.s.c.s.binder.DefaultBinderFactory - Creating binder: rabbit
2024-03-19 11:06:25 [main] INFO  o.s.c.s.binder.DefaultBinderFactory - Constructing binder child context for rabbit
2024-03-19 11:06:25 [main] INFO  o.s.c.s.binder.DefaultBinderFactory - Caching the binder: rabbit
2024-03-19 11:06:25 [main] INFO  o.s.c.s.b.r.p.RabbitExchangeQueueProvisioner - declaring queue for inbound: springCloudBus.anonymous.M4osVMOsTG6TJUfWHtt3Ww, bound to: springCloudBus
2024-03-19 11:06:25 [main] INFO  o.s.a.r.c.CachingConnectionFactory - Attempting to connect to: [192.168.50.141:5672]
2024-03-19 11:06:25 [main] INFO  o.s.a.r.c.CachingConnectionFactory - Created new connection: rabbitConnectionFactory#389bc2d3:0/SimpleConnection@57abe94d [delegate=amqp://guest@192.168.50.141:5672/, localPort=52426]
2024-03-19 11:06:25 [main] INFO  o.s.c.s.binder.BinderErrorChannel - Channel 'rabbit-1543358763.springCloudBusInput.errors' has 1 subscriber(s).
2024-03-19 11:06:25 [main] INFO  o.s.c.s.binder.BinderErrorChannel - Channel 'rabbit-1543358763.springCloudBusInput.errors' has 2 subscriber(s).
2024-03-19 11:06:25 [main] INFO  o.s.i.a.i.AmqpInboundChannelAdapter - started bean 'inbound.springCloudBus.anonymous.M4osVMOsTG6TJUfWHtt3Ww'
2024-03-19 11:06:25 [main] INFO  n.p.h.configserver.ConfigServerKt - Started ConfigServerKt in 4.098 seconds (process running for 4.715)
2024-03-19 11:06:50 [http-nio-8888-exec-2] INFO  o.a.c.c.C.[Tomcat].[localhost].[/] - Initializing Spring DispatcherServlet 'dispatcherServlet'
2024-03-19 11:06:50 [http-nio-8888-exec-2] INFO  o.s.web.servlet.DispatcherServlet - Initializing Servlet 'dispatcherServlet'
2024-03-19 11:06:50 [http-nio-8888-exec-2] INFO  o.s.web.servlet.DispatcherServlet - Completed initialization in 1 ms
2024-03-19 11:06:50 [http-nio-8888-exec-2] INFO  o.s.c.c.s.e.NativeEnvironmentRepository - Adding property source: Config resource 'file [/Users/philipheur/practice/gradle/HShop/config-repo/gateway-service.yml]' via location 'file:///Users/philipheur/practice/gradle/HShop/config-repo/'
2024-03-19 11:06:50 [http-nio-8888-exec-2] INFO  o.s.c.c.s.e.NativeEnvironmentRepository - Adding property source: Config resource 'file [/Users/philipheur/practice/gradle/HShop/config-repo/application.yml]' via location 'file:///Users/philipheur/practice/gradle/HShop/config-repo/'
2024-03-19 11:07:28 [http-nio-8888-exec-1] INFO  o.s.c.c.s.e.NativeEnvironmentRepository - Adding property source: Config resource 'file [/Users/philipheur/practice/gradle/HShop/config-repo/user-service.yml]' via location 'file:///Users/philipheur/practice/gradle/HShop/config-repo/'
2024-03-19 11:07:28 [http-nio-8888-exec-1] INFO  o.s.c.c.s.e.NativeEnvironmentRepository - Adding property source: Config resource 'file [/Users/philipheur/practice/gradle/HShop/config-repo/application.yml]' via location 'file:///Users/philipheur/practice/gradle/HShop/config-repo/'
2024-03-19 11:08:07 [http-nio-8888-exec-3] INFO  o.s.c.c.s.e.NativeEnvironmentRepository - Adding property source: Config resource 'file [/Users/philipheur/practice/gradle/HShop/config-repo/catalog-service.yml]' via location 'file:///Users/philipheur/practice/gradle/HShop/config-repo/'
2024-03-19 11:08:07 [http-nio-8888-exec-3] INFO  o.s.c.c.s.e.NativeEnvironmentRepository - Adding property source: Config resource 'file [/Users/philipheur/practice/gradle/HShop/config-repo/application.yml]' via location 'file:///Users/philipheur/practice/gradle/HShop/config-repo/'
2024-03-19 11:08:40 [http-nio-8888-exec-6] INFO  o.s.c.c.s.e.NativeEnvironmentRepository - Adding property source: Config resource 'file [/Users/philipheur/practice/gradle/HShop/config-repo/customer-service.yml]' via location 'file:///Users/philipheur/practice/gradle/HShop/config-repo/'
2024-03-19 11:08:40 [http-nio-8888-exec-6] INFO  o.s.c.c.s.e.NativeEnvironmentRepository - Adding property source: Config resource 'file [/Users/philipheur/practice/gradle/HShop/config-repo/application.yml]' via location 'file:///Users/philipheur/practice/gradle/HShop/config-repo/'
2024-03-19 11:08:40 [http-nio-8888-exec-7] INFO  o.s.c.c.s.e.NativeEnvironmentRepository - Adding property source: Config resource 'file [/Users/philipheur/practice/gradle/HShop/config-repo/customer-service.yml]' via location 'file:///Users/philipheur/practice/gradle/HShop/config-repo/'
2024-03-19 11:08:40 [http-nio-8888-exec-7] INFO  o.s.c.c.s.e.NativeEnvironmentRepository - Adding property source: Config resource 'file [/Users/philipheur/practice/gradle/HShop/config-repo/application.yml]' via location 'file:///Users/philipheur/practice/gradle/HShop/config-repo/'
2024-03-19 11:18:19 [http-nio-8888-exec-10] INFO  o.s.c.c.s.e.NativeEnvironmentRepository - Adding property source: Config resource 'file [/Users/philipheur/practice/gradle/HShop/config-repo/catalog-service.yml]' via location 'file:///Users/philipheur/practice/gradle/HShop/config-repo/'
2024-03-19 11:18:19 [http-nio-8888-exec-10] INFO  o.s.c.c.s.e.NativeEnvironmentRepository - Adding property source: Config resource 'file [/Users/philipheur/practice/gradle/HShop/config-repo/application.yml]' via location 'file:///Users/philipheur/practice/gradle/HShop/config-repo/'
2024-03-19 11:18:27 [http-nio-8888-exec-2] INFO  o.s.c.c.s.e.NativeEnvironmentRepository - Adding property source: Config resource 'file [/Users/philipheur/practice/gradle/HShop/config-repo/catalog-service.yml]' via location 'file:///Users/philipheur/practice/gradle/HShop/config-repo/'
2024-03-19 11:18:27 [http-nio-8888-exec-2] INFO  o.s.c.c.s.e.NativeEnvironmentRepository - Adding property source: Config resource 'file [/Users/philipheur/practice/gradle/HShop/config-repo/application.yml]' via location 'file:///Users/philipheur/practice/gradle/HShop/config-repo/'
2024-03-19 11:20:21 [http-nio-8888-exec-4] INFO  o.s.c.c.s.e.NativeEnvironmentRepository - Adding property source: Config resource 'file [/Users/philipheur/practice/gradle/HShop/config-repo/catalog-service.yml]' via location 'file:///Users/philipheur/practice/gradle/HShop/config-repo/'
2024-03-19 11:20:21 [http-nio-8888-exec-4] INFO  o.s.c.c.s.e.NativeEnvironmentRepository - Adding property source: Config resource 'file [/Users/philipheur/practice/gradle/HShop/config-repo/application.yml]' via location 'file:///Users/philipheur/practice/gradle/HShop/config-repo/'
2024-03-19 11:20:28 [http-nio-8888-exec-3] INFO  o.s.c.c.s.e.NativeEnvironmentRepository - Adding property source: Config resource 'file [/Users/philipheur/practice/gradle/HShop/config-repo/catalog-service.yml]' via location 'file:///Users/philipheur/practice/gradle/HShop/config-repo/'
2024-03-19 11:20:28 [http-nio-8888-exec-3] INFO  o.s.c.c.s.e.NativeEnvironmentRepository - Adding property source: Config resource 'file [/Users/philipheur/practice/gradle/HShop/config-repo/application.yml]' via location 'file:///Users/philipheur/practice/gradle/HShop/config-repo/'
2024-03-19 11:20:43 [http-nio-8888-exec-5] INFO  o.s.c.c.s.e.NativeEnvironmentRepository - Adding property source: Config resource 'file [/Users/philipheur/practice/gradle/HShop/config-repo/catalog-service.yml]' via location 'file:///Users/philipheur/practice/gradle/HShop/config-repo/'
2024-03-19 11:20:43 [http-nio-8888-exec-5] INFO  o.s.c.c.s.e.NativeEnvironmentRepository - Adding property source: Config resource 'file [/Users/philipheur/practice/gradle/HShop/config-repo/application.yml]' via location 'file:///Users/philipheur/practice/gradle/HShop/config-repo/'
2024-03-19 11:24:45 [http-nio-8888-exec-7] INFO  o.s.c.c.s.e.NativeEnvironmentRepository - Adding property source: Config resource 'file [/Users/philipheur/practice/gradle/HShop/config-repo/catalog-service.yml]' via location 'file:///Users/philipheur/practice/gradle/HShop/config-repo/'
2024-03-19 11:24:45 [http-nio-8888-exec-7] INFO  o.s.c.c.s.e.NativeEnvironmentRepository - Adding property source: Config resource 'file [/Users/philipheur/practice/gradle/HShop/config-repo/application.yml]' via location 'file:///Users/philipheur/practice/gradle/HShop/config-repo/'
2024-03-19 11:25:23 [http-nio-8888-exec-8] INFO  o.s.c.c.s.e.NativeEnvironmentRepository - Adding property source: Config resource 'file [/Users/philipheur/practice/gradle/HShop/config-repo/catalog-service.yml]' via location 'file:///Users/philipheur/practice/gradle/HShop/config-repo/'
2024-03-19 11:25:23 [http-nio-8888-exec-8] INFO  o.s.c.c.s.e.NativeEnvironmentRepository - Adding property source: Config resource 'file [/Users/philipheur/practice/gradle/HShop/config-repo/application.yml]' via location 'file:///Users/philipheur/practice/gradle/HShop/config-repo/'
2024-03-19 11:28:01 [http-nio-8888-exec-10] INFO  o.s.c.c.s.e.NativeEnvironmentRepository - Adding property source: Config resource 'file [/Users/philipheur/practice/gradle/HShop/config-repo/catalog-service.yml]' via location 'file:///Users/philipheur/practice/gradle/HShop/config-repo/'
2024-03-19 11:28:01 [http-nio-8888-exec-10] INFO  o.s.c.c.s.e.NativeEnvironmentRepository - Adding property source: Config resource 'file [/Users/philipheur/practice/gradle/HShop/config-repo/application.yml]' via location 'file:///Users/philipheur/practice/gradle/HShop/config-repo/'
2024-03-19 11:28:25 [http-nio-8888-exec-2] INFO  o.s.c.c.s.e.NativeEnvironmentRepository - Adding property source: Config resource 'file [/Users/philipheur/practice/gradle/HShop/config-repo/catalog-service.yml]' via location 'file:///Users/philipheur/practice/gradle/HShop/config-repo/'
2024-03-19 11:28:25 [http-nio-8888-exec-2] INFO  o.s.c.c.s.e.NativeEnvironmentRepository - Adding property source: Config resource 'file [/Users/philipheur/practice/gradle/HShop/config-repo/application.yml]' via location 'file:///Users/philipheur/practice/gradle/HShop/config-repo/'
2024-03-19 11:28:32 [http-nio-8888-exec-1] INFO  o.s.c.c.s.e.NativeEnvironmentRepository - Adding property source: Config resource 'file [/Users/philipheur/practice/gradle/HShop/config-repo/customer-service.yml]' via location 'file:///Users/philipheur/practice/gradle/HShop/config-repo/'
2024-03-19 11:28:32 [http-nio-8888-exec-1] INFO  o.s.c.c.s.e.NativeEnvironmentRepository - Adding property source: Config resource 'file [/Users/philipheur/practice/gradle/HShop/config-repo/application.yml]' via location 'file:///Users/philipheur/practice/gradle/HShop/config-repo/'
2024-03-19 11:28:32 [http-nio-8888-exec-4] INFO  o.s.c.c.s.e.NativeEnvironmentRepository - Adding property source: Config resource 'file [/Users/philipheur/practice/gradle/HShop/config-repo/customer-service.yml]' via location 'file:///Users/philipheur/practice/gradle/HShop/config-repo/'
2024-03-19 11:28:32 [http-nio-8888-exec-4] INFO  o.s.c.c.s.e.NativeEnvironmentRepository - Adding property source: Config resource 'file [/Users/philipheur/practice/gradle/HShop/config-repo/application.yml]' via location 'file:///Users/philipheur/practice/gradle/HShop/config-repo/'
2024-03-19 11:31:05 [http-nio-8888-exec-6] INFO  o.s.c.c.s.e.NativeEnvironmentRepository - Adding property source: Config resource 'file [/Users/philipheur/practice/gradle/HShop/config-repo/catalog-service.yml]' via location 'file:///Users/philipheur/practice/gradle/HShop/config-repo/'
2024-03-19 11:31:05 [http-nio-8888-exec-6] INFO  o.s.c.c.s.e.NativeEnvironmentRepository - Adding property source: Config resource 'file [/Users/philipheur/practice/gradle/HShop/config-repo/application.yml]' via location 'file:///Users/philipheur/practice/gradle/HShop/config-repo/'
2024-03-19 11:31:31 [http-nio-8888-exec-8] INFO  o.s.c.c.s.e.NativeEnvironmentRepository - Adding property source: Config resource 'file [/Users/philipheur/practice/gradle/HShop/config-repo/catalog-service.yml]' via location 'file:///Users/philipheur/practice/gradle/HShop/config-repo/'
2024-03-19 11:31:31 [http-nio-8888-exec-8] INFO  o.s.c.c.s.e.NativeEnvironmentRepository - Adding property source: Config resource 'file [/Users/philipheur/practice/gradle/HShop/config-repo/application.yml]' via location 'file:///Users/philipheur/practice/gradle/HShop/config-repo/'
2024-03-19 11:34:17 [http-nio-8888-exec-10] INFO  o.s.c.c.s.e.NativeEnvironmentRepository - Adding property source: Config resource 'file [/Users/philipheur/practice/gradle/HShop/config-repo/catalog-service.yml]' via location 'file:///Users/philipheur/practice/gradle/HShop/config-repo/'
2024-03-19 11:34:17 [http-nio-8888-exec-10] INFO  o.s.c.c.s.e.NativeEnvironmentRepository - Adding property source: Config resource 'file [/Users/philipheur/practice/gradle/HShop/config-repo/application.yml]' via location 'file:///Users/philipheur/practice/gradle/HShop/config-repo/'
2024-03-19 11:36:41 [http-nio-8888-exec-1] INFO  o.s.c.c.s.e.NativeEnvironmentRepository - Adding property source: Config resource 'file [/Users/philipheur/practice/gradle/HShop/config-repo/catalog-service.yml]' via location 'file:///Users/philipheur/practice/gradle/HShop/config-repo/'
2024-03-19 11:36:41 [http-nio-8888-exec-1] INFO  o.s.c.c.s.e.NativeEnvironmentRepository - Adding property source: Config resource 'file [/Users/philipheur/practice/gradle/HShop/config-repo/application.yml]' via location 'file:///Users/philipheur/practice/gradle/HShop/config-repo/'
2024-03-19 12:03:04 [http-nio-8888-exec-3] INFO  o.s.c.c.s.e.NativeEnvironmentRepository - Adding property source: Config resource 'file [/Users/philipheur/practice/gradle/HShop/config-repo/catalog-service.yml]' via location 'file:///Users/philipheur/practice/gradle/HShop/config-repo/'
2024-03-19 12:03:04 [http-nio-8888-exec-3] INFO  o.s.c.c.s.e.NativeEnvironmentRepository - Adding property source: Config resource 'file [/Users/philipheur/practice/gradle/HShop/config-repo/application.yml]' via location 'file:///Users/philipheur/practice/gradle/HShop/config-repo/'
2024-03-19 12:15:31 [http-nio-8888-exec-6] INFO  o.s.c.c.s.e.NativeEnvironmentRepository - Adding property source: Config resource 'file [/Users/philipheur/practice/gradle/HShop/config-repo/catalog-service.yml]' via location 'file:///Users/philipheur/practice/gradle/HShop/config-repo/'
2024-03-19 12:15:31 [http-nio-8888-exec-6] INFO  o.s.c.c.s.e.NativeEnvironmentRepository - Adding property source: Config resource 'file [/Users/philipheur/practice/gradle/HShop/config-repo/application.yml]' via location 'file:///Users/philipheur/practice/gradle/HShop/config-repo/'
2024-03-19 12:16:36 [http-nio-8888-exec-8] INFO  o.s.c.c.s.e.NativeEnvironmentRepository - Adding property source: Config resource 'file [/Users/philipheur/practice/gradle/HShop/config-repo/catalog-service.yml]' via location 'file:///Users/philipheur/practice/gradle/HShop/config-repo/'
2024-03-19 12:16:36 [http-nio-8888-exec-8] INFO  o.s.c.c.s.e.NativeEnvironmentRepository - Adding property source: Config resource 'file [/Users/philipheur/practice/gradle/HShop/config-repo/application.yml]' via location 'file:///Users/philipheur/practice/gradle/HShop/config-repo/'
2024-03-19 12:18:42 [http-nio-8888-exec-10] INFO  o.s.c.c.s.e.NativeEnvironmentRepository - Adding property source: Config resource 'file [/Users/philipheur/practice/gradle/HShop/config-repo/catalog-service.yml]' via location 'file:///Users/philipheur/practice/gradle/HShop/config-repo/'
2024-03-19 12:18:42 [http-nio-8888-exec-10] INFO  o.s.c.c.s.e.NativeEnvironmentRepository - Adding property source: Config resource 'file [/Users/philipheur/practice/gradle/HShop/config-repo/application.yml]' via location 'file:///Users/philipheur/practice/gradle/HShop/config-repo/'
2024-03-19 12:19:15 [http-nio-8888-exec-2] INFO  o.s.c.c.s.e.NativeEnvironmentRepository - Adding property source: Config resource 'file [/Users/philipheur/practice/gradle/HShop/config-repo/catalog-service.yml]' via location 'file:///Users/philipheur/practice/gradle/HShop/config-repo/'
2024-03-19 12:19:15 [http-nio-8888-exec-2] INFO  o.s.c.c.s.e.NativeEnvironmentRepository - Adding property source: Config resource 'file [/Users/philipheur/practice/gradle/HShop/config-repo/application.yml]' via location 'file:///Users/philipheur/practice/gradle/HShop/config-repo/'
2024-03-19 12:23:18 [http-nio-8888-exec-4] INFO  o.s.c.c.s.e.NativeEnvironmentRepository - Adding property source: Config resource 'file [/Users/philipheur/practice/gradle/HShop/config-repo/catalog-service.yml]' via location 'file:///Users/philipheur/practice/gradle/HShop/config-repo/'
2024-03-19 12:23:18 [http-nio-8888-exec-4] INFO  o.s.c.c.s.e.NativeEnvironmentRepository - Adding property source: Config resource 'file [/Users/philipheur/practice/gradle/HShop/config-repo/application.yml]' via location 'file:///Users/philipheur/practice/gradle/HShop/config-repo/'
2024-03-19 12:24:21 [http-nio-8888-exec-5] INFO  o.s.c.c.s.e.NativeEnvironmentRepository - Adding property source: Config resource 'file [/Users/philipheur/practice/gradle/HShop/config-repo/catalog-service.yml]' via location 'file:///Users/philipheur/practice/gradle/HShop/config-repo/'
2024-03-19 12:24:21 [http-nio-8888-exec-5] INFO  o.s.c.c.s.e.NativeEnvironmentRepository - Adding property source: Config resource 'file [/Users/philipheur/practice/gradle/HShop/config-repo/application.yml]' via location 'file:///Users/philipheur/practice/gradle/HShop/config-repo/'
2024-03-19 12:24:32 [http-nio-8888-exec-6] INFO  o.s.c.c.s.e.NativeEnvironmentRepository - Adding property source: Config resource 'file [/Users/philipheur/practice/gradle/HShop/config-repo/catalog-service.yml]' via location 'file:///Users/philipheur/practice/gradle/HShop/config-repo/'
2024-03-19 12:24:32 [http-nio-8888-exec-6] INFO  o.s.c.c.s.e.NativeEnvironmentRepository - Adding property source: Config resource 'file [/Users/philipheur/practice/gradle/HShop/config-repo/application.yml]' via location 'file:///Users/philipheur/practice/gradle/HShop/config-repo/'
2024-03-19 12:25:03 [http-nio-8888-exec-7] INFO  o.s.c.c.s.e.NativeEnvironmentRepository - Adding property source: Config resource 'file [/Users/philipheur/practice/gradle/HShop/config-repo/catalog-service.yml]' via location 'file:///Users/philipheur/practice/gradle/HShop/config-repo/'
2024-03-19 12:25:03 [http-nio-8888-exec-7] INFO  o.s.c.c.s.e.NativeEnvironmentRepository - Adding property source: Config resource 'file [/Users/philipheur/practice/gradle/HShop/config-repo/application.yml]' via location 'file:///Users/philipheur/practice/gradle/HShop/config-repo/'
2024-03-19 12:25:21 [http-nio-8888-exec-8] INFO  o.s.c.c.s.e.NativeEnvironmentRepository - Adding property source: Config resource 'file [/Users/philipheur/practice/gradle/HShop/config-repo/catalog-service.yml]' via location 'file:///Users/philipheur/practice/gradle/HShop/config-repo/'
2024-03-19 12:25:21 [http-nio-8888-exec-8] INFO  o.s.c.c.s.e.NativeEnvironmentRepository - Adding property source: Config resource 'file [/Users/philipheur/practice/gradle/HShop/config-repo/application.yml]' via location 'file:///Users/philipheur/practice/gradle/HShop/config-repo/'
2024-03-19 12:26:29 [http-nio-8888-exec-10] INFO  o.s.c.c.s.e.NativeEnvironmentRepository - Adding property source: Config resource 'file [/Users/philipheur/practice/gradle/HShop/config-repo/catalog-service.yml]' via location 'file:///Users/philipheur/practice/gradle/HShop/config-repo/'
2024-03-19 12:26:29 [http-nio-8888-exec-10] INFO  o.s.c.c.s.e.NativeEnvironmentRepository - Adding property source: Config resource 'file [/Users/philipheur/practice/gradle/HShop/config-repo/application.yml]' via location 'file:///Users/philipheur/practice/gradle/HShop/config-repo/'
2024-03-19 12:26:52 [http-nio-8888-exec-2] INFO  o.s.c.c.s.e.NativeEnvironmentRepository - Adding property source: Config resource 'file [/Users/philipheur/practice/gradle/HShop/config-repo/catalog-service.yml]' via location 'file:///Users/philipheur/practice/gradle/HShop/config-repo/'
2024-03-19 12:26:52 [http-nio-8888-exec-2] INFO  o.s.c.c.s.e.NativeEnvironmentRepository - Adding property source: Config resource 'file [/Users/philipheur/practice/gradle/HShop/config-repo/application.yml]' via location 'file:///Users/philipheur/practice/gradle/HShop/config-repo/'
2024-03-19 12:34:06 [http-nio-8888-exec-4] INFO  o.s.c.c.s.e.NativeEnvironmentRepository - Adding property source: Config resource 'file [/Users/philipheur/practice/gradle/HShop/config-repo/catalog-service.yml]' via location 'file:///Users/philipheur/practice/gradle/HShop/config-repo/'
2024-03-19 12:34:06 [http-nio-8888-exec-4] INFO  o.s.c.c.s.e.NativeEnvironmentRepository - Adding property source: Config resource 'file [/Users/philipheur/practice/gradle/HShop/config-repo/application.yml]' via location 'file:///Users/philipheur/practice/gradle/HShop/config-repo/'
2024-03-19 13:11:47 [http-nio-8888-exec-5] INFO  o.s.c.c.s.e.NativeEnvironmentRepository - Adding property source: Config resource 'file [/Users/philipheur/practice/gradle/HShop/config-repo/catalog-service.yml]' via location 'file:///Users/philipheur/practice/gradle/HShop/config-repo/'
2024-03-19 13:11:47 [http-nio-8888-exec-5] INFO  o.s.c.c.s.e.NativeEnvironmentRepository - Adding property source: Config resource 'file [/Users/philipheur/practice/gradle/HShop/config-repo/application.yml]' via location 'file:///Users/philipheur/practice/gradle/HShop/config-repo/'
2024-03-19 13:13:18 [http-nio-8888-exec-7] INFO  o.s.c.c.s.e.NativeEnvironmentRepository - Adding property source: Config resource 'file [/Users/philipheur/practice/gradle/HShop/config-repo/catalog-service.yml]' via location 'file:///Users/philipheur/practice/gradle/HShop/config-repo/'
2024-03-19 13:13:18 [http-nio-8888-exec-7] INFO  o.s.c.c.s.e.NativeEnvironmentRepository - Adding property source: Config resource 'file [/Users/philipheur/practice/gradle/HShop/config-repo/application.yml]' via location 'file:///Users/philipheur/practice/gradle/HShop/config-repo/'
2024-03-19 13:13:29 [http-nio-8888-exec-8] INFO  o.s.c.c.s.e.NativeEnvironmentRepository - Adding property source: Config resource 'file [/Users/philipheur/practice/gradle/HShop/config-repo/catalog-service.yml]' via location 'file:///Users/philipheur/practice/gradle/HShop/config-repo/'
2024-03-19 13:13:29 [http-nio-8888-exec-8] INFO  o.s.c.c.s.e.NativeEnvironmentRepository - Adding property source: Config resource 'file [/Users/philipheur/practice/gradle/HShop/config-repo/application.yml]' via location 'file:///Users/philipheur/practice/gradle/HShop/config-repo/'
2024-03-19 13:13:48 [http-nio-8888-exec-9] INFO  o.s.c.c.s.e.NativeEnvironmentRepository - Adding property source: Config resource 'file [/Users/philipheur/practice/gradle/HShop/config-repo/catalog-service.yml]' via location 'file:///Users/philipheur/practice/gradle/HShop/config-repo/'
2024-03-19 13:13:48 [http-nio-8888-exec-9] INFO  o.s.c.c.s.e.NativeEnvironmentRepository - Adding property source: Config resource 'file [/Users/philipheur/practice/gradle/HShop/config-repo/application.yml]' via location 'file:///Users/philipheur/practice/gradle/HShop/config-repo/'
2024-03-19 13:14:10 [http-nio-8888-exec-10] INFO  o.s.c.c.s.e.NativeEnvironmentRepository - Adding property source: Config resource 'file [/Users/philipheur/practice/gradle/HShop/config-repo/catalog-service.yml]' via location 'file:///Users/philipheur/practice/gradle/HShop/config-repo/'
2024-03-19 13:14:10 [http-nio-8888-exec-10] INFO  o.s.c.c.s.e.NativeEnvironmentRepository - Adding property source: Config resource 'file [/Users/philipheur/practice/gradle/HShop/config-repo/application.yml]' via location 'file:///Users/philipheur/practice/gradle/HShop/config-repo/'
2024-03-19 13:14:34 [http-nio-8888-exec-2] INFO  o.s.c.c.s.e.NativeEnvironmentRepository - Adding property source: Config resource 'file [/Users/philipheur/practice/gradle/HShop/config-repo/catalog-service.yml]' via location 'file:///Users/philipheur/practice/gradle/HShop/config-repo/'
2024-03-19 13:14:34 [http-nio-8888-exec-2] INFO  o.s.c.c.s.e.NativeEnvironmentRepository - Adding property source: Config resource 'file [/Users/philipheur/practice/gradle/HShop/config-repo/application.yml]' via location 'file:///Users/philipheur/practice/gradle/HShop/config-repo/'
2024-03-19 13:15:00 [http-nio-8888-exec-1] INFO  o.s.c.c.s.e.NativeEnvironmentRepository - Adding property source: Config resource 'file [/Users/philipheur/practice/gradle/HShop/config-repo/catalog-service.yml]' via location 'file:///Users/philipheur/practice/gradle/HShop/config-repo/'
2024-03-19 13:15:00 [http-nio-8888-exec-1] INFO  o.s.c.c.s.e.NativeEnvironmentRepository - Adding property source: Config resource 'file [/Users/philipheur/practice/gradle/HShop/config-repo/application.yml]' via location 'file:///Users/philipheur/practice/gradle/HShop/config-repo/'
2024-03-19 13:16:26 [http-nio-8888-exec-3] INFO  o.s.c.c.s.e.NativeEnvironmentRepository - Adding property source: Config resource 'file [/Users/philipheur/practice/gradle/HShop/config-repo/catalog-service.yml]' via location 'file:///Users/philipheur/practice/gradle/HShop/config-repo/'
2024-03-19 13:16:26 [http-nio-8888-exec-3] INFO  o.s.c.c.s.e.NativeEnvironmentRepository - Adding property source: Config resource 'file [/Users/philipheur/practice/gradle/HShop/config-repo/application.yml]' via location 'file:///Users/philipheur/practice/gradle/HShop/config-repo/'
2024-03-19 13:30:28 [AMQP Connection 192.168.50.141:5672] WARN  c.r.c.impl.ForgivingExceptionHandler - An unexpected connection driver error occurred (Exception message: Connection reset)
2024-03-19 13:30:29 [springCloudBus.anonymous.M4osVMOsTG6TJUfWHtt3Ww-1] INFO  o.s.a.r.l.SimpleMessageListenerContainer - Restarting Consumer@38b7004d: tags=[[amq.ctag-rdAICZt1s4zXqEw78AejFQ]], channel=Cached Rabbit Channel: AMQChannel(amqp://guest@192.168.50.141:5672/,1), conn: Proxy@5bfdabf3 Shared Rabbit Connection: SimpleConnection@57abe94d [delegate=amqp://guest@192.168.50.141:5672/, localPort=52426], acknowledgeMode=AUTO local queue size=0
2024-03-19 13:30:29 [springCloudBus.anonymous.M4osVMOsTG6TJUfWHtt3Ww-2] INFO  o.s.a.r.c.CachingConnectionFactory - Attempting to connect to: [192.168.50.141:5672]
2024-03-19 13:30:29 [springCloudBus.anonymous.M4osVMOsTG6TJUfWHtt3Ww-2] INFO  o.s.a.r.c.CachingConnectionFactory - Created new connection: rabbitConnectionFactory#389bc2d3:1/SimpleConnection@5491e452 [delegate=amqp://guest@192.168.50.141:5672/, localPort=55198]
2024-03-19 13:30:29 [springCloudBus.anonymous.M4osVMOsTG6TJUfWHtt3Ww-2] INFO  o.s.amqp.rabbit.core.RabbitAdmin - Auto-declaring a non-durable, auto-delete, or exclusive Queue (springCloudBus.anonymous.M4osVMOsTG6TJUfWHtt3Ww) durable:false, auto-delete:true, exclusive:true. It will be redeclared if the broker stops and is restarted while the connection factory is alive, but all messages will be lost.
2024-03-19 15:14:51 [http-nio-8888-exec-6] INFO  o.s.c.c.s.e.NativeEnvironmentRepository - Adding property source: Config resource 'file [/Users/philipheur/practice/gradle/HShop/config-repo/catalog-service.yml]' via location 'file:///Users/philipheur/practice/gradle/HShop/config-repo/'
2024-03-19 15:14:51 [http-nio-8888-exec-6] INFO  o.s.c.c.s.e.NativeEnvironmentRepository - Adding property source: Config resource 'file [/Users/philipheur/practice/gradle/HShop/config-repo/application.yml]' via location 'file:///Users/philipheur/practice/gradle/HShop/config-repo/'
2024-03-19 15:18:40 [http-nio-8888-exec-8] INFO  o.s.c.c.s.e.NativeEnvironmentRepository - Adding property source: Config resource 'file [/Users/philipheur/practice/gradle/HShop/config-repo/catalog-service.yml]' via location 'file:///Users/philipheur/practice/gradle/HShop/config-repo/'
2024-03-19 15:18:40 [http-nio-8888-exec-8] INFO  o.s.c.c.s.e.NativeEnvironmentRepository - Adding property source: Config resource 'file [/Users/philipheur/practice/gradle/HShop/config-repo/application.yml]' via location 'file:///Users/philipheur/practice/gradle/HShop/config-repo/'
2024-03-19 15:18:43 [http-nio-8888-exec-9] INFO  o.s.c.c.s.e.NativeEnvironmentRepository - Adding property source: Config resource 'file [/Users/philipheur/practice/gradle/HShop/config-repo/customer-service.yml]' via location 'file:///Users/philipheur/practice/gradle/HShop/config-repo/'
2024-03-19 15:18:43 [http-nio-8888-exec-9] INFO  o.s.c.c.s.e.NativeEnvironmentRepository - Adding property source: Config resource 'file [/Users/philipheur/practice/gradle/HShop/config-repo/application.yml]' via location 'file:///Users/philipheur/practice/gradle/HShop/config-repo/'
2024-03-19 15:18:43 [http-nio-8888-exec-10] INFO  o.s.c.c.s.e.NativeEnvironmentRepository - Adding property source: Config resource 'file [/Users/philipheur/practice/gradle/HShop/config-repo/gateway-service.yml]' via location 'file:///Users/philipheur/practice/gradle/HShop/config-repo/'
2024-03-19 15:18:43 [http-nio-8888-exec-10] INFO  o.s.c.c.s.e.NativeEnvironmentRepository - Adding property source: Config resource 'file [/Users/philipheur/practice/gradle/HShop/config-repo/application.yml]' via location 'file:///Users/philipheur/practice/gradle/HShop/config-repo/'
2024-03-19 15:18:43 [http-nio-8888-exec-2] INFO  o.s.c.c.s.e.NativeEnvironmentRepository - Adding property source: Config resource 'file [/Users/philipheur/practice/gradle/HShop/config-repo/customer-service.yml]' via location 'file:///Users/philipheur/practice/gradle/HShop/config-repo/'
2024-03-19 15:18:43 [http-nio-8888-exec-2] INFO  o.s.c.c.s.e.NativeEnvironmentRepository - Adding property source: Config resource 'file [/Users/philipheur/practice/gradle/HShop/config-repo/application.yml]' via location 'file:///Users/philipheur/practice/gradle/HShop/config-repo/'
2024-03-19 15:18:44 [http-nio-8888-exec-1] INFO  o.s.c.c.s.e.NativeEnvironmentRepository - Adding property source: Config resource 'file [/Users/philipheur/practice/gradle/HShop/config-repo/user-service.yml]' via location 'file:///Users/philipheur/practice/gradle/HShop/config-repo/'
2024-03-19 15:18:44 [http-nio-8888-exec-1] INFO  o.s.c.c.s.e.NativeEnvironmentRepository - Adding property source: Config resource 'file [/Users/philipheur/practice/gradle/HShop/config-repo/application.yml]' via location 'file:///Users/philipheur/practice/gradle/HShop/config-repo/'
2024-03-19 15:25:33 [http-nio-8888-exec-7] INFO  o.s.c.c.s.e.NativeEnvironmentRepository - Adding property source: Config resource 'file [/Users/philipheur/practice/gradle/HShop/config-repo/catalog-service.yml]' via location 'file:///Users/philipheur/practice/gradle/HShop/config-repo/'
2024-03-19 15:25:33 [http-nio-8888-exec-7] INFO  o.s.c.c.s.e.NativeEnvironmentRepository - Adding property source: Config resource 'file [/Users/philipheur/practice/gradle/HShop/config-repo/application.yml]' via location 'file:///Users/philipheur/practice/gradle/HShop/config-repo/'
2024-03-19 15:28:04 [http-nio-8888-exec-9] INFO  o.s.c.c.s.e.NativeEnvironmentRepository - Adding property source: Config resource 'file [/Users/philipheur/practice/gradle/HShop/config-repo/catalog-service.yml]' via location 'file:///Users/philipheur/practice/gradle/HShop/config-repo/'
2024-03-19 15:28:04 [http-nio-8888-exec-9] INFO  o.s.c.c.s.e.NativeEnvironmentRepository - Adding property source: Config resource 'file [/Users/philipheur/practice/gradle/HShop/config-repo/application.yml]' via location 'file:///Users/philipheur/practice/gradle/HShop/config-repo/'
2024-03-19 15:28:22 [http-nio-8888-exec-10] INFO  o.s.c.c.s.e.NativeEnvironmentRepository - Adding property source: Config resource 'file [/Users/philipheur/practice/gradle/HShop/config-repo/catalog-service.yml]' via location 'file:///Users/philipheur/practice/gradle/HShop/config-repo/'
2024-03-19 15:28:22 [http-nio-8888-exec-10] INFO  o.s.c.c.s.e.NativeEnvironmentRepository - Adding property source: Config resource 'file [/Users/philipheur/practice/gradle/HShop/config-repo/application.yml]' via location 'file:///Users/philipheur/practice/gradle/HShop/config-repo/'
2024-03-19 15:29:22 [http-nio-8888-exec-2] INFO  o.s.c.c.s.e.NativeEnvironmentRepository - Adding property source: Config resource 'file [/Users/philipheur/practice/gradle/HShop/config-repo/catalog-service.yml]' via location 'file:///Users/philipheur/practice/gradle/HShop/config-repo/'
2024-03-19 15:29:22 [http-nio-8888-exec-2] INFO  o.s.c.c.s.e.NativeEnvironmentRepository - Adding property source: Config resource 'file [/Users/philipheur/practice/gradle/HShop/config-repo/application.yml]' via location 'file:///Users/philipheur/practice/gradle/HShop/config-repo/'
2024-03-19 15:29:48 [http-nio-8888-exec-1] INFO  o.s.c.c.s.e.NativeEnvironmentRepository - Adding property source: Config resource 'file [/Users/philipheur/practice/gradle/HShop/config-repo/gateway-service.yml]' via location 'file:///Users/philipheur/practice/gradle/HShop/config-repo/'
2024-03-19 15:29:48 [http-nio-8888-exec-1] INFO  o.s.c.c.s.e.NativeEnvironmentRepository - Adding property source: Config resource 'file [/Users/philipheur/practice/gradle/HShop/config-repo/application.yml]' via location 'file:///Users/philipheur/practice/gradle/HShop/config-repo/'
2024-03-19 15:29:48 [http-nio-8888-exec-4] INFO  o.s.c.c.s.e.NativeEnvironmentRepository - Adding property source: Config resource 'file [/Users/philipheur/practice/gradle/HShop/config-repo/user-service.yml]' via location 'file:///Users/philipheur/practice/gradle/HShop/config-repo/'
2024-03-19 15:29:48 [http-nio-8888-exec-4] INFO  o.s.c.c.s.e.NativeEnvironmentRepository - Adding property source: Config resource 'file [/Users/philipheur/practice/gradle/HShop/config-repo/application.yml]' via location 'file:///Users/philipheur/practice/gradle/HShop/config-repo/'
2024-03-19 15:29:48 [http-nio-8888-exec-3] INFO  o.s.c.c.s.e.NativeEnvironmentRepository - Adding property source: Config resource 'file [/Users/philipheur/practice/gradle/HShop/config-repo/catalog-service.yml]' via location 'file:///Users/philipheur/practice/gradle/HShop/config-repo/'
2024-03-19 15:29:48 [http-nio-8888-exec-3] INFO  o.s.c.c.s.e.NativeEnvironmentRepository - Adding property source: Config resource 'file [/Users/philipheur/practice/gradle/HShop/config-repo/application.yml]' via location 'file:///Users/philipheur/practice/gradle/HShop/config-repo/'
2024-03-19 15:29:48 [http-nio-8888-exec-5] INFO  o.s.c.c.s.e.NativeEnvironmentRepository - Adding property source: Config resource 'file [/Users/philipheur/practice/gradle/HShop/config-repo/customer-service.yml]' via location 'file:///Users/philipheur/practice/gradle/HShop/config-repo/'
2024-03-19 15:29:48 [http-nio-8888-exec-5] INFO  o.s.c.c.s.e.NativeEnvironmentRepository - Adding property source: Config resource 'file [/Users/philipheur/practice/gradle/HShop/config-repo/application.yml]' via location 'file:///Users/philipheur/practice/gradle/HShop/config-repo/'
2024-03-19 15:29:49 [http-nio-8888-exec-6] INFO  o.s.c.c.s.e.NativeEnvironmentRepository - Adding property source: Config resource 'file [/Users/philipheur/practice/gradle/HShop/config-repo/customer-service.yml]' via location 'file:///Users/philipheur/practice/gradle/HShop/config-repo/'
2024-03-19 15:29:49 [http-nio-8888-exec-6] INFO  o.s.c.c.s.e.NativeEnvironmentRepository - Adding property source: Config resource 'file [/Users/philipheur/practice/gradle/HShop/config-repo/application.yml]' via location 'file:///Users/philipheur/practice/gradle/HShop/config-repo/'
2024-03-19 15:29:53 [http-nio-8888-exec-7] INFO  o.s.c.c.s.e.NativeEnvironmentRepository - Adding property source: Config resource 'file [/Users/philipheur/practice/gradle/HShop/config-repo/settings-service.yml]' via location 'file:///Users/philipheur/practice/gradle/HShop/config-repo/'
2024-03-19 15:29:53 [http-nio-8888-exec-7] INFO  o.s.c.c.s.e.NativeEnvironmentRepository - Adding property source: Config resource 'file [/Users/philipheur/practice/gradle/HShop/config-repo/application.yml]' via location 'file:///Users/philipheur/practice/gradle/HShop/config-repo/'
2024-03-19 15:29:55 [http-nio-8888-exec-8] INFO  o.s.c.c.s.e.NativeEnvironmentRepository - Adding property source: Config resource 'file [/Users/philipheur/practice/gradle/HShop/config-repo/gateway-service.yml]' via location 'file:///Users/philipheur/practice/gradle/HShop/config-repo/'
2024-03-19 15:29:55 [http-nio-8888-exec-8] INFO  o.s.c.c.s.e.NativeEnvironmentRepository - Adding property source: Config resource 'file [/Users/philipheur/practice/gradle/HShop/config-repo/application.yml]' via location 'file:///Users/philipheur/practice/gradle/HShop/config-repo/'
2024-03-19 15:29:58 [http-nio-8888-exec-9] INFO  o.s.c.c.s.e.NativeEnvironmentRepository - Adding property source: Config resource 'file [/Users/philipheur/practice/gradle/HShop/config-repo/user-service.yml]' via location 'file:///Users/philipheur/practice/gradle/HShop/config-repo/'
2024-03-19 15:29:58 [http-nio-8888-exec-9] INFO  o.s.c.c.s.e.NativeEnvironmentRepository - Adding property source: Config resource 'file [/Users/philipheur/practice/gradle/HShop/config-repo/application.yml]' via location 'file:///Users/philipheur/practice/gradle/HShop/config-repo/'
2024-03-19 15:29:58 [http-nio-8888-exec-10] INFO  o.s.c.c.s.e.NativeEnvironmentRepository - Adding property source: Config resource 'file [/Users/philipheur/practice/gradle/HShop/config-repo/customer-service.yml]' via location 'file:///Users/philipheur/practice/gradle/HShop/config-repo/'
2024-03-19 15:29:58 [http-nio-8888-exec-10] INFO  o.s.c.c.s.e.NativeEnvironmentRepository - Adding property source: Config resource 'file [/Users/philipheur/practice/gradle/HShop/config-repo/application.yml]' via location 'file:///Users/philipheur/practice/gradle/HShop/config-repo/'
2024-03-19 15:29:59 [http-nio-8888-exec-2] INFO  o.s.c.c.s.e.NativeEnvironmentRepository - Adding property source: Config resource 'file [/Users/philipheur/practice/gradle/HShop/config-repo/customer-service.yml]' via location 'file:///Users/philipheur/practice/gradle/HShop/config-repo/'
2024-03-19 15:29:59 [http-nio-8888-exec-2] INFO  o.s.c.c.s.e.NativeEnvironmentRepository - Adding property source: Config resource 'file [/Users/philipheur/practice/gradle/HShop/config-repo/application.yml]' via location 'file:///Users/philipheur/practice/gradle/HShop/config-repo/'
2024-03-19 15:35:37 [http-nio-8888-exec-7] INFO  o.s.c.c.s.e.NativeEnvironmentRepository - Adding property source: Config resource 'file [/Users/philipheur/practice/gradle/HShop/config-repo/catalog-service.yml]' via location 'file:///Users/philipheur/practice/gradle/HShop/config-repo/'
2024-03-19 15:35:37 [http-nio-8888-exec-7] INFO  o.s.c.c.s.e.NativeEnvironmentRepository - Adding property source: Config resource 'file [/Users/philipheur/practice/gradle/HShop/config-repo/application.yml]' via location 'file:///Users/philipheur/practice/gradle/HShop/config-repo/'
2024-03-19 15:37:25 [http-nio-8888-exec-9] INFO  o.s.c.c.s.e.NativeEnvironmentRepository - Adding property source: Config resource 'file [/Users/philipheur/practice/gradle/HShop/config-repo/catalog-service.yml]' via location 'file:///Users/philipheur/practice/gradle/HShop/config-repo/'
2024-03-19 15:37:25 [http-nio-8888-exec-9] INFO  o.s.c.c.s.e.NativeEnvironmentRepository - Adding property source: Config resource 'file [/Users/philipheur/practice/gradle/HShop/config-repo/application.yml]' via location 'file:///Users/philipheur/practice/gradle/HShop/config-repo/'
2024-03-19 15:37:43 [http-nio-8888-exec-10] INFO  o.s.c.c.s.e.NativeEnvironmentRepository - Adding property source: Config resource 'file [/Users/philipheur/practice/gradle/HShop/config-repo/catalog-service.yml]' via location 'file:///Users/philipheur/practice/gradle/HShop/config-repo/'
2024-03-19 15:37:43 [http-nio-8888-exec-10] INFO  o.s.c.c.s.e.NativeEnvironmentRepository - Adding property source: Config resource 'file [/Users/philipheur/practice/gradle/HShop/config-repo/application.yml]' via location 'file:///Users/philipheur/practice/gradle/HShop/config-repo/'
2024-03-19 16:13:58 [AMQP Connection 192.168.50.141:5672] WARN  c.r.c.impl.ForgivingExceptionHandler - An unexpected connection driver error occurred (Exception message: Connection reset)
2024-03-19 16:13:58 [springCloudBus.anonymous.M4osVMOsTG6TJUfWHtt3Ww-2] INFO  o.s.a.r.l.SimpleMessageListenerContainer - Restarting Consumer@55568653: tags=[[amq.ctag-5oL34MAjaztsWEtPOAzkBQ]], channel=Cached Rabbit Channel: AMQChannel(amqp://guest@192.168.50.141:5672/,2), conn: Proxy@5bfdabf3 Shared Rabbit Connection: SimpleConnection@5491e452 [delegate=amqp://guest@192.168.50.141:5672/, localPort=55198], acknowledgeMode=AUTO local queue size=0
2024-03-19 16:13:58 [springCloudBus.anonymous.M4osVMOsTG6TJUfWHtt3Ww-3] INFO  o.s.a.r.c.CachingConnectionFactory - Attempting to connect to: [192.168.50.141:5672]
2024-03-19 16:13:58 [springCloudBus.anonymous.M4osVMOsTG6TJUfWHtt3Ww-3] INFO  o.s.a.r.c.CachingConnectionFactory - Created new connection: rabbitConnectionFactory#389bc2d3:2/SimpleConnection@595c2bd4 [delegate=amqp://guest@192.168.50.141:5672/, localPort=55982]
2024-03-19 16:13:58 [springCloudBus.anonymous.M4osVMOsTG6TJUfWHtt3Ww-3] INFO  o.s.amqp.rabbit.core.RabbitAdmin - Auto-declaring a non-durable, auto-delete, or exclusive Queue (springCloudBus.anonymous.M4osVMOsTG6TJUfWHtt3Ww) durable:false, auto-delete:true, exclusive:true. It will be redeclared if the broker stops and is restarted while the connection factory is alive, but all messages will be lost.
2024-03-19 16:24:41 [AMQP Connection 192.168.50.141:5672] WARN  c.r.c.impl.ForgivingExceptionHandler - An unexpected connection driver error occurred (Exception message: Connection reset)
2024-03-19 16:24:41 [springCloudBus.anonymous.M4osVMOsTG6TJUfWHtt3Ww-3] INFO  o.s.a.r.l.SimpleMessageListenerContainer - Restarting Consumer@557a6eca: tags=[[amq.ctag-DK0MHF_fvCbdHKxNO9x0Bw]], channel=Cached Rabbit Channel: AMQChannel(amqp://guest@192.168.50.141:5672/,2), conn: Proxy@5bfdabf3 Shared Rabbit Connection: SimpleConnection@595c2bd4 [delegate=amqp://guest@192.168.50.141:5672/, localPort=55982], acknowledgeMode=AUTO local queue size=0
2024-03-19 16:24:41 [springCloudBus.anonymous.M4osVMOsTG6TJUfWHtt3Ww-4] INFO  o.s.a.r.c.CachingConnectionFactory - Attempting to connect to: [192.168.50.141:5672]
2024-03-19 16:24:42 [springCloudBus.anonymous.M4osVMOsTG6TJUfWHtt3Ww-4] INFO  o.s.a.r.c.CachingConnectionFactory - Created new connection: rabbitConnectionFactory#389bc2d3:3/SimpleConnection@79776ece [delegate=amqp://guest@192.168.50.141:5672/, localPort=56428]
2024-03-19 16:24:42 [springCloudBus.anonymous.M4osVMOsTG6TJUfWHtt3Ww-4] INFO  o.s.amqp.rabbit.core.RabbitAdmin - Auto-declaring a non-durable, auto-delete, or exclusive Queue (springCloudBus.anonymous.M4osVMOsTG6TJUfWHtt3Ww) durable:false, auto-delete:true, exclusive:true. It will be redeclared if the broker stops and is restarted while the connection factory is alive, but all messages will be lost.
2024-03-19 16:53:12 [http-nio-8888-exec-1] INFO  o.s.c.c.s.e.NativeEnvironmentRepository - Adding property source: Config resource 'file [/Users/philipheur/practice/gradle/HShop/config-repo/catalog-service.yml]' via location 'file:///Users/philipheur/practice/gradle/HShop/config-repo/'
2024-03-19 16:53:12 [http-nio-8888-exec-1] INFO  o.s.c.c.s.e.NativeEnvironmentRepository - Adding property source: Config resource 'file [/Users/philipheur/practice/gradle/HShop/config-repo/application.yml]' via location 'file:///Users/philipheur/practice/gradle/HShop/config-repo/'
2024-03-19 16:54:19 [http-nio-8888-exec-3] INFO  o.s.c.c.s.e.NativeEnvironmentRepository - Adding property source: Config resource 'file [/Users/philipheur/practice/gradle/HShop/config-repo/catalog-service.yml]' via location 'file:///Users/philipheur/practice/gradle/HShop/config-repo/'
2024-03-19 16:54:19 [http-nio-8888-exec-3] INFO  o.s.c.c.s.e.NativeEnvironmentRepository - Adding property source: Config resource 'file [/Users/philipheur/practice/gradle/HShop/config-repo/application.yml]' via location 'file:///Users/philipheur/practice/gradle/HShop/config-repo/'
2024-03-19 16:55:10 [http-nio-8888-exec-5] INFO  o.s.c.c.s.e.NativeEnvironmentRepository - Adding property source: Config resource 'file [/Users/philipheur/practice/gradle/HShop/config-repo/catalog-service.yml]' via location 'file:///Users/philipheur/practice/gradle/HShop/config-repo/'
2024-03-19 16:55:10 [http-nio-8888-exec-5] INFO  o.s.c.c.s.e.NativeEnvironmentRepository - Adding property source: Config resource 'file [/Users/philipheur/practice/gradle/HShop/config-repo/application.yml]' via location 'file:///Users/philipheur/practice/gradle/HShop/config-repo/'
2024-03-19 16:58:14 [http-nio-8888-exec-7] INFO  o.s.c.c.s.e.NativeEnvironmentRepository - Adding property source: Config resource 'file [/Users/philipheur/practice/gradle/HShop/config-repo/catalog-service.yml]' via location 'file:///Users/philipheur/practice/gradle/HShop/config-repo/'
2024-03-19 16:58:14 [http-nio-8888-exec-7] INFO  o.s.c.c.s.e.NativeEnvironmentRepository - Adding property source: Config resource 'file [/Users/philipheur/practice/gradle/HShop/config-repo/application.yml]' via location 'file:///Users/philipheur/practice/gradle/HShop/config-repo/'
2024-03-19 16:59:25 [http-nio-8888-exec-9] INFO  o.s.c.c.s.e.NativeEnvironmentRepository - Adding property source: Config resource 'file [/Users/philipheur/practice/gradle/HShop/config-repo/catalog-service.yml]' via location 'file:///Users/philipheur/practice/gradle/HShop/config-repo/'
2024-03-19 16:59:25 [http-nio-8888-exec-9] INFO  o.s.c.c.s.e.NativeEnvironmentRepository - Adding property source: Config resource 'file [/Users/philipheur/practice/gradle/HShop/config-repo/application.yml]' via location 'file:///Users/philipheur/practice/gradle/HShop/config-repo/'
2024-03-19 16:59:40 [http-nio-8888-exec-10] INFO  o.s.c.c.s.e.NativeEnvironmentRepository - Adding property source: Config resource 'file [/Users/philipheur/practice/gradle/HShop/config-repo/catalog-service.yml]' via location 'file:///Users/philipheur/practice/gradle/HShop/config-repo/'
2024-03-19 16:59:40 [http-nio-8888-exec-10] INFO  o.s.c.c.s.e.NativeEnvironmentRepository - Adding property source: Config resource 'file [/Users/philipheur/practice/gradle/HShop/config-repo/application.yml]' via location 'file:///Users/philipheur/practice/gradle/HShop/config-repo/'
2024-03-19 18:35:30 [http-nio-8888-exec-1] INFO  o.s.c.c.s.e.NativeEnvironmentRepository - Adding property source: Config resource 'file [/Users/philipheur/practice/gradle/HShop/config-repo/catalog-service.yml]' via location 'file:///Users/philipheur/practice/gradle/HShop/config-repo/'
2024-03-19 18:35:30 [http-nio-8888-exec-1] INFO  o.s.c.c.s.e.NativeEnvironmentRepository - Adding property source: Config resource 'file [/Users/philipheur/practice/gradle/HShop/config-repo/application.yml]' via location 'file:///Users/philipheur/practice/gradle/HShop/config-repo/'
2024-03-19 18:36:30 [http-nio-8888-exec-4] INFO  o.s.c.c.s.e.NativeEnvironmentRepository - Adding property source: Config resource 'file [/Users/philipheur/practice/gradle/HShop/config-repo/catalog-service.yml]' via location 'file:///Users/philipheur/practice/gradle/HShop/config-repo/'
2024-03-19 18:36:30 [http-nio-8888-exec-4] INFO  o.s.c.c.s.e.NativeEnvironmentRepository - Adding property source: Config resource 'file [/Users/philipheur/practice/gradle/HShop/config-repo/application.yml]' via location 'file:///Users/philipheur/practice/gradle/HShop/config-repo/'
2024-03-19 18:37:14 [http-nio-8888-exec-3] INFO  o.s.c.c.s.e.NativeEnvironmentRepository - Adding property source: Config resource 'file [/Users/philipheur/practice/gradle/HShop/config-repo/catalog-service.yml]' via location 'file:///Users/philipheur/practice/gradle/HShop/config-repo/'
2024-03-19 18:37:14 [http-nio-8888-exec-3] INFO  o.s.c.c.s.e.NativeEnvironmentRepository - Adding property source: Config resource 'file [/Users/philipheur/practice/gradle/HShop/config-repo/application.yml]' via location 'file:///Users/philipheur/practice/gradle/HShop/config-repo/'
2024-03-19 18:37:37 [http-nio-8888-exec-5] INFO  o.s.c.c.s.e.NativeEnvironmentRepository - Adding property source: Config resource 'file [/Users/philipheur/practice/gradle/HShop/config-repo/catalog-service.yml]' via location 'file:///Users/philipheur/practice/gradle/HShop/config-repo/'
2024-03-19 18:37:37 [http-nio-8888-exec-5] INFO  o.s.c.c.s.e.NativeEnvironmentRepository - Adding property source: Config resource 'file [/Users/philipheur/practice/gradle/HShop/config-repo/application.yml]' via location 'file:///Users/philipheur/practice/gradle/HShop/config-repo/'
2024-03-19 18:40:49 [http-nio-8888-exec-7] INFO  o.s.c.c.s.e.NativeEnvironmentRepository - Adding property source: Config resource 'file [/Users/philipheur/practice/gradle/HShop/config-repo/catalog-service.yml]' via location 'file:///Users/philipheur/practice/gradle/HShop/config-repo/'
2024-03-19 18:40:49 [http-nio-8888-exec-7] INFO  o.s.c.c.s.e.NativeEnvironmentRepository - Adding property source: Config resource 'file [/Users/philipheur/practice/gradle/HShop/config-repo/application.yml]' via location 'file:///Users/philipheur/practice/gradle/HShop/config-repo/'
2024-03-19 20:26:27 [AMQP Connection 192.168.50.141:5672] WARN  c.r.c.impl.ForgivingExceptionHandler - An unexpected connection driver error occurred (Exception message: Connection reset)
2024-03-19 20:26:27 [springCloudBus.anonymous.M4osVMOsTG6TJUfWHtt3Ww-4] INFO  o.s.a.r.l.SimpleMessageListenerContainer - Restarting Consumer@118934d3: tags=[[amq.ctag-_ueLw2MH2KcTSPpcX3lH1Q]], channel=Cached Rabbit Channel: AMQChannel(amqp://guest@192.168.50.141:5672/,2), conn: Proxy@5bfdabf3 Shared Rabbit Connection: SimpleConnection@79776ece [delegate=amqp://guest@192.168.50.141:5672/, localPort=56428], acknowledgeMode=AUTO local queue size=0
2024-03-19 20:26:27 [springCloudBus.anonymous.M4osVMOsTG6TJUfWHtt3Ww-5] INFO  o.s.a.r.c.CachingConnectionFactory - Attempting to connect to: [192.168.50.141:5672]
2024-03-19 20:26:27 [springCloudBus.anonymous.M4osVMOsTG6TJUfWHtt3Ww-5] INFO  o.s.a.r.c.CachingConnectionFactory - Created new connection: rabbitConnectionFactory#389bc2d3:4/SimpleConnection@5f430edf [delegate=amqp://guest@192.168.50.141:5672/, localPort=64883]
2024-03-19 20:26:27 [springCloudBus.anonymous.M4osVMOsTG6TJUfWHtt3Ww-5] INFO  o.s.amqp.rabbit.core.RabbitAdmin - Auto-declaring a non-durable, auto-delete, or exclusive Queue (springCloudBus.anonymous.M4osVMOsTG6TJUfWHtt3Ww) durable:false, auto-delete:true, exclusive:true. It will be redeclared if the broker stops and is restarted while the connection factory is alive, but all messages will be lost.
2024-03-19 20:46:40 [AMQP Connection 192.168.50.141:5672] WARN  c.r.c.impl.ForgivingExceptionHandler - An unexpected connection driver error occurred (Exception message: Connection reset)
2024-03-19 20:46:41 [springCloudBus.anonymous.M4osVMOsTG6TJUfWHtt3Ww-5] INFO  o.s.a.r.l.SimpleMessageListenerContainer - Restarting Consumer@4bfb6f7a: tags=[[amq.ctag-ocRHjIZQNtWcYEn7xA3WXw]], channel=Cached Rabbit Channel: AMQChannel(amqp://guest@192.168.50.141:5672/,2), conn: Proxy@5bfdabf3 Shared Rabbit Connection: SimpleConnection@5f430edf [delegate=amqp://guest@192.168.50.141:5672/, localPort=64883], acknowledgeMode=AUTO local queue size=0
2024-03-19 20:46:41 [springCloudBus.anonymous.M4osVMOsTG6TJUfWHtt3Ww-6] INFO  o.s.a.r.c.CachingConnectionFactory - Attempting to connect to: [192.168.50.141:5672]
2024-03-19 20:46:41 [springCloudBus.anonymous.M4osVMOsTG6TJUfWHtt3Ww-6] INFO  o.s.a.r.c.CachingConnectionFactory - Created new connection: rabbitConnectionFactory#389bc2d3:5/SimpleConnection@5afb80d7 [delegate=amqp://guest@192.168.50.141:5672/, localPort=49261]
2024-03-19 20:46:41 [springCloudBus.anonymous.M4osVMOsTG6TJUfWHtt3Ww-6] INFO  o.s.amqp.rabbit.core.RabbitAdmin - Auto-declaring a non-durable, auto-delete, or exclusive Queue (springCloudBus.anonymous.M4osVMOsTG6TJUfWHtt3Ww) durable:false, auto-delete:true, exclusive:true. It will be redeclared if the broker stops and is restarted while the connection factory is alive, but all messages will be lost.
2024-03-19 20:55:16 [AMQP Connection 192.168.50.141:5672] WARN  c.r.c.impl.ForgivingExceptionHandler - An unexpected connection driver error occurred (Exception message: Connection reset)
2024-03-19 20:55:16 [springCloudBus.anonymous.M4osVMOsTG6TJUfWHtt3Ww-6] INFO  o.s.a.r.l.SimpleMessageListenerContainer - Restarting Consumer@6858c5a6: tags=[[amq.ctag-dKR4PVdaLnPEW5ptlMJnww]], channel=Cached Rabbit Channel: AMQChannel(amqp://guest@192.168.50.141:5672/,2), conn: Proxy@5bfdabf3 Shared Rabbit Connection: SimpleConnection@5afb80d7 [delegate=amqp://guest@192.168.50.141:5672/, localPort=49261], acknowledgeMode=AUTO local queue size=0
2024-03-19 20:55:16 [springCloudBus.anonymous.M4osVMOsTG6TJUfWHtt3Ww-7] INFO  o.s.a.r.c.CachingConnectionFactory - Attempting to connect to: [192.168.50.141:5672]
2024-03-19 20:55:16 [springCloudBus.anonymous.M4osVMOsTG6TJUfWHtt3Ww-7] INFO  o.s.a.r.c.CachingConnectionFactory - Created new connection: rabbitConnectionFactory#389bc2d3:6/SimpleConnection@26721993 [delegate=amqp://guest@192.168.50.141:5672/, localPort=49635]
2024-03-19 20:55:16 [springCloudBus.anonymous.M4osVMOsTG6TJUfWHtt3Ww-7] INFO  o.s.amqp.rabbit.core.RabbitAdmin - Auto-declaring a non-durable, auto-delete, or exclusive Queue (springCloudBus.anonymous.M4osVMOsTG6TJUfWHtt3Ww) durable:false, auto-delete:true, exclusive:true. It will be redeclared if the broker stops and is restarted while the connection factory is alive, but all messages will be lost.
2024-03-19 22:42:46 [http-nio-8888-exec-9] INFO  o.s.c.c.s.e.NativeEnvironmentRepository - Adding property source: Config resource 'file [/Users/philipheur/practice/gradle/HShop/config-repo/catalog-service.yml]' via location 'file:///Users/philipheur/practice/gradle/HShop/config-repo/'
2024-03-19 22:42:46 [http-nio-8888-exec-9] INFO  o.s.c.c.s.e.NativeEnvironmentRepository - Adding property source: Config resource 'file [/Users/philipheur/practice/gradle/HShop/config-repo/application.yml]' via location 'file:///Users/philipheur/practice/gradle/HShop/config-repo/'
2024-03-19 22:43:03 [http-nio-8888-exec-10] INFO  o.s.c.c.s.e.NativeEnvironmentRepository - Adding property source: Config resource 'file [/Users/philipheur/practice/gradle/HShop/config-repo/catalog-service.yml]' via location 'file:///Users/philipheur/practice/gradle/HShop/config-repo/'
2024-03-19 22:43:03 [http-nio-8888-exec-10] INFO  o.s.c.c.s.e.NativeEnvironmentRepository - Adding property source: Config resource 'file [/Users/philipheur/practice/gradle/HShop/config-repo/application.yml]' via location 'file:///Users/philipheur/practice/gradle/HShop/config-repo/'
2024-03-19 22:44:07 [http-nio-8888-exec-1] INFO  o.s.c.c.s.e.NativeEnvironmentRepository - Adding property source: Config resource 'file [/Users/philipheur/practice/gradle/HShop/config-repo/catalog-service.yml]' via location 'file:///Users/philipheur/practice/gradle/HShop/config-repo/'
2024-03-19 22:44:07 [http-nio-8888-exec-1] INFO  o.s.c.c.s.e.NativeEnvironmentRepository - Adding property source: Config resource 'file [/Users/philipheur/practice/gradle/HShop/config-repo/application.yml]' via location 'file:///Users/philipheur/practice/gradle/HShop/config-repo/'
2024-03-19 22:48:31 [http-nio-8888-exec-3] INFO  o.s.c.c.s.e.NativeEnvironmentRepository - Adding property source: Config resource 'file [/Users/philipheur/practice/gradle/HShop/config-repo/catalog-service.yml]' via location 'file:///Users/philipheur/practice/gradle/HShop/config-repo/'
2024-03-19 22:48:31 [http-nio-8888-exec-3] INFO  o.s.c.c.s.e.NativeEnvironmentRepository - Adding property source: Config resource 'file [/Users/philipheur/practice/gradle/HShop/config-repo/application.yml]' via location 'file:///Users/philipheur/practice/gradle/HShop/config-repo/'
2024-03-19 22:52:23 [http-nio-8888-exec-6] INFO  o.s.c.c.s.e.NativeEnvironmentRepository - Adding property source: Config resource 'file [/Users/philipheur/practice/gradle/HShop/config-repo/catalog-service.yml]' via location 'file:///Users/philipheur/practice/gradle/HShop/config-repo/'
2024-03-19 22:52:23 [http-nio-8888-exec-6] INFO  o.s.c.c.s.e.NativeEnvironmentRepository - Adding property source: Config resource 'file [/Users/philipheur/practice/gradle/HShop/config-repo/application.yml]' via location 'file:///Users/philipheur/practice/gradle/HShop/config-repo/'
2024-03-19 22:52:32 [http-nio-8888-exec-7] INFO  o.s.c.c.s.e.NativeEnvironmentRepository - Adding property source: Config resource 'file [/Users/philipheur/practice/gradle/HShop/config-repo/catalog-service.yml]' via location 'file:///Users/philipheur/practice/gradle/HShop/config-repo/'
2024-03-19 22:52:32 [http-nio-8888-exec-7] INFO  o.s.c.c.s.e.NativeEnvironmentRepository - Adding property source: Config resource 'file [/Users/philipheur/practice/gradle/HShop/config-repo/application.yml]' via location 'file:///Users/philipheur/practice/gradle/HShop/config-repo/'
2024-03-19 22:52:43 [http-nio-8888-exec-8] INFO  o.s.c.c.s.e.NativeEnvironmentRepository - Adding property source: Config resource 'file [/Users/philipheur/practice/gradle/HShop/config-repo/catalog-service.yml]' via location 'file:///Users/philipheur/practice/gradle/HShop/config-repo/'
2024-03-19 22:52:43 [http-nio-8888-exec-8] INFO  o.s.c.c.s.e.NativeEnvironmentRepository - Adding property source: Config resource 'file [/Users/philipheur/practice/gradle/HShop/config-repo/application.yml]' via location 'file:///Users/philipheur/practice/gradle/HShop/config-repo/'
2024-03-19 22:55:02 [http-nio-8888-exec-10] INFO  o.s.c.c.s.e.NativeEnvironmentRepository - Adding property source: Config resource 'file [/Users/philipheur/practice/gradle/HShop/config-repo/catalog-service.yml]' via location 'file:///Users/philipheur/practice/gradle/HShop/config-repo/'
2024-03-19 22:55:02 [http-nio-8888-exec-10] INFO  o.s.c.c.s.e.NativeEnvironmentRepository - Adding property source: Config resource 'file [/Users/philipheur/practice/gradle/HShop/config-repo/application.yml]' via location 'file:///Users/philipheur/practice/gradle/HShop/config-repo/'
2024-03-19 22:55:59 [http-nio-8888-exec-2] INFO  o.s.c.c.s.e.NativeEnvironmentRepository - Adding property source: Config resource 'file [/Users/philipheur/practice/gradle/HShop/config-repo/catalog-service.yml]' via location 'file:///Users/philipheur/practice/gradle/HShop/config-repo/'
2024-03-19 22:55:59 [http-nio-8888-exec-2] INFO  o.s.c.c.s.e.NativeEnvironmentRepository - Adding property source: Config resource 'file [/Users/philipheur/practice/gradle/HShop/config-repo/application.yml]' via location 'file:///Users/philipheur/practice/gradle/HShop/config-repo/'
2024-03-19 22:56:15 [http-nio-8888-exec-1] INFO  o.s.c.c.s.e.NativeEnvironmentRepository - Adding property source: Config resource 'file [/Users/philipheur/practice/gradle/HShop/config-repo/catalog-service.yml]' via location 'file:///Users/philipheur/practice/gradle/HShop/config-repo/'
2024-03-19 22:56:15 [http-nio-8888-exec-1] INFO  o.s.c.c.s.e.NativeEnvironmentRepository - Adding property source: Config resource 'file [/Users/philipheur/practice/gradle/HShop/config-repo/application.yml]' via location 'file:///Users/philipheur/practice/gradle/HShop/config-repo/'
2024-03-19 22:56:51 [http-nio-8888-exec-4] INFO  o.s.c.c.s.e.NativeEnvironmentRepository - Adding property source: Config resource 'file [/Users/philipheur/practice/gradle/HShop/config-repo/catalog-service.yml]' via location 'file:///Users/philipheur/practice/gradle/HShop/config-repo/'
2024-03-19 22:56:51 [http-nio-8888-exec-4] INFO  o.s.c.c.s.e.NativeEnvironmentRepository - Adding property source: Config resource 'file [/Users/philipheur/practice/gradle/HShop/config-repo/application.yml]' via location 'file:///Users/philipheur/practice/gradle/HShop/config-repo/'
2024-03-19 22:57:46 [http-nio-8888-exec-3] INFO  o.s.c.c.s.e.NativeEnvironmentRepository - Adding property source: Config resource 'file [/Users/philipheur/practice/gradle/HShop/config-repo/catalog-service.yml]' via location 'file:///Users/philipheur/practice/gradle/HShop/config-repo/'
2024-03-19 22:57:46 [http-nio-8888-exec-3] INFO  o.s.c.c.s.e.NativeEnvironmentRepository - Adding property source: Config resource 'file [/Users/philipheur/practice/gradle/HShop/config-repo/application.yml]' via location 'file:///Users/philipheur/practice/gradle/HShop/config-repo/'
2024-03-19 22:58:08 [http-nio-8888-exec-5] INFO  o.s.c.c.s.e.NativeEnvironmentRepository - Adding property source: Config resource 'file [/Users/philipheur/practice/gradle/HShop/config-repo/catalog-service.yml]' via location 'file:///Users/philipheur/practice/gradle/HShop/config-repo/'
2024-03-19 22:58:08 [http-nio-8888-exec-5] INFO  o.s.c.c.s.e.NativeEnvironmentRepository - Adding property source: Config resource 'file [/Users/philipheur/practice/gradle/HShop/config-repo/application.yml]' via location 'file:///Users/philipheur/practice/gradle/HShop/config-repo/'
2024-03-19 23:00:17 [http-nio-8888-exec-7] INFO  o.s.c.c.s.e.NativeEnvironmentRepository - Adding property source: Config resource 'file [/Users/philipheur/practice/gradle/HShop/config-repo/catalog-service.yml]' via location 'file:///Users/philipheur/practice/gradle/HShop/config-repo/'
2024-03-19 23:00:17 [http-nio-8888-exec-7] INFO  o.s.c.c.s.e.NativeEnvironmentRepository - Adding property source: Config resource 'file [/Users/philipheur/practice/gradle/HShop/config-repo/application.yml]' via location 'file:///Users/philipheur/practice/gradle/HShop/config-repo/'
2024-03-19 23:50:11 [http-nio-8888-exec-9] INFO  o.s.c.c.s.e.NativeEnvironmentRepository - Adding property source: Config resource 'file [/Users/philipheur/practice/gradle/HShop/config-repo/catalog-service.yml]' via location 'file:///Users/philipheur/practice/gradle/HShop/config-repo/'
2024-03-19 23:50:11 [http-nio-8888-exec-9] INFO  o.s.c.c.s.e.NativeEnvironmentRepository - Adding property source: Config resource 'file [/Users/philipheur/practice/gradle/HShop/config-repo/application.yml]' via location 'file:///Users/philipheur/practice/gradle/HShop/config-repo/'
2024-03-19 23:53:37 [http-nio-8888-exec-2] INFO  o.s.c.c.s.e.NativeEnvironmentRepository - Adding property source: Config resource 'file [/Users/philipheur/practice/gradle/HShop/config-repo/catalog-service.yml]' via location 'file:///Users/philipheur/practice/gradle/HShop/config-repo/'
2024-03-19 23:53:37 [http-nio-8888-exec-2] INFO  o.s.c.c.s.e.NativeEnvironmentRepository - Adding property source: Config resource 'file [/Users/philipheur/practice/gradle/HShop/config-repo/application.yml]' via location 'file:///Users/philipheur/practice/gradle/HShop/config-repo/'
2024-03-19 23:55:46 [http-nio-8888-exec-4] INFO  o.s.c.c.s.e.NativeEnvironmentRepository - Adding property source: Config resource 'file [/Users/philipheur/practice/gradle/HShop/config-repo/catalog-service.yml]' via location 'file:///Users/philipheur/practice/gradle/HShop/config-repo/'
2024-03-19 23:55:46 [http-nio-8888-exec-4] INFO  o.s.c.c.s.e.NativeEnvironmentRepository - Adding property source: Config resource 'file [/Users/philipheur/practice/gradle/HShop/config-repo/application.yml]' via location 'file:///Users/philipheur/practice/gradle/HShop/config-repo/'
2024-03-19 23:59:15 [http-nio-8888-exec-5] INFO  o.s.c.c.s.e.NativeEnvironmentRepository - Adding property source: Config resource 'file [/Users/philipheur/practice/gradle/HShop/config-repo/catalog-service.yml]' via location 'file:///Users/philipheur/practice/gradle/HShop/config-repo/'
2024-03-19 23:59:15 [http-nio-8888-exec-5] INFO  o.s.c.c.s.e.NativeEnvironmentRepository - Adding property source: Config resource 'file [/Users/philipheur/practice/gradle/HShop/config-repo/application.yml]' via location 'file:///Users/philipheur/practice/gradle/HShop/config-repo/'
2024-03-19 23:59:36 [http-nio-8888-exec-7] INFO  o.s.c.c.s.e.NativeEnvironmentRepository - Adding property source: Config resource 'file [/Users/philipheur/practice/gradle/HShop/config-repo/catalog-service.yml]' via location 'file:///Users/philipheur/practice/gradle/HShop/config-repo/'
2024-03-19 23:59:36 [http-nio-8888-exec-7] INFO  o.s.c.c.s.e.NativeEnvironmentRepository - Adding property source: Config resource 'file [/Users/philipheur/practice/gradle/HShop/config-repo/application.yml]' via location 'file:///Users/philipheur/practice/gradle/HShop/config-repo/'
